<?xml version="1.0" encoding="UTF-8"?>
<!-- Generated by org.testng.reporters.JUnitReportReporter -->
<testsuite skipped="0" hostname="Testriq-L17" name="com.qa.Prod_IgniteUIPageTestcases.Prod_SitesUIPageTest" tests="17" failures="0" timestamp="25 Mar 2020 08:22:25 GMT" time="124.711" errors="0">
  <testcase name="clickOnProd_DefaultLocationAndGeostixAutomation" time="17.553" classname="com.qa.Prod_IgniteUIPageTestcases.Prod_SitesUIPageTest"/>
  <testcase name="GoToSitesTab" time="3.096" classname="com.qa.Prod_IgniteUIPageTestcases.Prod_SitesUIPageTest"/>
  <testcase name="VerifySitesTab" time="7.663" classname="com.qa.Prod_IgniteUIPageTestcases.Prod_SitesUIPageTest"/>
  <testcase name="GoToSites_Config" time="2.104" classname="com.qa.Prod_IgniteUIPageTestcases.Prod_SitesUIPageTest"/>
  <testcase name="VerifySites_ConfigTab" time="8.656" classname="com.qa.Prod_IgniteUIPageTestcases.Prod_SitesUIPageTest"/>
  <testcase name="GoToSites_ConfigAdmin" time="2.126" classname="com.qa.Prod_IgniteUIPageTestcases.Prod_SitesUIPageTest"/>
  <testcase name="VerifySites_ConfigAdminTab" time="7.691" classname="com.qa.Prod_IgniteUIPageTestcases.Prod_SitesUIPageTest"/>
  <testcase name="VerifySites_ConfigAdmin_AddAnotherTab" time="8.598" classname="com.qa.Prod_IgniteUIPageTestcases.Prod_SitesUIPageTest"/>
  <testcase name="VerifySites_ConfigAdmin_AddAnElementTab" time="8.250" classname="com.qa.Prod_IgniteUIPageTestcases.Prod_SitesUIPageTest"/>
  <testcase name="GoToSites_CouponsTab" time="2.119" classname="com.qa.Prod_IgniteUIPageTestcases.Prod_SitesUIPageTest"/>
  <testcase name="VerifySites_CouponsTab" time="6.165" classname="com.qa.Prod_IgniteUIPageTestcases.Prod_SitesUIPageTest"/>
  <testcase name="GoToSites_EventsTab" time="2.109" classname="com.qa.Prod_IgniteUIPageTestcases.Prod_SitesUIPageTest"/>
  <testcase name="VerifySites_EventsTab" time="35.875" classname="com.qa.Prod_IgniteUIPageTestcases.Prod_SitesUIPageTest"/>
  <testcase name="GoToSites_LocatorBuilderTab" time="2.108" classname="com.qa.Prod_IgniteUIPageTestcases.Prod_SitesUIPageTest"/>
  <testcase name="VerifySites_LocatorBuilderTab" time="2.963" classname="com.qa.Prod_IgniteUIPageTestcases.Prod_SitesUIPageTest"/>
  <testcase name="GoToSites_SnapChatTab" time="2.066" classname="com.qa.Prod_IgniteUIPageTestcases.Prod_SitesUIPageTest"/>
  <testcase name="VerifySites_SnapChatTab" time="5.569" classname="com.qa.Prod_IgniteUIPageTestcases.Prod_SitesUIPageTest"/>
</testsuite> <!-- com.qa.Prod_IgniteUIPageTestcases.Prod_SitesUIPageTest -->
