<?xml version="1.0" encoding="UTF-8"?>
<!-- Generated by org.testng.reporters.JUnitReportReporter -->
<testsuite skipped="0" hostname="Testriq-L17" name="com.qa.IgniteTestcases.LocationUIPageTest" tests="9" failures="0" timestamp="17 Mar 2020 08:04:00 GMT" time="65.396" errors="0">
  <testcase name="clickOnDefaultLocationAndGeostixAutomation" time="12.183" classname="com.qa.IgniteTestcases.LocationUIPageTest"/>
  <testcase name="VerifyLocationPage" time="2.153" classname="com.qa.IgniteTestcases.LocationUIPageTest"/>
  <testcase name="LocationManager" time="3.230" classname="com.qa.IgniteTestcases.LocationUIPageTest"/>
  <testcase name="LocationManager_AdvanceSearch" time="10.893" classname="com.qa.IgniteTestcases.LocationUIPageTest"/>
  <testcase name="LocationManager_AdvanceSearchTextFields" time="6.273" classname="com.qa.IgniteTestcases.LocationUIPageTest"/>
  <testcase name="LocationManager_AddLocation" time="10.995" classname="com.qa.IgniteTestcases.LocationUIPageTest"/>
  <testcase name="LocationManager_AddLocationTextField" time="7.756" classname="com.qa.IgniteTestcases.LocationUIPageTest"/>
  <testcase name="VerifyNewDealerApprovalQueue" time="4.331" classname="com.qa.IgniteTestcases.LocationUIPageTest"/>
  <testcase name="VerifySocialLocationManager" time="7.582" classname="com.qa.IgniteTestcases.LocationUIPageTest"/>
</testsuite> <!-- com.qa.IgniteTestcases.LocationUIPageTest -->
