<?xml version="1.0" encoding="UTF-8"?>
<!-- Generated by org.testng.reporters.JUnitReportReporter -->
<testsuite skipped="0" hostname="Ravi" name="com.b1.qa.testcases.WebCheckTestPage" tests="3" failures="0" timestamp="2021-01-04T17:44:07 IST" time="537.306" errors="0">
  <testcase name="VerifyMirketaWebPageAnd_BrokenLinks" time="227.203" classname="com.b1.qa.testcases.WebCheckTestPage"/>
  <system-out/>
  <testcase name="VerifyElixireHRWebPageAnd_BrokenLinks" time="222.350" classname="com.b1.qa.testcases.WebCheckTestPage"/>
  <system-out/>
  <testcase name="VerifyRoundRobinDistributorWebPageAnd_BrokenLinks" time="87.753" classname="com.b1.qa.testcases.WebCheckTestPage"/>
  <system-out/>
</testsuite> <!-- com.b1.qa.testcases.WebCheckTestPage -->
