<?xml version="1.0" encoding="UTF-8"?>
<!-- Generated by org.testng.reporters.JUnitReportReporter -->
<testsuite skipped="0" hostname="Testriq-L17" name="com.qa.Prod_IgniteUIPageTestcases.Prod_SitesPageTest" tests="10" failures="0" timestamp="05 Jun 2020 13:41:49 GMT" time="106.360" errors="0">
  <testcase name="clickOnProd_DefaultLocationAndGeostixAutomation" time="17.695" classname="com.qa.Prod_IgniteUIPageTestcases.Prod_SitesPageTest"/>
  <testcase name="C1674_VerifyClickonSitesTab" time="7.610" classname="com.qa.Prod_IgniteUIPageTestcases.Prod_SitesPageTest"/>
  <testcase name="C1655_Templates_VerifyallUIelementarepresent" time="3.265" classname="com.qa.Prod_IgniteUIPageTestcases.Prod_SitesPageTest"/>
  <testcase name="C1656_Configuration_VerifyallUIelementarepresent" time="11.945" classname="com.qa.Prod_IgniteUIPageTestcases.Prod_SitesPageTest"/>
  <testcase name="C1657_ConfigurationAdmin_VerifyallUIelementarepresent" time="24.298" classname="com.qa.Prod_IgniteUIPageTestcases.Prod_SitesPageTest"/>
  <testcase name="C1659_Coupons_VerifyallUIelementarepresent" time="11.748" classname="com.qa.Prod_IgniteUIPageTestcases.Prod_SitesPageTest"/>
  <testcase name="C1660_Events_VerifyallUIelementarepresent" time="8.394" classname="com.qa.Prod_IgniteUIPageTestcases.Prod_SitesPageTest"/>
  <testcase name="C1663_Events_VerifyUIelementsonAddNewEvent" time="7.699" classname="com.qa.Prod_IgniteUIPageTestcases.Prod_SitesPageTest"/>
  <testcase name="C1672_LocatorBuilder_VerifyallUIelementarepresent" time="7.036" classname="com.qa.Prod_IgniteUIPageTestcases.Prod_SitesPageTest"/>
  <testcase name="C1673_SnapCha_VerifyallUIelementarepresent" time="6.670" classname="com.qa.Prod_IgniteUIPageTestcases.Prod_SitesPageTest"/>
</testsuite> <!-- com.qa.Prod_IgniteUIPageTestcases.Prod_SitesPageTest -->
