<?xml version="1.0" encoding="UTF-8"?>
<!-- Generated by org.testng.reporters.JUnitReportReporter -->
<testsuite skipped="0" hostname="Testriq-L17" name="com.qa.Prod_IgniteUIPageTestcases.Prod_LocationUIPageTest" tests="9" failures="0" timestamp="25 Mar 2020 08:22:25 GMT" time="96.744" errors="0">
  <testcase name="clickOnProd_DefaultLocationAndGeostixAutomation" time="36.239" classname="com.qa.Prod_IgniteUIPageTestcases.Prod_LocationUIPageTest"/>
  <testcase name="VerifyLocationPage" time="2.147" classname="com.qa.Prod_IgniteUIPageTestcases.Prod_LocationUIPageTest"/>
  <testcase name="LocationManager" time="3.342" classname="com.qa.Prod_IgniteUIPageTestcases.Prod_LocationUIPageTest"/>
  <testcase name="LocationManager_AdvanceSearch" time="10.774" classname="com.qa.Prod_IgniteUIPageTestcases.Prod_LocationUIPageTest"/>
  <testcase name="LocationManager_AdvanceSearchTextFields" time="6.314" classname="com.qa.Prod_IgniteUIPageTestcases.Prod_LocationUIPageTest"/>
  <testcase name="LocationManager_AddLocation" time="11.032" classname="com.qa.Prod_IgniteUIPageTestcases.Prod_LocationUIPageTest"/>
  <testcase name="LocationManager_AddLocationTextField" time="7.724" classname="com.qa.Prod_IgniteUIPageTestcases.Prod_LocationUIPageTest"/>
  <testcase name="VerifyNewDealerApprovalQueue" time="9.689" classname="com.qa.Prod_IgniteUIPageTestcases.Prod_LocationUIPageTest"/>
  <testcase name="VerifySocialLocationManager" time="9.483" classname="com.qa.Prod_IgniteUIPageTestcases.Prod_LocationUIPageTest"/>
</testsuite> <!-- com.qa.Prod_IgniteUIPageTestcases.Prod_LocationUIPageTest -->
