<?xml version="1.0" encoding="UTF-8"?>
<!-- Generated by org.testng.reporters.JUnitReportReporter -->
<testsuite skipped="0" hostname="Testriq-L17" name="com.b1.qa.testcases.NEDPAddDeleteStationTest" tests="5" failures="0" timestamp="11 Aug 2019 11:45:41 GMT" time="58.301" errors="0">
  <testcase name="EnterHomePageUrl" time="3.065" classname="com.b1.qa.testcases.NEDPAddDeleteStationTest"/>
  <testcase name="AddStation" time="28.051" classname="com.b1.qa.testcases.NEDPAddDeleteStationTest"/>
  <testcase name="VerifyAddedStation" time="7.311" classname="com.b1.qa.testcases.NEDPAddDeleteStationTest"/>
  <testcase name="ConfigSession" time="15.779" classname="com.b1.qa.testcases.NEDPAddDeleteStationTest"/>
  <testcase name="StartTestStation" time="4.095" classname="com.b1.qa.testcases.NEDPAddDeleteStationTest"/>
</testsuite> <!-- com.b1.qa.testcases.NEDPAddDeleteStationTest -->
