<?xml version="1.0" encoding="UTF-8"?>
<!-- Generated by org.testng.reporters.JUnitReportReporter -->
<testsuite skipped="0" hostname="Testriq-L17" name="com.b1.qa.LocationPageTest_TestRail.Locations_HealthPageTest" tests="10" failures="0" timestamp="12 Jun 2020 07:03:07 GMT" time="301.093" errors="0">
  <testcase name="clickOnContextAndSelectCheesecake" time="7.487" classname="com.b1.qa.LocationPageTest_TestRail.Locations_HealthPageTest"/>
  <testcase name="C660_VerifyHealthOverviewUI" time="10.219" classname="com.b1.qa.LocationPageTest_TestRail.Locations_HealthPageTest"/>
  <testcase name="C1315_VerifyHealthOverviewUIwhenasinglelocationisselectedintheContext" time="9.205" classname="com.b1.qa.LocationPageTest_TestRail.Locations_HealthPageTest"/>
  <testcase name="C1316_VerifythedatepickerfunctionalitywhenasinglelocationisselectedintheContext" time="3.639" classname="com.b1.qa.LocationPageTest_TestRail.Locations_HealthPageTest"/>
  <testcase name="C1317_ChecktheexportfunctionalitywhenasinglelocationisselectedintheContext" time="31.419" classname="com.b1.qa.LocationPageTest_TestRail.Locations_HealthPageTest"/>
  <testcase name="C661_VerifythatclickingonthedatacellfromthetableredirectstotheHealthpagefilteredbytheissuetypeandthepublisherselected" time="28.064" classname="com.b1.qa.LocationPageTest_TestRail.Locations_HealthPageTest"/>
  <testcase name="C1329_VerifyHealthpageUI" time="2.005" classname="com.b1.qa.LocationPageTest_TestRail.Locations_HealthPageTest"/>
  <testcase name="C662_Verifythefilterfunctionality" time="126.334" classname="com.b1.qa.LocationPageTest_TestRail.Locations_HealthPageTest"/>
  <testcase name="C1339_Checkthatthenumbersdisplayedbytheiconscorrespondtonumbersofthevaluesinthetableresultedperfiltersselected" time="9.596" classname="com.b1.qa.LocationPageTest_TestRail.Locations_HealthPageTest"/>
  <testcase name="C1340_Verifythetabledata" time="73.125" classname="com.b1.qa.LocationPageTest_TestRail.Locations_HealthPageTest"/>
</testsuite> <!-- com.b1.qa.LocationPageTest_TestRail.Locations_HealthPageTest -->
