<?xml version="1.0" encoding="UTF-8"?>
<!-- Generated by org.testng.reporters.JUnitReportReporter -->
<testsuite skipped="0" hostname="Testriq-L17" name="com.b1.qa.testcases.LoginURLPageTest" tests="2" failures="0" timestamp="09 Mar 2020 06:51:51 GMT" time="13.920" errors="0">
  <testcase name="VerifySecureURL" time="9.917" classname="com.b1.qa.testcases.LoginURLPageTest"/>
  <testcase name="VerifyUrlAfterLogin" time="4.003" classname="com.b1.qa.testcases.LoginURLPageTest"/>
</testsuite> <!-- com.b1.qa.testcases.LoginURLPageTest -->
