<?xml version="1.0" encoding="UTF-8"?>
<!-- Generated by org.testng.reporters.JUnitReportReporter -->
<testsuite skipped="0" hostname="Testriq-L17" name="com.qa.IgniteTestcases.MonitorPage_TestRailTest" tests="8" failures="0" timestamp="03 Jun 2020 10:16:56 GMT" time="44.924" errors="0">
  <testcase name="clickOnDefaultLocationAndGeostixAutomation" time="15.555" classname="com.qa.IgniteTestcases.MonitorPage_TestRailTest"/>
  <testcase name="C814_VerifyClickon_MonitorTab" time="5.099" classname="com.qa.IgniteTestcases.MonitorPage_TestRailTest"/>
  <testcase name="C1032_Verifyclickeachtab" time="2.291" classname="com.qa.IgniteTestcases.MonitorPage_TestRailTest"/>
  <testcase name="C813_ReviewMonitor_VerifyallUIelementarepresent" time="2.582" classname="com.qa.IgniteTestcases.MonitorPage_TestRailTest"/>
  <testcase name="C1033_VerifyfilteronReviewMonitorpage" time="2.826" classname="com.qa.IgniteTestcases.MonitorPage_TestRailTest"/>
  <testcase name="C811_JobScheduler_VerifyallUIelementarepresent" time="2.149" classname="com.qa.IgniteTestcases.MonitorPage_TestRailTest"/>
  <testcase name="VerifyMonitor_JobSchedulerTab_generalSettings" time="9.115" classname="com.qa.IgniteTestcases.MonitorPage_TestRailTest"/>
  <testcase name="C810_Configuration_VerifyallUIelementarepresent" time="5.307" classname="com.qa.IgniteTestcases.MonitorPage_TestRailTest"/>
</testsuite> <!-- com.qa.IgniteTestcases.MonitorPage_TestRailTest -->
