<?xml version="1.0" encoding="UTF-8"?>
<!-- Generated by org.testng.reporters.JUnitReportReporter -->
<testsuite skipped="0" hostname="Testriq-L17" name="com.qa.Prod_IgniteUIPageTestcases.Prod_HelpUIPageTest" tests="3" failures="0" timestamp="25 Mar 2020 08:22:25 GMT" time="43.667" errors="0">
  <testcase name="clickOnProd_DefaultLocationAndGeostixAutomation" time="31.738" classname="com.qa.Prod_IgniteUIPageTestcases.Prod_HelpUIPageTest"/>
  <testcase name="ClickOnHelpTab" time="2.835" classname="com.qa.Prod_IgniteUIPageTestcases.Prod_HelpUIPageTest"/>
  <testcase name="VerifyRedirectedHelpTab" time="9.094" classname="com.qa.Prod_IgniteUIPageTestcases.Prod_HelpUIPageTest"/>
</testsuite> <!-- com.qa.Prod_IgniteUIPageTestcases.Prod_HelpUIPageTest -->
