<?xml version="1.0" encoding="UTF-8"?>
<!-- Generated by org.testng.reporters.JUnitReportReporter -->
<testsuite skipped="0" hostname="Testriq-L17" name="com.qa.IgniteTestcases.LocationPage_TestRailTest" tests="55" failures="0" timestamp="03 Jun 2020 10:34:24 GMT" time="492.783" errors="0">
  <testcase name="clickOnDefaultLocationAndGeostixAutomation" time="13.410" classname="com.qa.IgniteTestcases.LocationPage_TestRailTest"/>
  <testcase name="C758_LocationMenu_VerifyAllUIElementArePresent" time="2.243" classname="com.qa.IgniteTestcases.LocationPage_TestRailTest"/>
  <testcase name="C757_Locationmenu_VerifyAllthetabsavailableonlocationpage" time="2.139" classname="com.qa.IgniteTestcases.LocationPage_TestRailTest"/>
  <testcase name="C923_VerifydifferenttabsinLocationsmenu" time="6.135" classname="com.qa.IgniteTestcases.LocationPage_TestRailTest"/>
  <testcase name="C924_VerifyUIelementsonLocationsManager" time="3.479" classname="com.qa.IgniteTestcases.LocationPage_TestRailTest"/>
  <testcase name="C759_AddLocation_VerifyallUIelementarepresent" time="17.520" classname="com.qa.IgniteTestcases.LocationPage_TestRailTest"/>
  <testcase name="C760_Advancesearch_VerifyallUIelementarepresent" time="15.223" classname="com.qa.IgniteTestcases.LocationPage_TestRailTest"/>
  <testcase name="C926_PerformBasicSearch" time="10.393" classname="com.qa.IgniteTestcases.LocationPage_TestRailTest"/>
  <testcase name="C927_PerformBasicSearchwithCountry" time="7.543" classname="com.qa.IgniteTestcases.LocationPage_TestRailTest"/>
  <testcase name="C928_PerformBasicSearchwithSearchRadius" time="8.306" classname="com.qa.IgniteTestcases.LocationPage_TestRailTest"/>
  <testcase name="C929_PerformBasicSearchusingKMasUOM" time="6.066" classname="com.qa.IgniteTestcases.LocationPage_TestRailTest"/>
  <testcase name="C930_PerformBasicSearchusingMilesasUOM" time="6.171" classname="com.qa.IgniteTestcases.LocationPage_TestRailTest"/>
  <testcase name="C931_PerformanAdvancedSearch" time="14.033" classname="com.qa.IgniteTestcases.LocationPage_TestRailTest"/>
  <testcase name="Verify_C931_PerformAdvancedSearch" time="2.119" classname="com.qa.IgniteTestcases.LocationPage_TestRailTest"/>
  <testcase name="C932_CreateaNewLocation" time="20.712" classname="com.qa.IgniteTestcases.LocationPage_TestRailTest"/>
  <testcase name="Verify_C932_CreateNewLocation" time="2.077" classname="com.qa.IgniteTestcases.LocationPage_TestRailTest"/>
  <testcase name="Search_C932_CreatedLocation" time="14.115" classname="com.qa.IgniteTestcases.LocationPage_TestRailTest"/>
  <testcase name="C933_UpdateanExistingLocation" time="14.519" classname="com.qa.IgniteTestcases.LocationPage_TestRailTest"/>
  <testcase name="Verify_C933_UpdateExistingLocation" time="2.087" classname="com.qa.IgniteTestcases.LocationPage_TestRailTest"/>
  <testcase name="C935_MoveanExistingLocation" time="15.267" classname="com.qa.IgniteTestcases.LocationPage_TestRailTest"/>
  <testcase name="Verify_C935_MoveExistingLocation" time="2.111" classname="com.qa.IgniteTestcases.LocationPage_TestRailTest"/>
  <testcase name="C934_DeleteanExistingLocation" time="17.284" classname="com.qa.IgniteTestcases.LocationPage_TestRailTest"/>
  <testcase name="C936_VerifyZoom_in_outandPanMap" time="20.254" classname="com.qa.IgniteTestcases.LocationPage_TestRailTest"/>
  <testcase name="C937_Performbasicsearchwithaninaccuratematch" time="11.387" classname="com.qa.IgniteTestcases.LocationPage_TestRailTest"/>
  <testcase name="C938_Performadvancedsearchwithnosearchcriteria" time="15.616" classname="com.qa.IgniteTestcases.LocationPage_TestRailTest"/>
  <testcase name="Verify_C938_PerformAdvancedSearchWithNoSearchCriteria" time="4.678" classname="com.qa.IgniteTestcases.LocationPage_TestRailTest"/>
  <testcase name="C939_Searchwithnosearchcriteria" time="14.929" classname="com.qa.IgniteTestcases.LocationPage_TestRailTest"/>
  <testcase name="C940_Addlocationwithblankdata" time="13.992" classname="com.qa.IgniteTestcases.LocationPage_TestRailTest"/>
  <testcase name="C941_Addnon_geocodedlocation" time="14.367" classname="com.qa.IgniteTestcases.LocationPage_TestRailTest"/>
  <testcase name="Verify_C941_AddNon_GeocodedLocation" time="8.280" classname="com.qa.IgniteTestcases.LocationPage_TestRailTest"/>
  <testcase name="C942_Performbasicsearchthatreturnsnosearchresults" time="6.822" classname="com.qa.IgniteTestcases.LocationPage_TestRailTest"/>
  <testcase name="Verify_C942_PerformBasicSearchthatReturnsNoSearchResults" time="4.142" classname="com.qa.IgniteTestcases.LocationPage_TestRailTest"/>
  <testcase name="C943_UserperformsbasicsearchusinganaddresswithintheUScountrybyselectingspecificcountry" time="13.592" classname="com.qa.IgniteTestcases.LocationPage_TestRailTest"/>
  <testcase name="C944_UserperformsbasicsearchusinganaddressoutsidetheUScountrybyselectingspecificcountry" time="11.541" classname="com.qa.IgniteTestcases.LocationPage_TestRailTest"/>
  <testcase name="C945_UserperformsanadvancedsearchusinganaddresswithintheUScountrywithoutselectingspecificcountry" time="13.751" classname="com.qa.IgniteTestcases.LocationPage_TestRailTest"/>
  <testcase name="Verify_C945_UserPerformsAnAdvancedSearchUsingAddressWithinTheUSCountryWithoutSelectingSpecificCountry" time="4.688" classname="com.qa.IgniteTestcases.LocationPage_TestRailTest"/>
  <testcase name="C946_UserperformsanadvancedsearchusinganaddressoutsidetheUScountrywithoutselectingspecificcountry" time="10.465" classname="com.qa.IgniteTestcases.LocationPage_TestRailTest"/>
  <testcase name="Verify_C946_UserPerformsAdvancedSearchUsingAddressOutsideUSCountryWithoutSelectingSpecificCountry" time="3.626" classname="com.qa.IgniteTestcases.LocationPage_TestRailTest"/>
  <testcase name="C947_UserperformsadvancedsearchusinganaddresswithintheUScountrybyselectingspecificcountry" time="9.075" classname="com.qa.IgniteTestcases.LocationPage_TestRailTest"/>
  <testcase name="Verify_C947_UserPerformsAdvancedSearchUsingAddressWithinTheUSCountryBySelectingSpecificCountry" time="3.622" classname="com.qa.IgniteTestcases.LocationPage_TestRailTest"/>
  <testcase name="C948_UserperformsanadvancedsearchusingaddressoutsidetheUScountrybyselectingspecificcountry" time="9.058" classname="com.qa.IgniteTestcases.LocationPage_TestRailTest"/>
  <testcase name="Verify_C948_UserPerformsAdvancedSearchUsingAddressOutsideTheUSCountryBySelectingSpecificCountry" time="3.605" classname="com.qa.IgniteTestcases.LocationPage_TestRailTest"/>
  <testcase name="C951_Userperformsanadvancedsearchwithoutenteringanyvalidsearchcriteriaandbyselectingspecificcountry" time="8.863" classname="com.qa.IgniteTestcases.LocationPage_TestRailTest"/>
  <testcase name="Verify_C951_UserPerformsAdvancedSearchWithoutEnteringAnyValidSearchCriteriaAndBySelectingSpecificCountry" time="4.182" classname="com.qa.IgniteTestcases.LocationPage_TestRailTest"/>
  <testcase name="C952_Userperformsanadvancesearchandselectscountrywithstate" time="8.811" classname="com.qa.IgniteTestcases.LocationPage_TestRailTest"/>
  <testcase name="Verify_C952_UserPerformsAdvanceSearchAndSelectsCountryWithState" time="2.100" classname="com.qa.IgniteTestcases.LocationPage_TestRailTest"/>
  <testcase name="C953_Userperformsanadvancesearchandselectscountrywithoutstate" time="5.167" classname="com.qa.IgniteTestcases.LocationPage_TestRailTest"/>
  <testcase name="Verify_C953_UserPerformsAdvanceSearchAndSelectsCountryWithoutState" time="4.160" classname="com.qa.IgniteTestcases.LocationPage_TestRailTest"/>
  <testcase name="C949_UserPerformsBasicSearchWithoutEnteringValidAddressAndWithoutSelectingSpecificCountry" time="4.655" classname="com.qa.IgniteTestcases.LocationPage_TestRailTest"/>
  <testcase name="Verify_C949_Userperformsbasicsearchwithoutenteringvalidaddressandwithoutselectingspecificcountry" time="6.672" classname="com.qa.IgniteTestcases.LocationPage_TestRailTest"/>
  <testcase name="C950_Userperformsbasicsearchwithoutenteringvalidaddressandbyselectingspecificcountry" time="7.769" classname="com.qa.IgniteTestcases.LocationPage_TestRailTest"/>
  <testcase name="Verify_C950_UserPerformsBasicSearchWithoutEnteringValidAddressAndBySelectingSpecificCountry" time="6.650" classname="com.qa.IgniteTestcases.LocationPage_TestRailTest"/>
  <testcase name="C761_VerifyallUIelementarepresent" time="8.573" classname="com.qa.IgniteTestcases.LocationPage_TestRailTest"/>
  <testcase name="C762_LocationListing_VerifyallUIelementarepresent" time="10.583" classname="com.qa.IgniteTestcases.LocationPage_TestRailTest"/>
  <testcase name="C763_AdvanceSearch_VerifyAllUIElementArePresent" time="14.156" classname="com.qa.IgniteTestcases.LocationPage_TestRailTest"/>
</testsuite> <!-- com.qa.IgniteTestcases.LocationPage_TestRailTest -->
