<?xml version="1.0" encoding="UTF-8"?>
<!-- Generated by org.testng.reporters.JUnitReportReporter -->
<testsuite skipped="0" hostname="Testriq-L17" name="com.b1.qa.DemoPageTestcases.DemoPageReviewsTest" tests="31" failures="0" timestamp="03 Jun 2019 06:20:30 GMT" time="101.522" errors="0">
  <testcase name="clickOnContextAndSelectFR" time="7.088" classname="com.b1.qa.DemoPageTestcases.DemoPageReviewsTest"/>
  <testcase name="checkReviewEnable" time="3.878" classname="com.b1.qa.DemoPageTestcases.DemoPageReviewsTest"/>
  <testcase name="clickOnReviews" time="3.306" classname="com.b1.qa.DemoPageTestcases.DemoPageReviewsTest"/>
  <testcase name="totalCountOnDefault" time="2.320" classname="com.b1.qa.DemoPageTestcases.DemoPageReviewsTest"/>
  <testcase name="clickOnPostingDate" time="1.148" classname="com.b1.qa.DemoPageTestcases.DemoPageReviewsTest"/>
  <testcase name="TotalCountOnAllTime" time="2.201" classname="com.b1.qa.DemoPageTestcases.DemoPageReviewsTest"/>
  <testcase name="VerifyDefaultReviewText" time="0.036" classname="com.b1.qa.DemoPageTestcases.DemoPageReviewsTest"/>
  <testcase name="AllReviews" time="0.436" classname="com.b1.qa.DemoPageTestcases.DemoPageReviewsTest"/>
  <testcase name="VerifyRespondFeature" time="4.090" classname="com.b1.qa.DemoPageTestcases.DemoPageReviewsTest"/>
  <testcase name="VerifySourceProvider" time="5.681" classname="com.b1.qa.DemoPageTestcases.DemoPageReviewsTest"/>
  <testcase name="CheckGoogleImage" time="3.080" classname="com.b1.qa.DemoPageTestcases.DemoPageReviewsTest"/>
  <testcase name="checkFacebookImage" time="5.187" classname="com.b1.qa.DemoPageTestcases.DemoPageReviewsTest"/>
  <testcase name="checkTripAdvisorImage" time="7.718" classname="com.b1.qa.DemoPageTestcases.DemoPageReviewsTest"/>
  <testcase name="verifyTripAdvisorSubmitOption" time="0.458" classname="com.b1.qa.DemoPageTestcases.DemoPageReviewsTest"/>
  <testcase name="googleSourceProvider" time="0.397" classname="com.b1.qa.DemoPageTestcases.DemoPageReviewsTest"/>
  <testcase name="VerifyReviewStatus" time="6.809" classname="com.b1.qa.DemoPageTestcases.DemoPageReviewsTest"/>
  <testcase name="VerifyResetReviewStatus" time="4.493" classname="com.b1.qa.DemoPageTestcases.DemoPageReviewsTest"/>
  <testcase name="VerifyRatingsReviewStatus" time="2.182" classname="com.b1.qa.DemoPageTestcases.DemoPageReviewsTest"/>
  <testcase name="VerifyRatingsReviewStatusFor5Star" time="2.391" classname="com.b1.qa.DemoPageTestcases.DemoPageReviewsTest"/>
  <testcase name="VerifyRatingsReviewStatusFor3Star" time="4.597" classname="com.b1.qa.DemoPageTestcases.DemoPageReviewsTest"/>
  <testcase name="VerifyRatingsReviewStatusForNoRating" time="4.539" classname="com.b1.qa.DemoPageTestcases.DemoPageReviewsTest"/>
  <testcase name="VerifyAddFilterDropDownLIst" time="6.403" classname="com.b1.qa.DemoPageTestcases.DemoPageReviewsTest"/>
  <testcase name="VerifyTotalReviewsFor10" time="2.602" classname="com.b1.qa.DemoPageTestcases.DemoPageReviewsTest"/>
  <testcase name="VerifyTotalReviewsFor25" time="2.164" classname="com.b1.qa.DemoPageTestcases.DemoPageReviewsTest"/>
  <testcase name="VerifyTotalReviewsFor50" time="2.680" classname="com.b1.qa.DemoPageTestcases.DemoPageReviewsTest"/>
  <testcase name="VerifyTotalReviewsFor100" time="3.717" classname="com.b1.qa.DemoPageTestcases.DemoPageReviewsTest"/>
  <testcase name="VerifyTagsFunctionality" time="0.414" classname="com.b1.qa.DemoPageTestcases.DemoPageReviewsTest"/>
  <testcase name="addSaveFilter" time="7.688" classname="com.b1.qa.DemoPageTestcases.DemoPageReviewsTest"/>
  <testcase name="DeleteFilter" time="1.464" classname="com.b1.qa.DemoPageTestcases.DemoPageReviewsTest"/>
  <testcase name="AddFilter" time="2.122" classname="com.b1.qa.DemoPageTestcases.DemoPageReviewsTest"/>
  <testcase name="RemoveFilter" time="0.233" classname="com.b1.qa.DemoPageTestcases.DemoPageReviewsTest"/>
</testsuite> <!-- com.b1.qa.DemoPageTestcases.DemoPageReviewsTest -->
