<?xml version="1.0" encoding="UTF-8"?>
<!-- Generated by org.testng.reporters.JUnitReportReporter -->
<testsuite skipped="0" hostname="Testriq-L17" name="com.qa.IgniteTestcases.LocationPageTest" tests="46" failures="0" timestamp="12 May 2020 04:08:54 GMT" time="411.460" errors="0">
  <testcase name="clickOnDefaultLocationAndGeostixAutomation" time="14.241" classname="com.qa.IgniteTestcases.LocationPageTest"/>
  <testcase name="C926_PerformBasicSearch" time="5.476" classname="com.qa.IgniteTestcases.LocationPageTest"/>
  <testcase name="C927_PerformBasicSearchWithCountry" time="6.107" classname="com.qa.IgniteTestcases.LocationPageTest"/>
  <testcase name="C928_PerformBasicSearchwithSearchRadius" time="8.322" classname="com.qa.IgniteTestcases.LocationPageTest"/>
  <testcase name="C929_PerformBasicSearchUsingKMasUOM" time="6.356" classname="com.qa.IgniteTestcases.LocationPageTest"/>
  <testcase name="C930_PerformBasicSearchUsingMilesasUOM" time="6.437" classname="com.qa.IgniteTestcases.LocationPageTest"/>
  <testcase name="C931_PerformAdvancedSearch" time="14.108" classname="com.qa.IgniteTestcases.LocationPageTest"/>
  <testcase name="Verify_C931_PerformAdvancedSearch" time="2.165" classname="com.qa.IgniteTestcases.LocationPageTest"/>
  <testcase name="C932_CreateNewLocation" time="20.693" classname="com.qa.IgniteTestcases.LocationPageTest"/>
  <testcase name="Verify_C932_CreateNewLocation" time="2.065" classname="com.qa.IgniteTestcases.LocationPageTest"/>
  <testcase name="Search_C932_CreatedLocation" time="14.340" classname="com.qa.IgniteTestcases.LocationPageTest"/>
  <testcase name="C933_UpdateExistingLocation" time="14.658" classname="com.qa.IgniteTestcases.LocationPageTest"/>
  <testcase name="Verify_C933_UpdateExistingLocation" time="2.100" classname="com.qa.IgniteTestcases.LocationPageTest"/>
  <testcase name="C935_MoveExistingLocation" time="15.378" classname="com.qa.IgniteTestcases.LocationPageTest"/>
  <testcase name="Verify_C935_MoveExistingLocation" time="2.171" classname="com.qa.IgniteTestcases.LocationPageTest"/>
  <testcase name="C934_DeleteExistingLocation" time="17.341" classname="com.qa.IgniteTestcases.LocationPageTest"/>
  <testcase name="C936_VerifyZoomInOutAndPanMap" time="20.429" classname="com.qa.IgniteTestcases.LocationPageTest"/>
  <testcase name="C937_PerformBasicSearchWithInaccurateMatch" time="11.547" classname="com.qa.IgniteTestcases.LocationPageTest"/>
  <testcase name="C938_PerformAdvancedSearchWithNoSearchCriteria" time="16.271" classname="com.qa.IgniteTestcases.LocationPageTest"/>
  <testcase name="Verify_C938_PerformAdvancedSearchWithNoSearchCriteria" time="4.681" classname="com.qa.IgniteTestcases.LocationPageTest"/>
  <testcase name="C939_SearchWithNoSearchCriteria" time="15.077" classname="com.qa.IgniteTestcases.LocationPageTest"/>
  <testcase name="C940_AddLocationWithBlankData" time="14.065" classname="com.qa.IgniteTestcases.LocationPageTest"/>
  <testcase name="C941_AddNon_GeocodedLocation" time="14.452" classname="com.qa.IgniteTestcases.LocationPageTest"/>
  <testcase name="Verify_C941_AddNon_GeocodedLocation" time="8.228" classname="com.qa.IgniteTestcases.LocationPageTest"/>
  <testcase name="C942_PerformBasicSearchthatReturnsNoSearchResults" time="6.925" classname="com.qa.IgniteTestcases.LocationPageTest"/>
  <testcase name="Verify_C942_PerformBasicSearchthatReturnsNoSearchResults" time="4.230" classname="com.qa.IgniteTestcases.LocationPageTest"/>
  <testcase name="C943_UserPerformsBasicSearchUsingAddressWithinTheUSCountryBySelectingSpecificCountry" time="13.802" classname="com.qa.IgniteTestcases.LocationPageTest"/>
  <testcase name="C944_UserPerformsBasicSearchUsingAddressOutsideTheUSCountryBySelectingSpecificCountry" time="11.696" classname="com.qa.IgniteTestcases.LocationPageTest"/>
  <testcase name="C945_UserPerformsAnAdvancedSearchUsingAddressWithinTheUSCountryWithoutSelectingSpecificCountry" time="14.479" classname="com.qa.IgniteTestcases.LocationPageTest"/>
  <testcase name="Verify_C945_UserPerformsAnAdvancedSearchUsingAddressWithinTheUSCountryWithoutSelectingSpecificCountry" time="4.622" classname="com.qa.IgniteTestcases.LocationPageTest"/>
  <testcase name="C946_UserPerformsAdvancedSearchUsingAddressOutsideUSCountryWithoutSelectingSpecificCountry" time="10.603" classname="com.qa.IgniteTestcases.LocationPageTest"/>
  <testcase name="Verify_C946_UserPerformsAdvancedSearchUsingAddressOutsideUSCountryWithoutSelectingSpecificCountry" time="3.642" classname="com.qa.IgniteTestcases.LocationPageTest"/>
  <testcase name="C947_UserPerformsAdvancedSearchUsingAddressWithinTheUSCountryBySelectingSpecificCountry" time="9.139" classname="com.qa.IgniteTestcases.LocationPageTest"/>
  <testcase name="Verify_C947_UserPerformsAdvancedSearchUsingAddressWithinTheUSCountryBySelectingSpecificCountry" time="3.644" classname="com.qa.IgniteTestcases.LocationPageTest"/>
  <testcase name="C948_UserPerformsAdvancedSearchUsingAddressOutsideTheUSCountryBySelectingSpecificCountry" time="9.125" classname="com.qa.IgniteTestcases.LocationPageTest"/>
  <testcase name="Verify_C948_UserPerformsAdvancedSearchUsingAddressOutsideTheUSCountryBySelectingSpecificCountry" time="3.572" classname="com.qa.IgniteTestcases.LocationPageTest"/>
  <testcase name="C951_UserPerformsAdvancedSearchWithoutEnteringAnyValidSearchCriteriaAndBySelectingSpecificCountry" time="8.960" classname="com.qa.IgniteTestcases.LocationPageTest"/>
  <testcase name="Verify_C951_UserPerformsAdvancedSearchWithoutEnteringAnyValidSearchCriteriaAndBySelectingSpecificCountry" time="4.204" classname="com.qa.IgniteTestcases.LocationPageTest"/>
  <testcase name="C952_UserPerformsAdvanceSearchAndSelectsCountryWithState" time="8.906" classname="com.qa.IgniteTestcases.LocationPageTest"/>
  <testcase name="Verify_C952_UserPerformsAdvanceSearchAndSelectsCountryWithState" time="2.084" classname="com.qa.IgniteTestcases.LocationPageTest"/>
  <testcase name="C953_UserPerformsAdvanceSearchAndSelectsCountryWithoutState" time="5.148" classname="com.qa.IgniteTestcases.LocationPageTest"/>
  <testcase name="Verify_C953_UserPerformsAdvanceSearchAndSelectsCountryWithoutState" time="4.136" classname="com.qa.IgniteTestcases.LocationPageTest"/>
  <testcase name="C949_UserPerformsBasicSearchWithoutEnteringValidAddressAndWithoutSelectingSpecificCountry" time="4.610" classname="com.qa.IgniteTestcases.LocationPageTest"/>
  <testcase name="Verify_C949_UserPerformsBasicSearchWithoutEnteringValidAddressAndWithoutSelectingSpecificCountry" time="6.731" classname="com.qa.IgniteTestcases.LocationPageTest"/>
  <testcase name="C950_UserPerformsBasicSearchWithoutEnteringValidAddressAndBySelectingSpecificCountry" time="7.801" classname="com.qa.IgniteTestcases.LocationPageTest"/>
  <testcase name="Verify_C950_UserPerformsBasicSearchWithoutEnteringValidAddressAndBySelectingSpecificCountry" time="6.693" classname="com.qa.IgniteTestcases.LocationPageTest"/>
</testsuite> <!-- com.qa.IgniteTestcases.LocationPageTest -->
