<?xml version="1.0" encoding="UTF-8"?>
<!-- Generated by org.testng.reporters.JUnitReportReporter -->
<testsuite skipped="0" hostname="Testriq-L17" name="com.qa.IgniteTestcases.ClaimingUIPageTest" tests="18" failures="0" timestamp="17 Mar 2020 08:04:00 GMT" time="101.084" errors="0">
  <testcase name="clickOnDefaultLocationAndGeostixAutomation" time="18.618" classname="com.qa.IgniteTestcases.ClaimingUIPageTest"/>
  <testcase name="GoToClaiming" time="3.124" classname="com.qa.IgniteTestcases.ClaimingUIPageTest"/>
  <testcase name="VerifyClaiming_ColumnMapTab" time="5.439" classname="com.qa.IgniteTestcases.ClaimingUIPageTest"/>
  <testcase name="VerifyClaiming_ColumnMap_PopUPFormTab" time="2.216" classname="com.qa.IgniteTestcases.ClaimingUIPageTest"/>
  <testcase name="GoToClaiming_OnDemand" time="2.128" classname="com.qa.IgniteTestcases.ClaimingUIPageTest"/>
  <testcase name="VerifyClaiming_OnDemandTab" time="4.343" classname="com.qa.IgniteTestcases.ClaimingUIPageTest"/>
  <testcase name="GoToClaiming_Scheduled" time="2.062" classname="com.qa.IgniteTestcases.ClaimingUIPageTest"/>
  <testcase name="VerifyClaiming_ScheduledTab" time="4.066" classname="com.qa.IgniteTestcases.ClaimingUIPageTest"/>
  <testcase name="GoToClaiming_History" time="2.102" classname="com.qa.IgniteTestcases.ClaimingUIPageTest"/>
  <testcase name="VerifyClaiming_HistoryTab" time="8.292" classname="com.qa.IgniteTestcases.ClaimingUIPageTest"/>
  <testcase name="GoToClaiming_Config" time="2.112" classname="com.qa.IgniteTestcases.ClaimingUIPageTest"/>
  <testcase name="VerifyClaiming_ConfigurationTab" time="6.212" classname="com.qa.IgniteTestcases.ClaimingUIPageTest"/>
  <testcase name="GoToClaiming_ImportData" time="2.111" classname="com.qa.IgniteTestcases.ClaimingUIPageTest"/>
  <testcase name="VerifyClaiming_ImportDataTab" time="19.517" classname="com.qa.IgniteTestcases.ClaimingUIPageTest"/>
  <testcase name="GoToClaiming_ImportHistory" time="2.105" classname="com.qa.IgniteTestcases.ClaimingUIPageTest"/>
  <testcase name="VerifyClaiming_ImportHistoryTab" time="8.188" classname="com.qa.IgniteTestcases.ClaimingUIPageTest"/>
  <testcase name="GoToClaiming_DataOverride" time="2.102" classname="com.qa.IgniteTestcases.ClaimingUIPageTest"/>
  <testcase name="VerifyClaiming_DataOverrideTab" time="6.347" classname="com.qa.IgniteTestcases.ClaimingUIPageTest"/>
</testsuite> <!-- com.qa.IgniteTestcases.ClaimingUIPageTest -->
