<?xml version="1.0" encoding="UTF-8"?>
<!-- Generated by org.testng.reporters.JUnitReportReporter -->
<testsuite skipped="0" hostname="Ravi" name="com.b1.qa.testcases.WebCheckTestPage" tests="3" failures="0" timestamp="2021-01-06T17:19:23 IST" time="372.492" errors="0">
  <testcase name="VerifyMirketaWebPageAnd_BrokenLinks" time="174.485" classname="com.b1.qa.testcases.WebCheckTestPage"/>
  <system-out/>
  <testcase name="VerifyElixireHRWebPageAnd_BrokenLinks" time="120.289" classname="com.b1.qa.testcases.WebCheckTestPage"/>
  <system-out/>
  <testcase name="VerifyRoundRobinDistributorWebPageAnd_BrokenLinks" time="77.718" classname="com.b1.qa.testcases.WebCheckTestPage"/>
  <system-out/>
</testsuite> <!-- com.b1.qa.testcases.WebCheckTestPage -->
