<?xml version="1.0" encoding="UTF-8"?>
<!-- Generated by org.testng.reporters.JUnitReportReporter -->
<testsuite skipped="0" hostname="Testriq-L17" name="com.bq.qa.LocationPageTest_TestRail.Locations_CleansingPageTest" tests="7" failures="0" timestamp="03 Jun 2020 04:34:14 GMT" time="188.039" errors="0">
  <testcase name="clickOnContextAndSelectCheesecake" time="7.364" classname="com.bq.qa.LocationPageTest_TestRail.Locations_CleansingPageTest"/>
  <testcase name="Set_Preconditions" time="31.729" classname="com.bq.qa.LocationPageTest_TestRail.Locations_CleansingPageTest"/>
  <testcase name="C654_VerifyCleansingUI" time="19.956" classname="com.bq.qa.LocationPageTest_TestRail.Locations_CleansingPageTest"/>
  <testcase name="C655_Verifyfilterfunctionality" time="68.941" classname="com.bq.qa.LocationPageTest_TestRail.Locations_CleansingPageTest"/>
  <testcase name="C657_Verifytabledata" time="27.863" classname="com.bq.qa.LocationPageTest_TestRail.Locations_CleansingPageTest"/>
  <testcase name="C658_VerifyifthenumbersdisplayedbytheDataIconscorrespondtothenumbersoftheappropriatedatainthetable" time="3.427" classname="com.bq.qa.LocationPageTest_TestRail.Locations_CleansingPageTest"/>
  <testcase name="C659_Verifythepagination" time="28.759" classname="com.bq.qa.LocationPageTest_TestRail.Locations_CleansingPageTest"/>
</testsuite> <!-- com.bq.qa.LocationPageTest_TestRail.Locations_CleansingPageTest -->
