<?xml version="1.0" encoding="UTF-8"?>
<!-- Generated by org.testng.reporters.JUnitReportReporter -->
<testsuite skipped="0" hostname="Testriq-L17" name="com.qa.Prod_IgniteUIPageTestcases.Prod_HelpPageTest" tests="2" failures="0" timestamp="05 Jun 2020 13:06:07 GMT" time="29.193" errors="0">
  <testcase name="clickOnProd_DefaultLocationAndGeostixAutomation" time="16.891" classname="com.qa.Prod_IgniteUIPageTestcases.Prod_HelpPageTest"/>
  <testcase name="C1512_VerifyClickon_HelpTab" time="12.302" classname="com.qa.Prod_IgniteUIPageTestcases.Prod_HelpPageTest"/>
</testsuite> <!-- com.qa.Prod_IgniteUIPageTestcases.Prod_HelpPageTest -->
