<?xml version="1.0" encoding="UTF-8"?>
<!-- Generated by org.testng.reporters.JUnitReportReporter -->
<testsuite skipped="0" hostname="Testriq-L17" name="com.qa.IgniteTestcases.ReportsUIPageTest" tests="7" failures="0" timestamp="03 Jun 2020 10:15:10 GMT" time="39.099" errors="0">
  <testcase name="clickOnDefaultLocationAndGeostixAutomation" time="15.364" classname="com.qa.IgniteTestcases.ReportsUIPageTest"/>
  <testcase name="ClickonReports" time="2.140" classname="com.qa.IgniteTestcases.ReportsUIPageTest"/>
  <testcase name="VerifyReportsTab" time="6.473" classname="com.qa.IgniteTestcases.ReportsUIPageTest"/>
  <testcase name="VerifyReport_ReportsTab" time="4.001" classname="com.qa.IgniteTestcases.ReportsUIPageTest"/>
  <testcase name="VerifyReport_LocalIntelligenceAnalysis" time="2.064" classname="com.qa.IgniteTestcases.ReportsUIPageTest"/>
  <testcase name="VerifyReport_FlexMonster" time="2.061" classname="com.qa.IgniteTestcases.ReportsUIPageTest"/>
  <testcase name="VerifyReport_InstantUpdateReport" time="6.996" classname="com.qa.IgniteTestcases.ReportsUIPageTest"/>
</testsuite> <!-- com.qa.IgniteTestcases.ReportsUIPageTest -->
