<?xml version="1.0" encoding="UTF-8"?>
<!-- Generated by org.testng.reporters.JUnitReportReporter -->
<testsuite skipped="0" hostname="Testriq-L17" name="com.qa.IgniteTestcases.LeadsPageTest" tests="24" failures="0" timestamp="13 Apr 2020 10:16:35 GMT" time="481.072" errors="0">
  <testcase name="clickOnDefaultLocationAndGeostixAutomation" time="16.892" classname="com.qa.IgniteTestcases.LeadsPageTest"/>
  <testcase name="C799_VerifyClick_LeadsTab" time="5.812" classname="com.qa.IgniteTestcases.LeadsPageTest"/>
  <testcase name="C883_Manager_EditCampaign" time="55.370" classname="com.qa.IgniteTestcases.LeadsPageTest"/>
  <testcase name="C884_Manager_Verify_ViewSubscribers_link" time="12.520" classname="com.qa.IgniteTestcases.LeadsPageTest"/>
  <testcase name="C889_Subscribers_AddNewSubscriber" time="14.772" classname="com.qa.IgniteTestcases.LeadsPageTest"/>
  <testcase name="C890_Subscribers_SearchSubscriber" time="10.707" classname="com.qa.IgniteTestcases.LeadsPageTest"/>
  <testcase name="C891_Subscribers_SearchSubscriber_NoSearchResults" time="13.195" classname="com.qa.IgniteTestcases.LeadsPageTest"/>
  <testcase name="C893_Subscribers_TypesOfDownloadButtons" time="13.342" classname="com.qa.IgniteTestcases.LeadsPageTest"/>
  <testcase name="C895_Subscribers_Download_Tab" time="19.064" classname="com.qa.IgniteTestcases.LeadsPageTest"/>
  <testcase name="C896_Subscribers_Download_Xls" time="16.937" classname="com.qa.IgniteTestcases.LeadsPageTest"/>
  <testcase name="C909_Subscribers_VerifyAddNewSubscriberWithDuplicateEmailAddress" time="16.787" classname="com.qa.IgniteTestcases.LeadsPageTest"/>
  <testcase name="C897_Subscribers_EditSubscriber" time="13.903" classname="com.qa.IgniteTestcases.LeadsPageTest"/>
  <testcase name="C898_Subscribers_DeleteSubscriber" time="11.633" classname="com.qa.IgniteTestcases.LeadsPageTest"/>
  <testcase name="C902_Messages_Verify_SelectType_Email" time="10.874" classname="com.qa.IgniteTestcases.LeadsPageTest"/>
  <testcase name="C904_Messages_AddMessage_Email" time="15.890" classname="com.qa.IgniteTestcases.LeadsPageTest"/>
  <testcase name="C905_Messages_AddMessage_Voicemail" time="21.590" classname="com.qa.IgniteTestcases.LeadsPageTest"/>
  <testcase name="C1176_Messages_AddMessage_SMS" time="21.653" classname="com.qa.IgniteTestcases.LeadsPageTest"/>
  <testcase name="C1177_Messages_AddMessage_Fax" time="21.570" classname="com.qa.IgniteTestcases.LeadsPageTest"/>
  <testcase name="C1178_Messages_AddMessage_FormValidation" time="21.644" classname="com.qa.IgniteTestcases.LeadsPageTest"/>
  <testcase name="C906_Messages_EditMessage" time="21.974" classname="com.qa.IgniteTestcases.LeadsPageTest"/>
  <testcase name="C907_Messages_DeleteMessage" time="62.416" classname="com.qa.IgniteTestcases.LeadsPageTest"/>
  <testcase name="C885_Campaigns_EndCampaign" time="20.089" classname="com.qa.IgniteTestcases.LeadsPageTest"/>
  <testcase name="C886_Campaigns_StartCampaign" time="25.062" classname="com.qa.IgniteTestcases.LeadsPageTest"/>
  <testcase name="C887_Campaigns_Click_ViewSubscriber_LinkFromEditCampaignForm" time="17.376" classname="com.qa.IgniteTestcases.LeadsPageTest"/>
</testsuite> <!-- com.qa.IgniteTestcases.LeadsPageTest -->
