<?xml version="1.0" encoding="UTF-8"?>
<!-- Generated by org.testng.reporters.JUnitReportReporter -->
<testsuite skipped="0" hostname="Testriq-L17" name="com.b1.qa.LocationPageTest_TestRail.Locations_CleansingPageTest" tests="7" failures="0" timestamp="15 Jun 2020 06:00:18 GMT" time="178.127" errors="0">
  <testcase name="clickOnContextAndSelectCheesecake" time="7.667" classname="com.b1.qa.LocationPageTest_TestRail.Locations_CleansingPageTest"/>
  <testcase name="Set_Preconditions" time="31.176" classname="com.b1.qa.LocationPageTest_TestRail.Locations_CleansingPageTest"/>
  <testcase name="C654_VerifyCleansingUI" time="24.803" classname="com.b1.qa.LocationPageTest_TestRail.Locations_CleansingPageTest"/>
  <testcase name="C655_Verifyfilterfunctionality" time="70.168" classname="com.b1.qa.LocationPageTest_TestRail.Locations_CleansingPageTest"/>
  <testcase name="C657_Verifytabledata" time="13.329" classname="com.b1.qa.LocationPageTest_TestRail.Locations_CleansingPageTest"/>
  <testcase name="C658_VerifyifthenumbersdisplayedbytheDataIconscorrespondtothenumbersoftheappropriatedatainthetable" time="3.332" classname="com.b1.qa.LocationPageTest_TestRail.Locations_CleansingPageTest"/>
  <testcase name="C659_Verifythepagination" time="27.652" classname="com.b1.qa.LocationPageTest_TestRail.Locations_CleansingPageTest"/>
</testsuite> <!-- com.b1.qa.LocationPageTest_TestRail.Locations_CleansingPageTest -->
