<?xml version="1.0" encoding="UTF-8"?>
<!-- Generated by org.testng.reporters.JUnitReportReporter -->
<testsuite skipped="0" hostname="Testriq-L17" name="com.qa.IgniteTestcases.ClaimingPageTest" tests="14" failures="0" timestamp="13 Apr 2020 06:42:17 GMT" time="233.977" errors="0">
  <testcase name="clickOnDefaultLocationAndGeostixAutomation" time="15.782" classname="com.qa.IgniteTestcases.ClaimingPageTest"/>
  <testcase name="GoToClaiming" time="3.137" classname="com.qa.IgniteTestcases.ClaimingPageTest"/>
  <testcase name="C785_VerifyClickOn_ClaimingTab" time="3.360" classname="com.qa.IgniteTestcases.ClaimingPageTest"/>
  <testcase name="C955_VerifyWhetherTheUserIsAbleToAddCommentsToRequiredColumnsUnderTheColumnMappingOfSpecificDistributor" time="33.907" classname="com.qa.IgniteTestcases.ClaimingPageTest"/>
  <testcase name="C956_VerifyWhetherTheCommentsAddedToTheRequiredColumnsCanbeViewedByDifferentUsers" time="59.248" classname="com.qa.IgniteTestcases.ClaimingPageTest"/>
  <testcase name="C958_VerifyRequiredFields_lock_IconOptionalFields_Plus_Icon" time="16.636" classname="com.qa.IgniteTestcases.ClaimingPageTest"/>
  <testcase name="C960_VerifyAddFilter" time="24.490" classname="com.qa.IgniteTestcases.ClaimingPageTest"/>
  <testcase name="C961_VerifyDeletefilter" time="20.223" classname="com.qa.IgniteTestcases.ClaimingPageTest"/>
  <testcase name="C962_VerifySelectFrequency" time="10.075" classname="com.qa.IgniteTestcases.ClaimingPageTest"/>
  <testcase name="C963_VerifyIfUserCanAccessPostHistory" time="8.239" classname="com.qa.IgniteTestcases.ClaimingPageTest"/>
  <testcase name="C964_VerifyViewReport" time="14.462" classname="com.qa.IgniteTestcases.ClaimingPageTest"/>
  <testcase name="C965_VerifyIfUserCanAccessConfiguration" time="7.897" classname="com.qa.IgniteTestcases.ClaimingPageTest"/>
  <testcase name="C966_VerifyAddConfiguration" time="5.734" classname="com.qa.IgniteTestcases.ClaimingPageTest"/>
  <testcase name="C967_VerifySaveChanges" time="10.787" classname="com.qa.IgniteTestcases.ClaimingPageTest"/>
</testsuite> <!-- com.qa.IgniteTestcases.ClaimingPageTest -->
