<?xml version="1.0" encoding="UTF-8"?>
<!-- Generated by org.testng.reporters.JUnitReportReporter -->
<testsuite skipped="0" hostname="Testriq-L17" name="com.b1.qa.testcases.DemoPageMenuOptionsTest" tests="11" failures="0" timestamp="10 May 2019 11:11:09 GMT" time="99.622" errors="0">
  <testcase name="DemoPageDetails" time="0.032" classname="com.b1.qa.testcases.DemoPageMenuOptionsTest"/>
  <testcase name="clickOnContextAndSelectgeostix" time="7.294" classname="com.b1.qa.testcases.DemoPageMenuOptionsTest"/>
  <testcase name="verifylocationcheckBox" time="6.957" classname="com.b1.qa.testcases.DemoPageMenuOptionsTest"/>
  <testcase name="verifylocationMenu" time="5.750" classname="com.b1.qa.testcases.DemoPageMenuOptionsTest"/>
  <testcase name="ResetlocationCheckBox" time="4.349" classname="com.b1.qa.testcases.DemoPageMenuOptionsTest"/>
  <testcase name="ReviewSelectionverification" time="17.753" classname="com.b1.qa.testcases.DemoPageMenuOptionsTest"/>
  <testcase name="ReviewGoogleSelectionverification" time="19.764" classname="com.b1.qa.testcases.DemoPageMenuOptionsTest"/>
  <testcase name="ResetReviewCheckBox" time="8.774" classname="com.b1.qa.testcases.DemoPageMenuOptionsTest"/>
  <testcase name="ClickOnInsightsCheckBox" time="7.260" classname="com.b1.qa.testcases.DemoPageMenuOptionsTest"/>
  <testcase name="VerifyInsightsDropMenu" time="7.787" classname="com.b1.qa.testcases.DemoPageMenuOptionsTest"/>
  <testcase name="ResetInsightsCheckBoxAndVerify" time="13.902" classname="com.b1.qa.testcases.DemoPageMenuOptionsTest"/>
</testsuite> <!-- com.b1.qa.testcases.DemoPageMenuOptionsTest -->
