<?xml version="1.0" encoding="UTF-8"?>
<!-- Generated by org.testng.reporters.JUnitReportReporter -->
<testsuite skipped="0" hostname="Testriq-L17" name="com.qa.IgniteTestcases.EtailerPage_TestRailTest" tests="10" failures="0" timestamp="03 Jun 2020 10:06:20 GMT" time="104.356" errors="0">
  <testcase name="clickOnDefaultLocationAndGeostixAutomation" time="15.750" classname="com.qa.IgniteTestcases.EtailerPage_TestRailTest"/>
  <testcase name="C823_VerifyClickonEtailerTab" time="5.903" classname="com.qa.IgniteTestcases.EtailerPage_TestRailTest"/>
  <testcase name="C1040_VerifyeachtabofEtailermenu" time="2.288" classname="com.qa.IgniteTestcases.EtailerPage_TestRailTest"/>
  <testcase name="C822_Configuration_VerifyallUIelementarepresent" time="11.642" classname="com.qa.IgniteTestcases.EtailerPage_TestRailTest"/>
  <testcase name="C821_ProviderRank_VerifyallUIelementarepresent" time="4.372" classname="com.qa.IgniteTestcases.EtailerPage_TestRailTest"/>
  <testcase name="C820_StoreRank_VerifyallUIelementarepresent" time="10.369" classname="com.qa.IgniteTestcases.EtailerPage_TestRailTest"/>
  <testcase name="C819_BrowseProducts_VerifyallUIelementarepresent" time="11.010" classname="com.qa.IgniteTestcases.EtailerPage_TestRailTest"/>
  <testcase name="C818_Providers_VerifyallUIelementarepresent" time="13.616" classname="com.qa.IgniteTestcases.EtailerPage_TestRailTest"/>
  <testcase name="C817_OnlineStore_VerifyallUIelementarepresent" time="23.574" classname="com.qa.IgniteTestcases.EtailerPage_TestRailTest"/>
  <testcase name="C816_DirectFeeds_VerifyallUIelementarepresent" time="5.832" classname="com.qa.IgniteTestcases.EtailerPage_TestRailTest"/>
</testsuite> <!-- com.qa.IgniteTestcases.EtailerPage_TestRailTest -->
