<?xml version="1.0" encoding="UTF-8"?>
<!-- Generated by org.testng.reporters.JUnitReportReporter -->
<testsuite skipped="0" hostname="Testriq-L17" name="com.qa.IgniteTestcases.AdminToolsPage_TestRailTest" tests="7" failures="0" timestamp="03 Jun 2020 09:57:05 GMT" time="95.202" errors="0">
  <testcase name="clickOnDefaultLocationAndGeostixAutomation" time="15.172" classname="com.qa.IgniteTestcases.AdminToolsPage_TestRailTest"/>
  <testcase name="C830_VerifyClickon_AdminToolsTab" time="6.914" classname="com.qa.IgniteTestcases.AdminToolsPage_TestRailTest"/>
  <testcase name="C829_ProspectManager_VerifyallUIelementarepresent" time="6.215" classname="com.qa.IgniteTestcases.AdminToolsPage_TestRailTest"/>
  <testcase name="C828_CompetitiveAnalysisBuilder_VerifyallUIelementarepresent" time="12.623" classname="com.qa.IgniteTestcases.AdminToolsPage_TestRailTest"/>
  <testcase name="C827_ContractBuilder_VerifyallUIelementarepresent" time="14.955" classname="com.qa.IgniteTestcases.AdminToolsPage_TestRailTest"/>
  <testcase name="C826_AccountManagement_VerifyallUIelementarepresent" time="21.437" classname="com.qa.IgniteTestcases.AdminToolsPage_TestRailTest"/>
  <testcase name="C825_CustomInvoiceBuilder_VerifyallUIelementarepresent" time="17.886" classname="com.qa.IgniteTestcases.AdminToolsPage_TestRailTest"/>
</testsuite> <!-- com.qa.IgniteTestcases.AdminToolsPage_TestRailTest -->
