<?xml version="1.0" encoding="UTF-8"?>
<!-- Generated by org.testng.reporters.JUnitReportReporter -->
<testsuite skipped="0" hostname="Testriq-L17" name="com.b1.qa.DemoPageTestcases.DemoPageAccountsTest" tests="11" failures="0" timestamp="14 May 2019 05:46:32 GMT" time="35.024" errors="0">
  <testcase name="clickOnContextAndSelectgeostix" time="7.090" classname="com.b1.qa.DemoPageTestcases.DemoPageAccountsTest"/>
  <testcase name="VerifycheckAccountsTabs" time="0.779" classname="com.b1.qa.DemoPageTestcases.DemoPageAccountsTest"/>
  <testcase name="VerifyAccountsAllTabs" time="0.539" classname="com.b1.qa.DemoPageTestcases.DemoPageAccountsTest"/>
  <testcase name="VeifyAddDetailsData" time="1.172" classname="com.b1.qa.DemoPageTestcases.DemoPageAccountsTest"/>
  <testcase name="VeifyclickOnContacts" time="4.306" classname="com.b1.qa.DemoPageTestcases.DemoPageAccountsTest"/>
  <testcase name="VeifyContactsData" time="3.452" classname="com.b1.qa.DemoPageTestcases.DemoPageAccountsTest"/>
  <testcase name="VeifycheckAccountDetails" time="0.247" classname="com.b1.qa.DemoPageTestcases.DemoPageAccountsTest"/>
  <testcase name="VeifyCheckDetailsData" time="3.398" classname="com.b1.qa.DemoPageTestcases.DemoPageAccountsTest"/>
  <testcase name="VeifyclearDetailsData" time="5.535" classname="com.b1.qa.DemoPageTestcases.DemoPageAccountsTest"/>
  <testcase name="VeifyCheckContactsData" time="3.127" classname="com.b1.qa.DemoPageTestcases.DemoPageAccountsTest"/>
  <testcase name="VeifydeleteContact" time="5.379" classname="com.b1.qa.DemoPageTestcases.DemoPageAccountsTest"/>
</testsuite> <!-- com.b1.qa.DemoPageTestcases.DemoPageAccountsTest -->
