<?xml version="1.0" encoding="UTF-8"?>
<!-- Generated by org.testng.reporters.JUnitReportReporter -->
<testsuite skipped="0" hostname="DESKTOP-Q9J1O2G" name="com.b1.qa.testcases.AccountsPageTest" tests="13" failures="0" timestamp="20 Mar 2019 09:59:48 GMT" time="31.401" errors="0">
  <testcase name="clickOnContextAndSelectCheesecake" time="6.096" classname="com.b1.qa.testcases.AccountsPageTest"/>
  <testcase name="GoTOAccount" time="0.254" classname="com.b1.qa.testcases.AccountsPageTest"/>
  <testcase name="VeifyAddDetailsData" time="3.170" classname="com.b1.qa.testcases.AccountsPageTest"/>
  <testcase name="VeifyDetailsData" time="3.216" classname="com.b1.qa.testcases.AccountsPageTest"/>
  <testcase name="VeifyClearDetailsData" time="0.386" classname="com.b1.qa.testcases.AccountsPageTest"/>
  <testcase name="VeifyAccountsTabs" time="0.339" classname="com.b1.qa.testcases.AccountsPageTest"/>
  <testcase name="VerifyContacts" time="4.264" classname="com.b1.qa.testcases.AccountsPageTest"/>
  <testcase name="VerifyContactsData" time="3.770" classname="com.b1.qa.testcases.AccountsPageTest"/>
  <testcase name="VerifyContactsAddedData" time="6.178" classname="com.b1.qa.testcases.AccountsPageTest"/>
  <testcase name="VerifyDeleteContact" time="3.310" classname="com.b1.qa.testcases.AccountsPageTest"/>
  <testcase name="VerifyAccountsTabs" time="0.055" classname="com.b1.qa.testcases.AccountsPageTest"/>
  <testcase name="VerifyAllTabs" time="0.214" classname="com.b1.qa.testcases.AccountsPageTest"/>
  <testcase name="VerifyAccountDetails" time="0.149" classname="com.b1.qa.testcases.AccountsPageTest"/>
</testsuite> <!-- com.b1.qa.testcases.AccountsPageTest -->
