<?xml version="1.0" encoding="UTF-8"?>
<!-- Generated by org.testng.reporters.JUnitReportReporter -->
<testsuite skipped="0" hostname="Testriq-L17" name="com.b1.qa.DemoPageTestcases.DemoPageMyProfileClientTest" tests="8" failures="0" timestamp="23 May 2019 12:04:28 GMT" time="27.083" errors="0">
  <testcase name="clickOnContextAndSelectFortunaRestaurant" time="7.279" classname="com.b1.qa.DemoPageTestcases.DemoPageMyProfileClientTest"/>
  <testcase name="VerifycheckClientsTabs" time="0.609" classname="com.b1.qa.DemoPageTestcases.DemoPageMyProfileClientTest"/>
  <testcase name="VerifyClientscheckAllTabs" time="0.194" classname="com.b1.qa.DemoPageTestcases.DemoPageMyProfileClientTest"/>
  <testcase name="clickOnContacts" time="2.270" classname="com.b1.qa.DemoPageTestcases.DemoPageMyProfileClientTest"/>
  <testcase name="ContactsData" time="3.499" classname="com.b1.qa.DemoPageTestcases.DemoPageMyProfileClientTest"/>
  <testcase name="VerifycontactDetails" time="1.047" classname="com.b1.qa.DemoPageTestcases.DemoPageMyProfileClientTest"/>
  <testcase name="VeifydeleteContact" time="11.354" classname="com.b1.qa.DemoPageTestcases.DemoPageMyProfileClientTest"/>
  <testcase name="verifyClientAccountManagement" time="0.831" classname="com.b1.qa.DemoPageTestcases.DemoPageMyProfileClientTest"/>
</testsuite> <!-- com.b1.qa.DemoPageTestcases.DemoPageMyProfileClientTest -->
