<?xml version="1.0" encoding="UTF-8"?>
<!-- Generated by org.testng.reporters.JUnitReportReporter -->
<testsuite skipped="0" hostname="Testriq-L17" name="com.b1.qa.testcases.EmailEnvelopforVendorAccountTest" tests="2" failures="0" timestamp="23 Mar 2020 05:05:34 GMT" time="29.460" errors="0">
  <testcase name="clickOnContextAndSelectgeostix2" time="20.835" classname="com.b1.qa.testcases.EmailEnvelopforVendorAccountTest"/>
  <testcase name="clickOnReviews" time="8.625" classname="com.b1.qa.testcases.EmailEnvelopforVendorAccountTest"/>
</testsuite> <!-- com.b1.qa.testcases.EmailEnvelopforVendorAccountTest -->
