<?xml version="1.0" encoding="UTF-8"?>
<!-- Generated by org.testng.reporters.JUnitReportReporter -->
<testsuite skipped="0" hostname="Testriq-L17" name="com.qa.IgniteTestcases.EtailerUIPageTest" tests="20" failures="0" timestamp="17 Mar 2020 08:04:00 GMT" time="94.475" errors="0">
  <testcase name="clickOnDefaultLocationAndGeostixAutomation" time="17.472" classname="com.qa.IgniteTestcases.EtailerUIPageTest"/>
  <testcase name="ClickOnEtailer" time="2.076" classname="com.qa.IgniteTestcases.EtailerUIPageTest"/>
  <testcase name="VerifyEtailersTab" time="2.280" classname="com.qa.IgniteTestcases.EtailerUIPageTest"/>
  <testcase name="GoToEtailers_ConfigurationTab" time="2.060" classname="com.qa.IgniteTestcases.EtailerUIPageTest"/>
  <testcase name="VerifyEtailers_ConfigurationTab" time="11.115" classname="com.qa.IgniteTestcases.EtailerUIPageTest"/>
  <testcase name="GoToEtailers_ProviderRankTab" time="2.098" classname="com.qa.IgniteTestcases.EtailerUIPageTest"/>
  <testcase name="VerifyEtailers_ProviderRankTab" time="2.182" classname="com.qa.IgniteTestcases.EtailerUIPageTest"/>
  <testcase name="GoToEtailers_StoreRankTab" time="2.611" classname="com.qa.IgniteTestcases.EtailerUIPageTest"/>
  <testcase name="VerifyEtailers_StoreRankTab" time="2.174" classname="com.qa.IgniteTestcases.EtailerUIPageTest"/>
  <testcase name="VerifyEtailers_StoreRank_AddNewEntryTab" time="5.197" classname="com.qa.IgniteTestcases.EtailerUIPageTest"/>
  <testcase name="GoToEtailers_BrowseProductTab" time="2.107" classname="com.qa.IgniteTestcases.EtailerUIPageTest"/>
  <testcase name="VerifyEtailers_BrowseProductTab" time="2.383" classname="com.qa.IgniteTestcases.EtailerUIPageTest"/>
  <testcase name="VerifyEtailers_BrowseProduct_AddNewEntryTab" time="5.316" classname="com.qa.IgniteTestcases.EtailerUIPageTest"/>
  <testcase name="GoToEtailers_providersTab" time="2.067" classname="com.qa.IgniteTestcases.EtailerUIPageTest"/>
  <testcase name="VerifyEtailers_ProvidersTab" time="5.933" classname="com.qa.IgniteTestcases.EtailerUIPageTest"/>
  <testcase name="GoToEtailers_OnlineStoreTab" time="2.094" classname="com.qa.IgniteTestcases.EtailerUIPageTest"/>
  <testcase name="VerifyEtailers_OnlineStoreTab" time="14.565" classname="com.qa.IgniteTestcases.EtailerUIPageTest"/>
  <testcase name="VerifyEtailers_OnlineStore_AddNewEntryTab" time="6.504" classname="com.qa.IgniteTestcases.EtailerUIPageTest"/>
  <testcase name="GoToEtailers_DirectFeedsTab" time="2.139" classname="com.qa.IgniteTestcases.EtailerUIPageTest"/>
  <testcase name="VerifyEtailers_DirectFeedsTab" time="2.102" classname="com.qa.IgniteTestcases.EtailerUIPageTest"/>
</testsuite> <!-- com.qa.IgniteTestcases.EtailerUIPageTest -->
