<?xml version="1.0" encoding="UTF-8"?>
<!-- Generated by org.testng.reporters.JUnitReportReporter -->
<testsuite skipped="0" hostname="Ravi" name="com.b1.qa.testcases.WebCheckTestPage" tests="3" failures="0" timestamp="2020-12-30T13:54:26 IST" time="529.609" errors="0">
  <testcase name="VerifyMirketaWebPageAnd_BrokenLinks" time="200.414" classname="com.b1.qa.testcases.WebCheckTestPage"/>
  <system-out/>
  <testcase name="VerifyElixireHRWebPageAnd_BrokenLinks" time="237.049" classname="com.b1.qa.testcases.WebCheckTestPage"/>
  <system-out/>
  <testcase name="VerifyRoundRobinDistributorWebPageAnd_BrokenLinks" time="92.146" classname="com.b1.qa.testcases.WebCheckTestPage"/>
  <system-out/>
</testsuite> <!-- com.b1.qa.testcases.WebCheckTestPage -->
