<?xml version="1.0" encoding="UTF-8"?>
<!-- Generated by org.testng.reporters.JUnitReportReporter -->
<testsuite skipped="0" hostname="Testriq-L17" name="com.b1.qa.DemoPageTestcases.DemoPageSocialTest" tests="20" failures="0" timestamp="25 Jun 2019 06:09:40 GMT" time="56.493" errors="0">
  <testcase name="clickOnContextAndSelectFR" time="7.145" classname="com.b1.qa.DemoPageTestcases.DemoPageSocialTest"/>
  <testcase name="ClickOnSocialpoints" time="4.211" classname="com.b1.qa.DemoPageTestcases.DemoPageSocialTest"/>
  <testcase name="VerifyTopicExtractor" time="0.269" classname="com.b1.qa.DemoPageTestcases.DemoPageSocialTest"/>
  <testcase name="VerifyTopicExtractorReport" time="0.445" classname="com.b1.qa.DemoPageTestcases.DemoPageSocialTest"/>
  <testcase name="VerifyUserResponses" time="0.146" classname="com.b1.qa.DemoPageTestcases.DemoPageSocialTest"/>
  <testcase name="VerifyAllReviewResponses" time="0.812" classname="com.b1.qa.DemoPageTestcases.DemoPageSocialTest"/>
  <testcase name="VerifyTableReviews" time="0.161" classname="com.b1.qa.DemoPageTestcases.DemoPageSocialTest"/>
  <testcase name="VerifyTableReviewContents" time="0.417" classname="com.b1.qa.DemoPageTestcases.DemoPageSocialTest"/>
  <testcase name="VerifyTopicDetailReviewsForAllResponses" time="9.725" classname="com.b1.qa.DemoPageTestcases.DemoPageSocialTest"/>
  <testcase name="VerifyReportforPositiveUsersreviews" time="1.202" classname="com.b1.qa.DemoPageTestcases.DemoPageSocialTest"/>
  <testcase name="VerifyTopicDetailReviewsForPositiveResponses" time="5.389" classname="com.b1.qa.DemoPageTestcases.DemoPageSocialTest"/>
  <testcase name="VerifyReportforNegativeUsersreviews" time="1.014" classname="com.b1.qa.DemoPageTestcases.DemoPageSocialTest"/>
  <testcase name="VerifyTopicDetailReviewsForNegativeResponses" time="5.381" classname="com.b1.qa.DemoPageTestcases.DemoPageSocialTest"/>
  <testcase name="ClickOnTopicMonitor" time="4.412" classname="com.b1.qa.DemoPageTestcases.DemoPageSocialTest"/>
  <testcase name="verifyTopicMonitor" time="1.038" classname="com.b1.qa.DemoPageTestcases.DemoPageSocialTest"/>
  <testcase name="verifyTopicMonitorFilter" time="3.589" classname="com.b1.qa.DemoPageTestcases.DemoPageSocialTest"/>
  <testcase name="GoogleQnA" time="4.353" classname="com.b1.qa.DemoPageTestcases.DemoPageSocialTest"/>
  <testcase name="VerifyGoogleQnA" time="1.481" classname="com.b1.qa.DemoPageTestcases.DemoPageSocialTest"/>
  <testcase name="ClickOnMedia" time="4.407" classname="com.b1.qa.DemoPageTestcases.DemoPageSocialTest"/>
  <testcase name="VerifyMedia" time="0.896" classname="com.b1.qa.DemoPageTestcases.DemoPageSocialTest"/>
</testsuite> <!-- com.b1.qa.DemoPageTestcases.DemoPageSocialTest -->
