<?xml version="1.0" encoding="UTF-8"?>
<!-- Generated by org.testng.reporters.JUnitReportReporter -->
<testsuite skipped="0" hostname="Testriq-L17" name="com.qa.Prod_IgniteUIPageTestcases.Prod_ClaimingPageTest" tests="24" failures="0" timestamp="05 Jun 2020 13:55:28 GMT" time="299.964" errors="0">
  <testcase name="clickOnProd_DefaultLocationAndGeostixAutomation" time="17.306" classname="com.qa.Prod_IgniteUIPageTestcases.Prod_ClaimingPageTest"/>
  <testcase name="C1442_VerifyClickon_ClaimingTab" time="6.502" classname="com.qa.Prod_IgniteUIPageTestcases.Prod_ClaimingPageTest"/>
  <testcase name="C1443_Verify_Claimingtab" time="3.364" classname="com.qa.Prod_IgniteUIPageTestcases.Prod_ClaimingPageTest"/>
  <testcase name="C1431_ColumnMap_VerifyallUIelementarepresent" time="7.612" classname="com.qa.Prod_IgniteUIPageTestcases.Prod_ClaimingPageTest"/>
  <testcase name="C1432_Verifywhethertheuserisabletoaddcommentstorequiredcolumnsunderthecolumnmappingofaspecificdistributor" time="33.097" classname="com.qa.Prod_IgniteUIPageTestcases.Prod_ClaimingPageTest"/>
  <testcase name="C1433_Verifywhetherthecommentsaddedtotherequiredcolumnscanbeviewedbydifferentusers" time="61.444" classname="com.qa.Prod_IgniteUIPageTestcases.Prod_ClaimingPageTest"/>
  <testcase name="C1434_Verifywhethertheuserisabletoaddcommentswithspecialcharacters" time="3.001" classname="com.qa.Prod_IgniteUIPageTestcases.Prod_ClaimingPageTest"/>
  <testcase name="C1435_Verifyrequiredfields_lock_iconoptionalfieldsicon" time="17.105" classname="com.qa.Prod_IgniteUIPageTestcases.Prod_ClaimingPageTest"/>
  <testcase name="C1436_VerifyChangeDistributor" time="3.003" classname="com.qa.Prod_IgniteUIPageTestcases.Prod_ClaimingPageTest"/>
  <testcase name="C1437_VerifyAddFilter" time="25.331" classname="com.qa.Prod_IgniteUIPageTestcases.Prod_ClaimingPageTest"/>
  <testcase name="C1438_VerifyDeletefilter" time="20.067" classname="com.qa.Prod_IgniteUIPageTestcases.Prod_ClaimingPageTest"/>
  <testcase name="C1459_OnDemand_VerifyallUIelementarepresent" time="7.286" classname="com.qa.Prod_IgniteUIPageTestcases.Prod_ClaimingPageTest"/>
  <testcase name="C1457_Schedule_VerifyallUIelementarepresent" time="7.497" classname="com.qa.Prod_IgniteUIPageTestcases.Prod_ClaimingPageTest"/>
  <testcase name="C1458_VerifySelectFrequency" time="10.093" classname="com.qa.Prod_IgniteUIPageTestcases.Prod_ClaimingPageTest"/>
  <testcase name="C1454_History_VerifyallUIelementarepresent" time="8.819" classname="com.qa.Prod_IgniteUIPageTestcases.Prod_ClaimingPageTest"/>
  <testcase name="C1450_Configuration_VerifyallUIelementarepresent" time="8.909" classname="com.qa.Prod_IgniteUIPageTestcases.Prod_ClaimingPageTest"/>
  <testcase name="C1451_VerifyifusercanaccessConfiguration" time="3.246" classname="com.qa.Prod_IgniteUIPageTestcases.Prod_ClaimingPageTest"/>
  <testcase name="C1452_VerifyAddConfiguration" time="5.703" classname="com.qa.Prod_IgniteUIPageTestcases.Prod_ClaimingPageTest"/>
  <testcase name="C1453_VerifySaveChanges" time="10.798" classname="com.qa.Prod_IgniteUIPageTestcases.Prod_ClaimingPageTest"/>
  <testcase name="C1449_ImportData_VerifyallUIelementarepresent" time="7.675" classname="com.qa.Prod_IgniteUIPageTestcases.Prod_ClaimingPageTest"/>
  <testcase name="C1444_DataOverride_VerifyallUIelementarepresent" time="9.038" classname="com.qa.Prod_IgniteUIPageTestcases.Prod_ClaimingPageTest"/>
  <testcase name="C1439_Verify_SEO_page" time="6.970" classname="com.qa.Prod_IgniteUIPageTestcases.Prod_ClaimingPageTest"/>
  <testcase name="C1440_VerifyUIelementson_SEOHistorypage" time="7.066" classname="com.qa.Prod_IgniteUIPageTestcases.Prod_ClaimingPageTest"/>
  <testcase name="C1441_VerifySEOHistorylistview" time="9.032" classname="com.qa.Prod_IgniteUIPageTestcases.Prod_ClaimingPageTest"/>
</testsuite> <!-- com.qa.Prod_IgniteUIPageTestcases.Prod_ClaimingPageTest -->
