<?xml version="1.0" encoding="UTF-8"?>
<!-- Generated by org.testng.reporters.JUnitReportReporter -->
<testsuite skipped="0" hostname="Testriq-L17" name="com.b1.qa.testcases.StudentGoal900RTest" tests="13" failures="0" timestamp="12 Aug 2019 10:57:35 GMT" time="219.443" errors="0">
  <testcase name="ProctorLogin" time="12.733" classname="com.b1.qa.testcases.StudentGoal900RTest"/>
  <testcase name="ConfigSession" time="21.822" classname="com.b1.qa.testcases.StudentGoal900RTest"/>
  <testcase name="StartProctorSession" time="13.103" classname="com.b1.qa.testcases.StudentGoal900RTest"/>
  <testcase name="GotoURL" time="8.020" classname="com.b1.qa.testcases.StudentGoal900RTest"/>
  <testcase name="ClickOnTakeTest" time="5.189" classname="com.b1.qa.testcases.StudentGoal900RTest"/>
  <testcase name="StationLogin" time="8.927" classname="com.b1.qa.testcases.StudentGoal900RTest"/>
  <testcase name="StationRegistration" time="23.308" classname="com.b1.qa.testcases.StudentGoal900RTest"/>
  <testcase name="StudentLogin" time="16.405" classname="com.b1.qa.testcases.StudentGoal900RTest"/>
  <testcase name="StudentStartTest" time="9.481" classname="com.b1.qa.testcases.StudentGoal900RTest"/>
  <testcase name="StartPractice" time="8.648" classname="com.b1.qa.testcases.StudentGoal900RTest"/>
  <testcase name="BeginTest" time="66.660" classname="com.b1.qa.testcases.StudentGoal900RTest"/>
  <testcase name="StopProctorSession" time="11.198" classname="com.b1.qa.testcases.StudentGoal900RTest"/>
  <testcase name="StopSession" time="13.949" classname="com.b1.qa.testcases.StudentGoal900RTest"/>
</testsuite> <!-- com.b1.qa.testcases.StudentGoal900RTest -->
