<?xml version="1.0" encoding="UTF-8"?>
<!-- Generated by org.testng.reporters.JUnitReportReporter -->
<testsuite skipped="0" hostname="Testriq-L17" name="com.qa.IgniteTestcases.HelpUIPageTest" tests="3" failures="0" timestamp="12 May 2020 09:39:56 GMT" time="29.540" errors="0">
  <testcase name="clickOnDefaultLocationAndGeostixAutomation" time="17.691" classname="com.qa.IgniteTestcases.HelpUIPageTest"/>
  <testcase name="ClickOnHelpTab" time="2.122" classname="com.qa.IgniteTestcases.HelpUIPageTest"/>
  <testcase name="VerifyRedirectedHelpTab" time="9.727" classname="com.qa.IgniteTestcases.HelpUIPageTest"/>
</testsuite> <!-- com.qa.IgniteTestcases.HelpUIPageTest -->
