<?xml version="1.0" encoding="UTF-8"?>
<!-- Generated by org.testng.reporters.JUnitReportReporter -->
<testsuite skipped="0" hostname="Testriq-L17" name="com.b1.qa.DemoPageTestcases.DemoPageLocationTest" tests="45" failures="0" timestamp="28 May 2019 13:25:58 GMT" time="102.380" errors="0">
  <testcase name="clickOnContextAndSelectFR" time="6.682" classname="com.b1.qa.DemoPageTestcases.DemoPageLocationTest"/>
  <testcase name="VerifyNameFilter" time="0.044" classname="com.b1.qa.DemoPageTestcases.DemoPageLocationTest"/>
  <testcase name="VerifyAddressFilter" time="0.036" classname="com.b1.qa.DemoPageTestcases.DemoPageLocationTest"/>
  <testcase name="VerifyCityFilter" time="0.215" classname="com.b1.qa.DemoPageTestcases.DemoPageLocationTest"/>
  <testcase name="VerifyStateFilter" time="0.196" classname="com.b1.qa.DemoPageTestcases.DemoPageLocationTest"/>
  <testcase name="VerifyPostalCodeFilter" time="0.104" classname="com.b1.qa.DemoPageTestcases.DemoPageLocationTest"/>
  <testcase name="VerifyAddFilter" time="0.058" classname="com.b1.qa.DemoPageTestcases.DemoPageLocationTest"/>
  <testcase name="VerifySelectFilter" time="2.800" classname="com.b1.qa.DemoPageTestcases.DemoPageLocationTest"/>
  <testcase name="VerifyClickAddLocation" time="0.184" classname="com.b1.qa.DemoPageTestcases.DemoPageLocationTest"/>
  <testcase name="VerifyLocationDetailsData" time="5.114" classname="com.b1.qa.DemoPageTestcases.DemoPageLocationTest"/>
  <testcase name="SelectCountryInDetails" time="2.450" classname="com.b1.qa.DemoPageTestcases.DemoPageLocationTest"/>
  <testcase name="VerifyAllTabs" time="0.259" classname="com.b1.qa.DemoPageTestcases.DemoPageLocationTest"/>
  <testcase name="VerifyClickSEO" time="0.215" classname="com.b1.qa.DemoPageTestcases.DemoPageLocationTest"/>
  <testcase name="VerifyLocationSEOData" time="1.372" classname="com.b1.qa.DemoPageTestcases.DemoPageLocationTest"/>
  <testcase name="VerifyWebsiteInSEO" time="5.926" classname="com.b1.qa.DemoPageTestcases.DemoPageLocationTest"/>
  <testcase name="VerifyClickHours" time="0.241" classname="com.b1.qa.DemoPageTestcases.DemoPageLocationTest"/>
  <testcase name="VerifySelectHours" time="2.583" classname="com.b1.qa.DemoPageTestcases.DemoPageLocationTest"/>
  <testcase name="VerifySelectSpecialHours" time="7.196" classname="com.b1.qa.DemoPageTestcases.DemoPageLocationTest"/>
  <testcase name="VerifyClickOfferings" time="0.220" classname="com.b1.qa.DemoPageTestcases.DemoPageLocationTest"/>
  <testcase name="VerifyLocationOfferingsData" time="1.425" classname="com.b1.qa.DemoPageTestcases.DemoPageLocationTest"/>
  <testcase name="VerifyClickCustom" time="0.246" classname="com.b1.qa.DemoPageTestcases.DemoPageLocationTest"/>
  <testcase name="VerifyLocationCustomData" time="0.514" classname="com.b1.qa.DemoPageTestcases.DemoPageLocationTest"/>
  <testcase name="VerifyDetailsData" time="0.425" classname="com.b1.qa.DemoPageTestcases.DemoPageLocationTest"/>
  <testcase name="VerifySEOdata" time="0.280" classname="com.b1.qa.DemoPageTestcases.DemoPageLocationTest"/>
  <testcase name="VerifyOfferingsdata" time="0.286" classname="com.b1.qa.DemoPageTestcases.DemoPageLocationTest"/>
  <testcase name="VerifyCreateLocation" time="3.605" classname="com.b1.qa.DemoPageTestcases.DemoPageLocationTest"/>
  <testcase name="VerifyNewlyCreatedLocation" time="5.082" classname="com.b1.qa.DemoPageTestcases.DemoPageLocationTest"/>
  <testcase name="VerifyDeleteLocation" time="3.439" classname="com.b1.qa.DemoPageTestcases.DemoPageLocationTest"/>
  <testcase name="VerifyexportDataSetup" time="3.242" classname="com.b1.qa.DemoPageTestcases.DemoPageLocationTest"/>
  <testcase name="VerifyexportReviewData" time="2.186" classname="com.b1.qa.DemoPageTestcases.DemoPageLocationTest"/>
  <testcase name="VerifyreadExportCSVData" time="15.084" classname="com.b1.qa.DemoPageTestcases.DemoPageLocationTest"/>
  <testcase name="LocationDataCleansing" time="4.420" classname="com.b1.qa.DemoPageTestcases.DemoPageLocationTest"/>
  <testcase name="VerifyDataCleansing" time="0.240" classname="com.b1.qa.DemoPageTestcases.DemoPageLocationTest"/>
  <testcase name="VerifyTableIndexDataCleansing" time="0.292" classname="com.b1.qa.DemoPageTestcases.DemoPageLocationTest"/>
  <testcase name="LocationApprovalTab" time="4.309" classname="com.b1.qa.DemoPageTestcases.DemoPageLocationTest"/>
  <testcase name="VerifyLocationApprovalPage" time="0.230" classname="com.b1.qa.DemoPageTestcases.DemoPageLocationTest"/>
  <testcase name="VerifyTableIndexLocationApproval" time="0.383" classname="com.b1.qa.DemoPageTestcases.DemoPageLocationTest"/>
  <testcase name="LocationHealthTab" time="4.175" classname="com.b1.qa.DemoPageTestcases.DemoPageLocationTest"/>
  <testcase name="VerifyLocationHealthOverviewPage" time="2.172" classname="com.b1.qa.DemoPageTestcases.DemoPageLocationTest"/>
  <testcase name="TableindexforOptimizedByBrandify" time="1.019" classname="com.b1.qa.DemoPageTestcases.DemoPageLocationTest"/>
  <testcase name="VerifyTableindexforUnmanaged" time="0.201" classname="com.b1.qa.DemoPageTestcases.DemoPageLocationTest"/>
  <testcase name="LocationErrorPage" time="4.245" classname="com.b1.qa.DemoPageTestcases.DemoPageLocationTest"/>
  <testcase name="VerifyErrorLocation" time="0.098" classname="com.b1.qa.DemoPageTestcases.DemoPageLocationTest"/>
  <testcase name="VerifyErrorLocationFilters" time="7.266" classname="com.b1.qa.DemoPageTestcases.DemoPageLocationTest"/>
  <testcase name="VerifyErrorLocationTable" time="1.621" classname="com.b1.qa.DemoPageTestcases.DemoPageLocationTest"/>
</testsuite> <!-- com.b1.qa.DemoPageTestcases.DemoPageLocationTest -->
