<?xml version="1.0" encoding="UTF-8"?>
<!-- Generated by org.testng.reporters.JUnitReportReporter -->
<testsuite skipped="0" hostname="Testriq-L17" name="com.b1.qa.DemoPageTestcases.DemoPageAccountsDetailsPageTest" tests="11" failures="0" timestamp="20 May 2019 06:46:04 GMT" time="36.387" errors="0">
  <testcase name="clickOnContextAndSelectgeostix" time="6.947" classname="com.b1.qa.DemoPageTestcases.DemoPageAccountsDetailsPageTest"/>
  <testcase name="VerifycheckAccountsTabs" time="1.126" classname="com.b1.qa.DemoPageTestcases.DemoPageAccountsDetailsPageTest"/>
  <testcase name="VerifyAccountsAllTabs" time="0.523" classname="com.b1.qa.DemoPageTestcases.DemoPageAccountsDetailsPageTest"/>
  <testcase name="VeifyAddDetailsData" time="1.107" classname="com.b1.qa.DemoPageTestcases.DemoPageAccountsDetailsPageTest"/>
  <testcase name="VeifyclickOnContacts" time="4.373" classname="com.b1.qa.DemoPageTestcases.DemoPageAccountsDetailsPageTest"/>
  <testcase name="VeifyContactsData" time="4.213" classname="com.b1.qa.DemoPageTestcases.DemoPageAccountsDetailsPageTest"/>
  <testcase name="VeifycheckAccountDetails" time="0.255" classname="com.b1.qa.DemoPageTestcases.DemoPageAccountsDetailsPageTest"/>
  <testcase name="VeifyCheckDetailsData" time="3.603" classname="com.b1.qa.DemoPageTestcases.DemoPageAccountsDetailsPageTest"/>
  <testcase name="VeifyclearDetailsData" time="5.618" classname="com.b1.qa.DemoPageTestcases.DemoPageAccountsDetailsPageTest"/>
  <testcase name="VeifyCheckContactsData" time="3.140" classname="com.b1.qa.DemoPageTestcases.DemoPageAccountsDetailsPageTest"/>
  <testcase name="VeifydeleteContact" time="5.482" classname="com.b1.qa.DemoPageTestcases.DemoPageAccountsDetailsPageTest"/>
</testsuite> <!-- com.b1.qa.DemoPageTestcases.DemoPageAccountsDetailsPageTest -->
