<?xml version="1.0" encoding="UTF-8"?>
<!-- Generated by org.testng.reporters.JUnitReportReporter -->
<testsuite skipped="0" hostname="Testriq-L17" name="com.b1.qa.testcases.SearchLocationTest" tests="5" failures="0" timestamp="02 Dec 2019 04:35:25 GMT" time="17.064" errors="0">
  <testcase name="clickOnContextAndSelectCheesecake" time="8.306" classname="com.b1.qa.testcases.SearchLocationTest"/>
  <testcase name="ClickOnCheesecake_AllLocations" time="2.311" classname="com.b1.qa.testcases.SearchLocationTest"/>
  <testcase name="ClickOnSearchField" time="1.036" classname="com.b1.qa.testcases.SearchLocationTest"/>
  <testcase name="EnterSearchData" time="0.380" classname="com.b1.qa.testcases.SearchLocationTest"/>
  <testcase name="VerifySearchedData" time="5.031" classname="com.b1.qa.testcases.SearchLocationTest"/>
</testsuite> <!-- com.b1.qa.testcases.SearchLocationTest -->
