<?xml version="1.0" encoding="UTF-8"?>
<!-- Generated by org.testng.reporters.JUnitReportReporter -->
<testsuite skipped="0" hostname="Testriq-L17" name="com.qa.Prod_IgniteUIPageTestcases.Prod_FilesUIPageTest" tests="32" failures="0" timestamp="25 Mar 2020 08:22:25 GMT" time="127.429" errors="0">
  <testcase name="clickOnProd_DefaultLocationAndGeostixAutomation" time="24.778" classname="com.qa.Prod_IgniteUIPageTestcases.Prod_FilesUIPageTest"/>
  <testcase name="ClickOnFiles" time="4.109" classname="com.qa.Prod_IgniteUIPageTestcases.Prod_FilesUIPageTest"/>
  <testcase name="Files_UploadTabs" time="4.223" classname="com.qa.Prod_IgniteUIPageTestcases.Prod_FilesUIPageTest"/>
  <testcase name="ClickOnFile_ScheduleTab" time="4.106" classname="com.qa.Prod_IgniteUIPageTestcases.Prod_FilesUIPageTest"/>
  <testcase name="Files_ScheduleTabs" time="3.399" classname="com.qa.Prod_IgniteUIPageTestcases.Prod_FilesUIPageTest"/>
  <testcase name="ClickOnRevert" time="2.086" classname="com.qa.Prod_IgniteUIPageTestcases.Prod_FilesUIPageTest"/>
  <testcase name="VerifyRevertTab" time="2.163" classname="com.qa.Prod_IgniteUIPageTestcases.Prod_FilesUIPageTest"/>
  <testcase name="ClickOnDownloads" time="2.124" classname="com.qa.Prod_IgniteUIPageTestcases.Prod_FilesUIPageTest"/>
  <testcase name="VerifyDownloadsData" time="5.098" classname="com.qa.Prod_IgniteUIPageTestcases.Prod_FilesUIPageTest"/>
  <testcase name="ClickOnAdmin_Downloads" time="2.098" classname="com.qa.Prod_IgniteUIPageTestcases.Prod_FilesUIPageTest"/>
  <testcase name="VerifyAdmin_DownloadsData" time="5.411" classname="com.qa.Prod_IgniteUIPageTestcases.Prod_FilesUIPageTest"/>
  <testcase name="ClickOnHistory" time="2.104" classname="com.qa.Prod_IgniteUIPageTestcases.Prod_FilesUIPageTest"/>
  <testcase name="Verify_HistoryTabData" time="4.278" classname="com.qa.Prod_IgniteUIPageTestcases.Prod_FilesUIPageTest"/>
  <testcase name="ClickOnFieldEditor" time="2.107" classname="com.qa.Prod_IgniteUIPageTestcases.Prod_FilesUIPageTest"/>
  <testcase name="Verify_FieldEditorData" time="3.777" classname="com.qa.Prod_IgniteUIPageTestcases.Prod_FilesUIPageTest"/>
  <testcase name="VerifyFieldEditor_basestorelocatorData" time="4.418" classname="com.qa.Prod_IgniteUIPageTestcases.Prod_FilesUIPageTest"/>
  <testcase name="VerifyFieldEditor_basestorelocatorDiscription" time="2.533" classname="com.qa.Prod_IgniteUIPageTestcases.Prod_FilesUIPageTest"/>
  <testcase name="VerifyFieldEditor_basestorelocatorDiscriptionDetails" time="2.669" classname="com.qa.Prod_IgniteUIPageTestcases.Prod_FilesUIPageTest"/>
  <testcase name="GotoFiles_DataCleansing" time="2.120" classname="com.qa.Prod_IgniteUIPageTestcases.Prod_FilesUIPageTest"/>
  <testcase name="VerifyFiles_DataCleansing" time="2.195" classname="com.qa.Prod_IgniteUIPageTestcases.Prod_FilesUIPageTest"/>
  <testcase name="VerifyFiles_DataCleansing_Start" time="2.219" classname="com.qa.Prod_IgniteUIPageTestcases.Prod_FilesUIPageTest"/>
  <testcase name="VerifyFiles_DataCleansing_FileSetUp" time="2.650" classname="com.qa.Prod_IgniteUIPageTestcases.Prod_FilesUIPageTest"/>
  <testcase name="VerifyFiles_DataCleansing_Options" time="2.668" classname="com.qa.Prod_IgniteUIPageTestcases.Prod_FilesUIPageTest"/>
  <testcase name="VerifyFiles_DataCleansing_Submit" time="2.345" classname="com.qa.Prod_IgniteUIPageTestcases.Prod_FilesUIPageTest"/>
  <testcase name="GotoFiles_DataCleansingHistory" time="2.111" classname="com.qa.Prod_IgniteUIPageTestcases.Prod_FilesUIPageTest"/>
  <testcase name="VerifyFiles_DataCleansingHistory" time="11.043" classname="com.qa.Prod_IgniteUIPageTestcases.Prod_FilesUIPageTest"/>
  <testcase name="GotoFiles_Configuration" time="2.100" classname="com.qa.Prod_IgniteUIPageTestcases.Prod_FilesUIPageTest"/>
  <testcase name="VerifyFiles_Configuration" time="2.145" classname="com.qa.Prod_IgniteUIPageTestcases.Prod_FilesUIPageTest"/>
  <testcase name="VerifyFiles_ConfigurationDetails" time="4.266" classname="com.qa.Prod_IgniteUIPageTestcases.Prod_FilesUIPageTest"/>
  <testcase name="GotoFiles_FieldGroupEditor" time="2.100" classname="com.qa.Prod_IgniteUIPageTestcases.Prod_FilesUIPageTest"/>
  <testcase name="VerifyFiles_FieldGroupEditor" time="4.084" classname="com.qa.Prod_IgniteUIPageTestcases.Prod_FilesUIPageTest"/>
  <testcase name="VerifyFiles_FieldGroupEditor_GroupNameDiscription" time="3.902" classname="com.qa.Prod_IgniteUIPageTestcases.Prod_FilesUIPageTest"/>
</testsuite> <!-- com.qa.Prod_IgniteUIPageTestcases.Prod_FilesUIPageTest -->
