<?xml version="1.0" encoding="UTF-8"?>
<!-- Generated by org.testng.reporters.JUnitReportReporter -->
<testsuite skipped="0" hostname="Testriq-L17" name="com.b1.qa.testcases.RatingsTest" tests="10" failures="0" timestamp="20 Mar 2020 07:52:30 GMT" time="180.022" errors="0">
  <testcase name="clickOnContextAndSelectCheesecake" time="9.970" classname="com.b1.qa.testcases.RatingsTest"/>
  <testcase name="clickOnReviews" time="6.671" classname="com.b1.qa.testcases.RatingsTest"/>
  <testcase name="ClickOnRatingsFilterforGoogle" time="27.464" classname="com.b1.qa.testcases.RatingsTest"/>
  <testcase name="Verify_4Star_RatingsFilterForGoogle" time="0.240" classname="com.b1.qa.testcases.RatingsTest"/>
  <testcase name="ClickOnRatingsFilterforYelp" time="41.542" classname="com.b1.qa.testcases.RatingsTest"/>
  <testcase name="Verify_2Star_RatingsFilterForYelp" time="0.171" classname="com.b1.qa.testcases.RatingsTest"/>
  <testcase name="ClickOnRatingsFilterforFacebook" time="43.929" classname="com.b1.qa.testcases.RatingsTest"/>
  <testcase name="Verify_Recommended_RatingsFilterForFacebook" time="0.078" classname="com.b1.qa.testcases.RatingsTest"/>
  <testcase name="ClickOnRatingsFilterforFacebook_NotRecommended" time="49.915" classname="com.b1.qa.testcases.RatingsTest"/>
  <testcase name="Verify_NotRecommended_RatingsFilterForFacebook" time="0.042" classname="com.b1.qa.testcases.RatingsTest"/>
</testsuite> <!-- com.b1.qa.testcases.RatingsTest -->
