<?xml version="1.0" encoding="UTF-8"?>
<!-- Generated by org.testng.reporters.JUnitReportReporter -->
<testsuite skipped="0" hostname="Testriq-L17" name="com.b1.qa.testcases.DemoTest" tests="2" failures="0" timestamp="12 Jun 2020 12:09:29 GMT" time="21.965" errors="0">
  <testcase name="selectBrandify" time="7.035" classname="com.b1.qa.testcases.DemoTest"/>
  <testcase name="selectReviewOnEntitlements" time="14.930" classname="com.b1.qa.testcases.DemoTest"/>
</testsuite> <!-- com.b1.qa.testcases.DemoTest -->
