<?xml version="1.0" encoding="UTF-8"?>
<!-- Generated by org.testng.reporters.JUnitReportReporter -->
<testsuite skipped="0" hostname="Testriq-L17" name="com.qa.Prod_IgniteUIPageTestcases.Prod_AdminToolUIPageTest" tests="20" failures="0" timestamp="25 Mar 2020 12:40:47 GMT" time="177.536" errors="0">
  <testcase name="clickOnProd_DefaultLocationAndGeostixAutomation" time="38.367" classname="com.qa.Prod_IgniteUIPageTestcases.Prod_AdminToolUIPageTest"/>
  <testcase name="ClickOnAdminTools" time="2.056" classname="com.qa.Prod_IgniteUIPageTestcases.Prod_AdminToolUIPageTest"/>
  <testcase name="VerifyAdminToolsTab" time="19.290" classname="com.qa.Prod_IgniteUIPageTestcases.Prod_AdminToolUIPageTest"/>
  <testcase name="GoToAdminTools_ProspectManagerTab" time="2.596" classname="com.qa.Prod_IgniteUIPageTestcases.Prod_AdminToolUIPageTest"/>
  <testcase name="VerifyAdminTools_ProspectManagerTab" time="7.065" classname="com.qa.Prod_IgniteUIPageTestcases.Prod_AdminToolUIPageTest"/>
  <testcase name="GoToAdminTools_CompititiveAnalysisBuilderTab" time="2.100" classname="com.qa.Prod_IgniteUIPageTestcases.Prod_AdminToolUIPageTest"/>
  <testcase name="VerifyAdminTools_CompititiveAnalysisBuilderTab" time="20.371" classname="com.qa.Prod_IgniteUIPageTestcases.Prod_AdminToolUIPageTest"/>
  <testcase name="GoToAdminTools_ContractBuilderTab" time="2.125" classname="com.qa.Prod_IgniteUIPageTestcases.Prod_AdminToolUIPageTest"/>
  <testcase name="VerifyAdminTools_ContractBuilderTab" time="8.494" classname="com.qa.Prod_IgniteUIPageTestcases.Prod_AdminToolUIPageTest"/>
  <testcase name="VerifyAdminTools_ContractBuilder_ImageAndFeatureListTab" time="2.530" classname="com.qa.Prod_IgniteUIPageTestcases.Prod_AdminToolUIPageTest"/>
  <testcase name="VerifyAdminTools_ContractBuilder_SelectOneorMoreFeatureForEachProducTab" time="2.104" classname="com.qa.Prod_IgniteUIPageTestcases.Prod_AdminToolUIPageTest"/>
  <testcase name="VerifyAdminTools_ContractBuilder_PleaseConfigureThePricingTab" time="2.184" classname="com.qa.Prod_IgniteUIPageTestcases.Prod_AdminToolUIPageTest"/>
  <testcase name="GoToAdminTools_AccountManagementTab" time="2.101" classname="com.qa.Prod_IgniteUIPageTestcases.Prod_AdminToolUIPageTest"/>
  <testcase name="VerifyAdminTools_AccountManagementTab" time="47.210" classname="com.qa.Prod_IgniteUIPageTestcases.Prod_AdminToolUIPageTest"/>
  <testcase name="GoToAdminTools_CustomInvoiceBuilderTab" time="5.105" classname="com.qa.Prod_IgniteUIPageTestcases.Prod_AdminToolUIPageTest"/>
  <testcase name="VerifyAdminTools_CustomInvoiceBuilder_InvoiceInformationTab" time="4.888" classname="com.qa.Prod_IgniteUIPageTestcases.Prod_AdminToolUIPageTest"/>
  <testcase name="VerifyAdminTools_CustomInvoiceBuilder_SelectOneorMoreProductsFromTheListBelowTab" time="2.580" classname="com.qa.Prod_IgniteUIPageTestcases.Prod_AdminToolUIPageTest"/>
  <testcase name="VerifyAdminTools_CustomInvoiceBuilder_SelectOneorMoreFeatureForEachProducTab" time="2.113" classname="com.qa.Prod_IgniteUIPageTestcases.Prod_AdminToolUIPageTest"/>
  <testcase name="VerifyAdminTools_CustomInvoiceBuilder_PleaseConfigureThePricingTab" time="2.197" classname="com.qa.Prod_IgniteUIPageTestcases.Prod_AdminToolUIPageTest"/>
  <testcase name="GoToAdminTools_FacebookLoginTab" time="2.060" classname="com.qa.Prod_IgniteUIPageTestcases.Prod_AdminToolUIPageTest"/>
</testsuite> <!-- com.qa.Prod_IgniteUIPageTestcases.Prod_AdminToolUIPageTest -->
