<?xml version="1.0" encoding="UTF-8"?>
<!-- Generated by org.testng.reporters.JUnitReportReporter -->
<testsuite skipped="0" hostname="Testriq-L17" name="com.bq.qa.LocationPageTest_TestRail.Locations_ApprovalPageTest" tests="8" failures="0" timestamp="02 Jun 2020 12:09:52 GMT" time="219.265" errors="0">
  <testcase name="selectGeostix2" time="7.514" classname="com.bq.qa.LocationPageTest_TestRail.Locations_ApprovalPageTest"/>
  <testcase name="Set_Preconditions" time="35.913" classname="com.bq.qa.LocationPageTest_TestRail.Locations_ApprovalPageTest"/>
  <testcase name="C584_VerifyifthenumbersdisplayedbytheDataIconscorrespondtothenumbersoftheappropriatelocationsdatainthetable" time="73.843" classname="com.bq.qa.LocationPageTest_TestRail.Locations_ApprovalPageTest"/>
  <testcase name="C586_CheckthatthenewlyaddedlocationappearsintheADDApprovalslist" time="28.507" classname="com.bq.qa.LocationPageTest_TestRail.Locations_ApprovalPageTest"/>
  <testcase name="C589_CheckthatwhentheADDlocationisapproveditdisappearsfromthelistoracquiresstatusMatchingRequired" time="20.314" classname="com.bq.qa.LocationPageTest_TestRail.Locations_ApprovalPageTest"/>
  <testcase name="C587_CheckthatthedeletedlocationappearsintheApprovallistwithtypeDELETE" time="6.301" classname="com.bq.qa.LocationPageTest_TestRail.Locations_ApprovalPageTest"/>
  <testcase name="C590_Checkthatthelocationisdeletedwhenselectingthelocationbyitscheckboxandthenclickingon_check_iconabovethetableonthright" time="19.618" classname="com.bq.qa.LocationPageTest_TestRail.Locations_ApprovalPageTest"/>
  <testcase name="C594_Checkthepagination" time="27.255" classname="com.bq.qa.LocationPageTest_TestRail.Locations_ApprovalPageTest"/>
</testsuite> <!-- com.bq.qa.LocationPageTest_TestRail.Locations_ApprovalPageTest -->
