<?xml version="1.0" encoding="UTF-8"?>
<!-- Generated by org.testng.reporters.JUnitReportReporter -->
<testsuite skipped="0" hostname="DESKTOP-Q9J1O2G" name="com.b1.qa.testcases.ReviewExportCSVReadTest" tests="6" failures="0" timestamp="05 Apr 2019 12:31:00 GMT" time="40.728" errors="0">
  <testcase name="ReviewsPageSetup" time="12.346" classname="com.b1.qa.testcases.ReviewExportCSVReadTest"/>
  <testcase name="clickOnPostingDate" time="5.185" classname="com.b1.qa.testcases.ReviewExportCSVReadTest"/>
  <testcase name="selectSavedReviews" time="3.339" classname="com.b1.qa.testcases.ReviewExportCSVReadTest"/>
  <testcase name="exportReviewData" time="4.621" classname="com.b1.qa.testcases.ReviewExportCSVReadTest"/>
  <testcase name="readExportCSVData" time="10.120" classname="com.b1.qa.testcases.ReviewExportCSVReadTest"/>
  <testcase name="ReviewDisable" time="5.117" classname="com.b1.qa.testcases.ReviewExportCSVReadTest"/>
</testsuite> <!-- com.b1.qa.testcases.ReviewExportCSVReadTest -->
