<?xml version="1.0" encoding="UTF-8"?>
<!-- Generated by org.testng.reporters.JUnitReportReporter -->
<testsuite skipped="0" hostname="Testriq-L17" name="com.b1.qa.DemoPageTestcases.DemoPageDefaultFieldValuesTest" tests="9" failures="0" timestamp="20 May 2019 06:48:00 GMT" time="55.347" errors="0">
  <testcase name="clickOnContextAndSelectgeostix" time="7.169" classname="com.b1.qa.DemoPageTestcases.DemoPageDefaultFieldValuesTest"/>
  <testcase name="VerifyDefaultFieldsValuesPage" time="0.820" classname="com.b1.qa.DemoPageTestcases.DemoPageDefaultFieldValuesTest"/>
  <testcase name="VerifySelectMasterCat" time="5.021" classname="com.b1.qa.DemoPageTestcases.DemoPageDefaultFieldValuesTest"/>
  <testcase name="VerifyUpdate" time="1.308" classname="com.b1.qa.DemoPageTestcases.DemoPageDefaultFieldValuesTest"/>
  <testcase name="VerifyselectHours" time="6.686" classname="com.b1.qa.DemoPageTestcases.DemoPageDefaultFieldValuesTest"/>
  <testcase name="VerifyselectSpecialHours" time="10.204" classname="com.b1.qa.DemoPageTestcases.DemoPageDefaultFieldValuesTest"/>
  <testcase name="VerifyClearData" time="7.413" classname="com.b1.qa.DemoPageTestcases.DemoPageDefaultFieldValuesTest"/>
  <testcase name="VerifyClearHoursData" time="1.056" classname="com.b1.qa.DemoPageTestcases.DemoPageDefaultFieldValuesTest"/>
  <testcase name="VerifyClearSpecialHoursData" time="15.670" classname="com.b1.qa.DemoPageTestcases.DemoPageDefaultFieldValuesTest"/>
</testsuite> <!-- com.b1.qa.DemoPageTestcases.DemoPageDefaultFieldValuesTest -->
