<?xml version="1.0" encoding="UTF-8"?>
<!-- Generated by org.testng.reporters.JUnitReportReporter -->
<testsuite skipped="0" hostname="DESKTOP-Q9J1O2G" name="com.b1.qa.testcases.ReviewsSortingTest" tests="6" failures="0" timestamp="18 Feb 2019 08:26:56 GMT" time="35.767" errors="0">
  <testcase name="clickOnContextAndSelectCheesecake" time="5.982" classname="com.b1.qa.testcases.ReviewsSortingTest"/>
  <testcase name="clickOnReviews" time="0.304" classname="com.b1.qa.testcases.ReviewsSortingTest"/>
  <testcase name="clickOnPostingDate" time="11.465" classname="com.b1.qa.testcases.ReviewsSortingTest"/>
  <testcase name="AddFilter" time="0.713" classname="com.b1.qa.testcases.ReviewsSortingTest"/>
  <testcase name="VerifyRespondFeature" time="6.628" classname="com.b1.qa.testcases.ReviewsSortingTest"/>
  <testcase name="VerifySourceProvider" time="10.675" classname="com.b1.qa.testcases.ReviewsSortingTest"/>
</testsuite> <!-- com.b1.qa.testcases.ReviewsSortingTest -->
