<?xml version="1.0" encoding="UTF-8"?>
<!-- Generated by org.testng.reporters.JUnitReportReporter -->
<testsuite skipped="0" hostname="Testriq-L17" name="com.qa.IgniteTestcases.AdminToolUIPageTest" tests="20" failures="0" timestamp="17 Mar 2020 08:04:00 GMT" time="89.380" errors="0">
  <testcase name="clickOnDefaultLocationAndGeostixAutomation" time="16.338" classname="com.qa.IgniteTestcases.AdminToolUIPageTest"/>
  <testcase name="ClickOnAdminTools" time="2.071" classname="com.qa.IgniteTestcases.AdminToolUIPageTest"/>
  <testcase name="VerifyAdminToolsTab" time="3.683" classname="com.qa.IgniteTestcases.AdminToolUIPageTest"/>
  <testcase name="GoToAdminTools_ProspectManagerTab" time="2.577" classname="com.qa.IgniteTestcases.AdminToolUIPageTest"/>
  <testcase name="VerifyAdminTools_ProspectManagerTab" time="2.351" classname="com.qa.IgniteTestcases.AdminToolUIPageTest"/>
  <testcase name="GoToAdminTools_CompititiveAnalysisBuilderTab" time="2.100" classname="com.qa.IgniteTestcases.AdminToolUIPageTest"/>
  <testcase name="VerifyAdminTools_CompititiveAnalysisBuilderTab" time="8.640" classname="com.qa.IgniteTestcases.AdminToolUIPageTest"/>
  <testcase name="GoToAdminTools_ContractBuilderTab" time="2.085" classname="com.qa.IgniteTestcases.AdminToolUIPageTest"/>
  <testcase name="VerifyAdminTools_ContractBuilderTab" time="4.904" classname="com.qa.IgniteTestcases.AdminToolUIPageTest"/>
  <testcase name="VerifyAdminTools_ContractBuilder_ImageAndFeatureListTab" time="2.463" classname="com.qa.IgniteTestcases.AdminToolUIPageTest"/>
  <testcase name="VerifyAdminTools_ContractBuilder_SelectOneorMoreFeatureForEachProducTab" time="2.062" classname="com.qa.IgniteTestcases.AdminToolUIPageTest"/>
  <testcase name="VerifyAdminTools_ContractBuilder_PleaseConfigureThePricingTab" time="2.177" classname="com.qa.IgniteTestcases.AdminToolUIPageTest"/>
  <testcase name="GoToAdminTools_AccountManagementTab" time="2.103" classname="com.qa.IgniteTestcases.AdminToolUIPageTest"/>
  <testcase name="VerifyAdminTools_AccountManagementTab" time="18.715" classname="com.qa.IgniteTestcases.AdminToolUIPageTest"/>
  <testcase name="GoToAdminTools_CustomInvoiceBuilderTab" time="5.124" classname="com.qa.IgniteTestcases.AdminToolUIPageTest"/>
  <testcase name="VerifyAdminTools_CustomInvoiceBuilder_InvoiceInformationTab" time="3.151" classname="com.qa.IgniteTestcases.AdminToolUIPageTest"/>
  <testcase name="VerifyAdminTools_CustomInvoiceBuilder_SelectOneorMoreProductsFromTheListBelowTab" time="2.499" classname="com.qa.IgniteTestcases.AdminToolUIPageTest"/>
  <testcase name="VerifyAdminTools_CustomInvoiceBuilder_SelectOneorMoreFeatureForEachProducTab" time="2.092" classname="com.qa.IgniteTestcases.AdminToolUIPageTest"/>
  <testcase name="VerifyAdminTools_CustomInvoiceBuilder_PleaseConfigureThePricingTab" time="2.189" classname="com.qa.IgniteTestcases.AdminToolUIPageTest"/>
  <testcase name="GoToAdminTools_FacebookLoginTab" time="2.056" classname="com.qa.IgniteTestcases.AdminToolUIPageTest"/>
</testsuite> <!-- com.qa.IgniteTestcases.AdminToolUIPageTest -->
