<?xml version="1.0" encoding="UTF-8"?>
<!-- Generated by org.testng.reporters.JUnitReportReporter -->
<testsuite skipped="0" hostname="Testriq-L17" name="com.b1.qa.DemoPageTestcases.DemoPageAccountsLocationGroupTest" tests="8" failures="0" timestamp="14 May 2019 08:12:22 GMT" time="20.715" errors="0">
  <testcase name="clickOnContextAndSelectgeostix" time="7.701" classname="com.b1.qa.DemoPageTestcases.DemoPageAccountsLocationGroupTest"/>
  <testcase name="VerifyLocationGroupTab" time="0.768" classname="com.b1.qa.DemoPageTestcases.DemoPageAccountsLocationGroupTest"/>
  <testcase name="VerifyAddLocationGroup" time="0.276" classname="com.b1.qa.DemoPageTestcases.DemoPageAccountsLocationGroupTest"/>
  <testcase name="VerifySelectManually" time="0.289" classname="com.b1.qa.DemoPageTestcases.DemoPageAccountsLocationGroupTest"/>
  <testcase name="VerifyLocationGroupName" time="0.869" classname="com.b1.qa.DemoPageTestcases.DemoPageAccountsLocationGroupTest"/>
  <testcase name="VerifySubmit" time="0.169" classname="com.b1.qa.DemoPageTestcases.DemoPageAccountsLocationGroupTest"/>
  <testcase name="VerifyNewRecord" time="1.000" classname="com.b1.qa.DemoPageTestcases.DemoPageAccountsLocationGroupTest"/>
  <testcase name="VerifyDeleteRecord" time="9.643" classname="com.b1.qa.DemoPageTestcases.DemoPageAccountsLocationGroupTest"/>
</testsuite> <!-- com.b1.qa.DemoPageTestcases.DemoPageAccountsLocationGroupTest -->
