<?xml version="1.0" encoding="UTF-8"?>
<!-- Generated by org.testng.reporters.JUnitReportReporter -->
<testsuite skipped="0" hostname="Testriq-L17" name="com.qa.Prod_IgniteUIPageTestcases.Prod_ReportsPageTest" tests="9" failures="0" timestamp="05 Jun 2020 13:39:20 GMT" time="105.986" errors="0">
  <testcase name="clickOnProd_DefaultLocationAndGeostixAutomation" time="16.987" classname="com.qa.Prod_IgniteUIPageTestcases.Prod_ReportsPageTest"/>
  <testcase name="C1643_VerifyClickon_ReportsTab" time="7.783" classname="com.qa.Prod_IgniteUIPageTestcases.Prod_ReportsPageTest"/>
  <testcase name="C1644_VerifyeachtabonReportsmenu" time="2.657" classname="com.qa.Prod_IgniteUIPageTestcases.Prod_ReportsPageTest"/>
  <testcase name="C1645_Report_VerifyallUIelementarepresent" time="4.449" classname="com.qa.Prod_IgniteUIPageTestcases.Prod_ReportsPageTest"/>
  <testcase name="C1649_VerifyExporttableoptionwithcsvformat" time="10.721" classname="com.qa.Prod_IgniteUIPageTestcases.Prod_ReportsPageTest"/>
  <testcase name="C1650_VerifyExporttableoptionwithxlsformat" time="21.242" classname="com.qa.Prod_IgniteUIPageTestcases.Prod_ReportsPageTest"/>
  <testcase name="C1648_VerifyExporttableoptionwithTABformat" time="17.648" classname="com.qa.Prod_IgniteUIPageTestcases.Prod_ReportsPageTest"/>
  <testcase name="C1652_Flexmonster_VerifyallUIelementarepresent" time="16.995" classname="com.qa.Prod_IgniteUIPageTestcases.Prod_ReportsPageTest"/>
  <testcase name="C1653_InstantUpdateReport_VerifyallUIelementarepresent" time="7.504" classname="com.qa.Prod_IgniteUIPageTestcases.Prod_ReportsPageTest"/>
</testsuite> <!-- com.qa.Prod_IgniteUIPageTestcases.Prod_ReportsPageTest -->
