<?xml version="1.0" encoding="UTF-8"?>
<!-- Generated by org.testng.reporters.JUnitReportReporter -->
<testsuite skipped="0" hostname="Testriq-L17" name="com.b1.qa.DemoPageTestcases.DemoPageInsightsTest" tests="51" failures="0" timestamp="20 May 2019 11:01:55 GMT" time="151.531" errors="0">
  <testcase name="clickOnContextAndSelectFortunaRestaurant" time="7.630" classname="com.b1.qa.DemoPageTestcases.DemoPageInsightsTest"/>
  <testcase name="CheckMenuPresent" time="4.734" classname="com.b1.qa.DemoPageTestcases.DemoPageInsightsTest"/>
  <testcase name="VerifyClickOnBrandscore" time="2.503" classname="com.b1.qa.DemoPageTestcases.DemoPageInsightsTest"/>
  <testcase name="VerifyReportOnTotalBrandScore" time="2.201" classname="com.b1.qa.DemoPageTestcases.DemoPageInsightsTest"/>
  <testcase name="VerifyReportGeneratedOnTopList" time="0.239" classname="com.b1.qa.DemoPageTestcases.DemoPageInsightsTest"/>
  <testcase name="VerifyReportGeneratedOnBottomList" time="1.235" classname="com.b1.qa.DemoPageTestcases.DemoPageInsightsTest"/>
  <testcase name="VerifyCheckListingsBrandScore" time="0.181" classname="com.b1.qa.DemoPageTestcases.DemoPageInsightsTest"/>
  <testcase name="VerifyReportGeneratedOnTopListOfListings" time="1.672" classname="com.b1.qa.DemoPageTestcases.DemoPageInsightsTest"/>
  <testcase name="VerifyReportGeneratedOnBottomListOfListings" time="1.312" classname="com.b1.qa.DemoPageTestcases.DemoPageInsightsTest"/>
  <testcase name="VerifyCheckEngagementBrandScore" time="0.224" classname="com.b1.qa.DemoPageTestcases.DemoPageInsightsTest"/>
  <testcase name="VerifyReportGeneratedOnTopListOfEngagement" time="1.920" classname="com.b1.qa.DemoPageTestcases.DemoPageInsightsTest"/>
  <testcase name="VerifyReportGeneratedOnBottomListOfEngagement" time="1.230" classname="com.b1.qa.DemoPageTestcases.DemoPageInsightsTest"/>
  <testcase name="VerifyCheckReviewsBrandScore" time="0.199" classname="com.b1.qa.DemoPageTestcases.DemoPageInsightsTest"/>
  <testcase name="VerifyReportGeneratedOnTopListOfReviews" time="1.641" classname="com.b1.qa.DemoPageTestcases.DemoPageInsightsTest"/>
  <testcase name="VerifyReportGeneratedOnBottomListOfReviews" time="1.255" classname="com.b1.qa.DemoPageTestcases.DemoPageInsightsTest"/>
  <testcase name="VerifyCheckSearchBrandScore" time="0.152" classname="com.b1.qa.DemoPageTestcases.DemoPageInsightsTest"/>
  <testcase name="VerifyReportGeneratedOnTopListOfSearch" time="1.976" classname="com.b1.qa.DemoPageTestcases.DemoPageInsightsTest"/>
  <testcase name="VerifyReportGeneratedOnBottomListOfSearch" time="1.236" classname="com.b1.qa.DemoPageTestcases.DemoPageInsightsTest"/>
  <testcase name="VerifyClickOnReviews" time="2.467" classname="com.b1.qa.DemoPageTestcases.DemoPageInsightsTest"/>
  <testcase name="VerifyReviewsPublisherReport" time="0.622" classname="com.b1.qa.DemoPageTestcases.DemoPageInsightsTest"/>
  <testcase name="DisableAllLinks" time="1.269" classname="com.b1.qa.DemoPageTestcases.DemoPageInsightsTest"/>
  <testcase name="VerifyAllDisableLinks" time="0.275" classname="com.b1.qa.DemoPageTestcases.DemoPageInsightsTest"/>
  <testcase name="DelectingGoogleValue" time="2.570" classname="com.b1.qa.DemoPageTestcases.DemoPageInsightsTest"/>
  <testcase name="VerifyDeselectingGoogleValue" time="15.678" classname="com.b1.qa.DemoPageTestcases.DemoPageInsightsTest"/>
  <testcase name="VerifyReviewValueAfterSelectingGoogle" time="6.029" classname="com.b1.qa.DemoPageTestcases.DemoPageInsightsTest"/>
  <testcase name="VerifyDeselectingFacebookValue" time="2.434" classname="com.b1.qa.DemoPageTestcases.DemoPageInsightsTest"/>
  <testcase name="VerifyReviewValueAfterSelectingFacebook" time="2.079" classname="com.b1.qa.DemoPageTestcases.DemoPageInsightsTest"/>
  <testcase name="VerifyClickOnSearch" time="2.370" classname="com.b1.qa.DemoPageTestcases.DemoPageInsightsTest"/>
  <testcase name="VerifySearchFilters" time="5.080" classname="com.b1.qa.DemoPageTestcases.DemoPageInsightsTest"/>
  <testcase name="VerifySearchgeneratedReport" time="0.188" classname="com.b1.qa.DemoPageTestcases.DemoPageInsightsTest"/>
  <testcase name="VerifyLocationOnRank" time="0.981" classname="com.b1.qa.DemoPageTestcases.DemoPageInsightsTest"/>
  <testcase name="VerifySearchFilterAgain" time="7.112" classname="com.b1.qa.DemoPageTestcases.DemoPageInsightsTest"/>
  <testcase name="VerifyLocationOnRank1" time="0.823" classname="com.b1.qa.DemoPageTestcases.DemoPageInsightsTest"/>
  <testcase name="VerifySearchFilterWithAllOptions" time="6.831" classname="com.b1.qa.DemoPageTestcases.DemoPageInsightsTest"/>
  <testcase name="VerifyLocationOnRank2" time="0.872" classname="com.b1.qa.DemoPageTestcases.DemoPageInsightsTest"/>
  <testcase name="VerifySearchFilterUsingDays" time="2.343" classname="com.b1.qa.DemoPageTestcases.DemoPageInsightsTest"/>
  <testcase name="VerifyLocationOnRankAfterSelectingDays" time="4.369" classname="com.b1.qa.DemoPageTestcases.DemoPageInsightsTest"/>
  <testcase name="VerifyClickOnEngagement" time="2.392" classname="com.b1.qa.DemoPageTestcases.DemoPageInsightsTest"/>
  <testcase name="VerifyEngagementGeneratedReports" time="0.275" classname="com.b1.qa.DemoPageTestcases.DemoPageInsightsTest"/>
  <testcase name="ClickOnEngagementForFaceBook" time="3.366" classname="com.b1.qa.DemoPageTestcases.DemoPageInsightsTest"/>
  <testcase name="VerifyEngagementGeneratedReportsForFB" time="0.475" classname="com.b1.qa.DemoPageTestcases.DemoPageInsightsTest"/>
  <testcase name="ClickOnEngagementForYelp" time="3.317" classname="com.b1.qa.DemoPageTestcases.DemoPageInsightsTest"/>
  <testcase name="VerifyEngagementGeneratedReportsForYelp" time="0.189" classname="com.b1.qa.DemoPageTestcases.DemoPageInsightsTest"/>
  <testcase name="ClickOnEngagementForFS" time="3.438" classname="com.b1.qa.DemoPageTestcases.DemoPageInsightsTest"/>
  <testcase name="VerifyEngagementGeneratedReportsForFS" time="0.135" classname="com.b1.qa.DemoPageTestcases.DemoPageInsightsTest"/>
  <testcase name="ClickOnLocator" time="4.673" classname="com.b1.qa.DemoPageTestcases.DemoPageInsightsTest"/>
  <testcase name="VerifyLocatorGeneratedReports" time="0.326" classname="com.b1.qa.DemoPageTestcases.DemoPageInsightsTest"/>
  <testcase name="ClickOnGoogleQnA" time="2.314" classname="com.b1.qa.DemoPageTestcases.DemoPageInsightsTest"/>
  <testcase name="VerifyGoogleQnAGeneratedReports" time="0.129" classname="com.b1.qa.DemoPageTestcases.DemoPageInsightsTest"/>
  <testcase name="ClickOnExecutiveReports" time="2.337" classname="com.b1.qa.DemoPageTestcases.DemoPageInsightsTest"/>
  <testcase name="VerifyExecutiveGeneratedReports" time="32.233" classname="com.b1.qa.DemoPageTestcases.DemoPageInsightsTest"/>
</testsuite> <!-- com.b1.qa.DemoPageTestcases.DemoPageInsightsTest -->
