<?xml version="1.0" encoding="UTF-8"?>
<!-- Generated by org.testng.reporters.JUnitReportReporter -->
<testsuite skipped="0" hostname="DESKTOP-Q9J1O2G" name="com.b1.qa.testcases.InsightsReportsPageTest" tests="3" failures="0" timestamp="25 Mar 2019 09:28:47 GMT" time="10.339" errors="0">
  <testcase name="clickOnContextAndSelectBJ" time="6.028" classname="com.b1.qa.testcases.InsightsReportsPageTest"/>
  <testcase name="clickOnReports" time="4.241" classname="com.b1.qa.testcases.InsightsReportsPageTest"/>
  <testcase name="VerifyReportsData" time="0.070" classname="com.b1.qa.testcases.InsightsReportsPageTest"/>
</testsuite> <!-- com.b1.qa.testcases.InsightsReportsPageTest -->
