<?xml version="1.0" encoding="UTF-8"?>
<!-- Generated by org.testng.reporters.JUnitReportReporter -->
<testsuite skipped="0" hostname="Testriq-L17" name="com.qa.IgniteTestcases.ClaimingPage_TestRailTest" tests="23" failures="0" timestamp="03 Jun 2020 10:03:27 GMT" time="296.334" errors="0">
  <testcase name="clickOnDefaultLocationAndGeostixAutomation" time="15.813" classname="com.qa.IgniteTestcases.ClaimingPage_TestRailTest"/>
  <testcase name="C785_VerifyClickon_ClaimingTab" time="6.534" classname="com.qa.IgniteTestcases.ClaimingPage_TestRailTest"/>
  <testcase name="C954_Verify_Claimingtab" time="3.358" classname="com.qa.IgniteTestcases.ClaimingPage_TestRailTest"/>
  <testcase name="C786_ColumnMap_VerifyallUIelementarepresent" time="7.472" classname="com.qa.IgniteTestcases.ClaimingPage_TestRailTest"/>
  <testcase name="C955_Verifywhethertheuserisabletoaddcommentstorequiredcolumnsunderthecolumnmappingofaspecificdistributor" time="32.213" classname="com.qa.IgniteTestcases.ClaimingPage_TestRailTest"/>
  <testcase name="C956_Verifywhetherthecommentsaddedtotherequiredcolumnscanbeviewedbydifferentusers" time="58.595" classname="com.qa.IgniteTestcases.ClaimingPage_TestRailTest"/>
  <testcase name="C957_Verifywhethertheuserisabletoaddcommentswithspecialcharacters" time="3.009" classname="com.qa.IgniteTestcases.ClaimingPage_TestRailTest"/>
  <testcase name="C958_Verifyrequiredfields_lock_iconoptionalfieldsicon" time="17.546" classname="com.qa.IgniteTestcases.ClaimingPage_TestRailTest"/>
  <testcase name="C959_VerifyChangeDistributor" time="3.000" classname="com.qa.IgniteTestcases.ClaimingPage_TestRailTest"/>
  <testcase name="C960_VerifyAddFilter" time="24.530" classname="com.qa.IgniteTestcases.ClaimingPage_TestRailTest"/>
  <testcase name="C961_VerifyDeletefilter" time="20.133" classname="com.qa.IgniteTestcases.ClaimingPage_TestRailTest"/>
  <testcase name="C787_OnDemand_VerifyallUIelementarepresent" time="7.100" classname="com.qa.IgniteTestcases.ClaimingPage_TestRailTest"/>
  <testcase name="C788_Schedule_VerifyallUIelementarepresent" time="7.350" classname="com.qa.IgniteTestcases.ClaimingPage_TestRailTest"/>
  <testcase name="C962_VerifySelectFrequency" time="10.105" classname="com.qa.IgniteTestcases.ClaimingPage_TestRailTest"/>
  <testcase name="C789_History_VerifyallUIelementarepresent" time="15.822" classname="com.qa.IgniteTestcases.ClaimingPage_TestRailTest"/>
  <testcase name="C963_VerifyifusercanaccessPostHistory" time="3.672" classname="com.qa.IgniteTestcases.ClaimingPage_TestRailTest"/>
  <testcase name="C964_VerifyViewReport" time="14.598" classname="com.qa.IgniteTestcases.ClaimingPage_TestRailTest"/>
  <testcase name="C790_Configuration_VerifyallUIelementarepresent" time="8.936" classname="com.qa.IgniteTestcases.ClaimingPage_TestRailTest"/>
  <testcase name="C965_VerifyifusercanaccessConfiguration" time="3.253" classname="com.qa.IgniteTestcases.ClaimingPage_TestRailTest"/>
  <testcase name="C966_VerifyAddConfiguration" time="5.719" classname="com.qa.IgniteTestcases.ClaimingPage_TestRailTest"/>
  <testcase name="C967_VerifySaveChanges" time="10.790" classname="com.qa.IgniteTestcases.ClaimingPage_TestRailTest"/>
  <testcase name="C791_ImportData_VerifyallUIelementarepresent" time="7.733" classname="com.qa.IgniteTestcases.ClaimingPage_TestRailTest"/>
  <testcase name="C793_DataOverride_VerifyallUIelementarepresent" time="9.053" classname="com.qa.IgniteTestcases.ClaimingPage_TestRailTest"/>
</testsuite> <!-- com.qa.IgniteTestcases.ClaimingPage_TestRailTest -->
