<?xml version="1.0" encoding="UTF-8"?>
<!-- Generated by org.testng.reporters.JUnitReportReporter -->
<testsuite skipped="0" hostname="Testriq-L17" name="com.qa.IgniteTestcases.LeadsPage_TestRailTest" tests="35" failures="0" timestamp="03 Jun 2020 10:44:38 GMT" time="532.478" errors="0">
  <testcase name="clickOnDefaultLocationAndGeostixAutomation" time="16.066" classname="com.qa.IgniteTestcases.LeadsPage_TestRailTest"/>
  <testcase name="C799_VerifyClickonLeadsTab" time="6.884" classname="com.qa.IgniteTestcases.LeadsPage_TestRailTest"/>
  <testcase name="C800_Manager_VerifyallUIelementarepresent" time="3.891" classname="com.qa.IgniteTestcases.LeadsPage_TestRailTest"/>
  <testcase name="C883_Manager_EditCampaign" time="55.441" classname="com.qa.IgniteTestcases.LeadsPage_TestRailTest"/>
  <testcase name="C884_Manager_VerifyViewSubscriberslink" time="12.593" classname="com.qa.IgniteTestcases.LeadsPage_TestRailTest"/>
  <testcase name="C801_Subscribers_VerifyallUIelementarepresent" time="5.814" classname="com.qa.IgniteTestcases.LeadsPage_TestRailTest"/>
  <testcase name="C888_Subscribers_VerifyAddSubscriberform" time="5.308" classname="com.qa.IgniteTestcases.LeadsPage_TestRailTest"/>
  <testcase name="C889_Subscribers_Addnewsubscriber" time="13.723" classname="com.qa.IgniteTestcases.LeadsPage_TestRailTest"/>
  <testcase name="C890_Subscribers_Searchsubscriber" time="10.838" classname="com.qa.IgniteTestcases.LeadsPage_TestRailTest"/>
  <testcase name="C891_Subscribers_Searchsubscriber_nosearchresults" time="13.246" classname="com.qa.IgniteTestcases.LeadsPage_TestRailTest"/>
  <testcase name="C892_Subscribers_VerifyEditthisCampaignbutton" time="3.000" classname="com.qa.IgniteTestcases.LeadsPage_TestRailTest"/>
  <testcase name="C893_Subscribers_TypesofDownloadbuttons" time="13.470" classname="com.qa.IgniteTestcases.LeadsPage_TestRailTest"/>
  <testcase name="C895_Subscribers_Download_tab" time="19.027" classname="com.qa.IgniteTestcases.LeadsPage_TestRailTest"/>
  <testcase name="C896_Subscribers_Download_xls" time="17.011" classname="com.qa.IgniteTestcases.LeadsPage_TestRailTest"/>
  <testcase name="C909_Subscribers_Verifyaddnewsubscriberwithduplicateemailaddres" time="17.123" classname="com.qa.IgniteTestcases.LeadsPage_TestRailTest"/>
  <testcase name="C897_Subscribers_Editsubscriber" time="14.003" classname="com.qa.IgniteTestcases.LeadsPage_TestRailTest"/>
  <testcase name="C898_Subscribers_Deletesubscriber" time="11.664" classname="com.qa.IgniteTestcases.LeadsPage_TestRailTest"/>
  <testcase name="C802_Messages_VerifyallUIelementarepresent" time="5.804" classname="com.qa.IgniteTestcases.LeadsPage_TestRailTest"/>
  <testcase name="C899_Messages_VerifyMessages_ConfigureMessagetab" time="3.428" classname="com.qa.IgniteTestcases.LeadsPage_TestRailTest"/>
  <testcase name="C900_Messages_VerifyMessages_ScheduleMessagetab" time="5.482" classname="com.qa.IgniteTestcases.LeadsPage_TestRailTest"/>
  <testcase name="C901_Messages_VerifyMessages_ComposeMessagetab" time="5.712" classname="com.qa.IgniteTestcases.LeadsPage_TestRailTest"/>
  <testcase name="C902_Messages_VerifySelectType_Email" time="8.307" classname="com.qa.IgniteTestcases.LeadsPage_TestRailTest"/>
  <testcase name="C903_Messages_VerifySelectType_SMSFaxVoicemailFormValidationMobileMessageandEmailPlainText" time="3.018" classname="com.qa.IgniteTestcases.LeadsPage_TestRailTest"/>
  <testcase name="C904_Messages_AddaMessage_Email" time="16.087" classname="com.qa.IgniteTestcases.LeadsPage_TestRailTest"/>
  <testcase name="C905_Messages_AddaMessage_Voicemail" time="21.695" classname="com.qa.IgniteTestcases.LeadsPage_TestRailTest"/>
  <testcase name="C1176_Messages_AddaMessage_SMS" time="21.436" classname="com.qa.IgniteTestcases.LeadsPage_TestRailTest"/>
  <testcase name="C1177_Messages_AddaMessage_Fax" time="21.668" classname="com.qa.IgniteTestcases.LeadsPage_TestRailTest"/>
  <testcase name="C1178_Messages_AddaMessage_FormValidation" time="21.661" classname="com.qa.IgniteTestcases.LeadsPage_TestRailTest"/>
  <testcase name="C906_Messages_EditaMessage" time="22.021" classname="com.qa.IgniteTestcases.LeadsPage_TestRailTest"/>
  <testcase name="C907_Messages_DeleteaMessage" time="62.604" classname="com.qa.IgniteTestcases.LeadsPage_TestRailTest"/>
  <testcase name="C803_Campaigns_VerifyallUIelementarepresent" time="9.266" classname="com.qa.IgniteTestcases.LeadsPage_TestRailTest"/>
  <testcase name="C885_Campaigns_EndCampaign" time="16.038" classname="com.qa.IgniteTestcases.LeadsPage_TestRailTest"/>
  <testcase name="C886_Campaigns_StartCampaign" time="25.174" classname="com.qa.IgniteTestcases.LeadsPage_TestRailTest"/>
  <testcase name="C887_Campaigns_ClickViewSubscriberlinkfromEditCampaignform" time="17.738" classname="com.qa.IgniteTestcases.LeadsPage_TestRailTest"/>
  <testcase name="C804_BatchSMS_VerifyallUIelementarepresent" time="6.237" classname="com.qa.IgniteTestcases.LeadsPage_TestRailTest"/>
</testsuite> <!-- com.qa.IgniteTestcases.LeadsPage_TestRailTest -->
