<?xml version="1.0" encoding="UTF-8"?>
<!-- Generated by org.testng.reporters.JUnitReportReporter -->
<testsuite skipped="0" hostname="Testriq-L17" name="com.bq.qa.LocationPageTest_TestRail.Locations_HealthPageTest" tests="10" failures="0" timestamp="02 Jun 2020 12:05:05 GMT" time="292.989" errors="0">
  <testcase name="clickOnContextAndSelectCheesecake" time="7.495" classname="com.bq.qa.LocationPageTest_TestRail.Locations_HealthPageTest"/>
  <testcase name="C660_VerifyHealthOverviewUI" time="10.169" classname="com.bq.qa.LocationPageTest_TestRail.Locations_HealthPageTest"/>
  <testcase name="C1315_VerifyHealthOverviewUIwhenasinglelocationisselectedintheContext" time="9.051" classname="com.bq.qa.LocationPageTest_TestRail.Locations_HealthPageTest"/>
  <testcase name="C1316_VerifythedatepickerfunctionalitywhenasinglelocationisselectedintheContext" time="5.429" classname="com.bq.qa.LocationPageTest_TestRail.Locations_HealthPageTest"/>
  <testcase name="C1317_ChecktheexportfunctionalitywhenasinglelocationisselectedintheContext" time="32.157" classname="com.bq.qa.LocationPageTest_TestRail.Locations_HealthPageTest"/>
  <testcase name="C661_VerifythatclickingonthedatacellfromthetableredirectstotheHealthpagefilteredbytheissuetypeandthepublisherselected" time="24.403" classname="com.bq.qa.LocationPageTest_TestRail.Locations_HealthPageTest"/>
  <testcase name="C1329_VerifyHealthpageUI" time="2.005" classname="com.bq.qa.LocationPageTest_TestRail.Locations_HealthPageTest"/>
  <testcase name="C662_Verifythefilterfunctionality" time="124.060" classname="com.bq.qa.LocationPageTest_TestRail.Locations_HealthPageTest"/>
  <testcase name="C1339_Checkthatthenumbersdisplayedbytheiconscorrespondtonumbersofthevaluesinthetableresultedperfiltersselected" time="8.952" classname="com.bq.qa.LocationPageTest_TestRail.Locations_HealthPageTest"/>
  <testcase name="C1340_Verifythetabledata" time="69.268" classname="com.bq.qa.LocationPageTest_TestRail.Locations_HealthPageTest"/>
</testsuite> <!-- com.bq.qa.LocationPageTest_TestRail.Locations_HealthPageTest -->
