<?xml version="1.0" encoding="UTF-8"?>
<!-- Generated by org.testng.reporters.JUnitReportReporter -->
<testsuite skipped="0" hostname="Testriq-L17" name="com.qa.Prod_IgniteUIPageTestcases.Prod_LaunchpadUIPageTest" tests="9" failures="0" timestamp="05 Jun 2020 13:10:48 GMT" time="49.623" errors="0">
  <testcase name="clickOnProd_DefaultLocationAndGeostixAutomation" time="19.897" classname="com.qa.Prod_IgniteUIPageTestcases.Prod_LaunchpadUIPageTest"/>
  <testcase name="VerifyPageTabs" time="1.575" classname="com.qa.Prod_IgniteUIPageTestcases.Prod_LaunchpadUIPageTest"/>
  <testcase name="GoToLaunchPad" time="4.932" classname="com.qa.Prod_IgniteUIPageTestcases.Prod_LaunchpadUIPageTest"/>
  <testcase name="VerifyLaunchPad" time="8.473" classname="com.qa.Prod_IgniteUIPageTestcases.Prod_LaunchpadUIPageTest"/>
  <testcase name="VerifySwitchToLineChart_ChannelsPerformance" time="5.290" classname="com.qa.Prod_IgniteUIPageTestcases.Prod_LaunchpadUIPageTest"/>
  <testcase name="VerifySwitchToLineChart_LocationDataQualitySummary" time="2.082" classname="com.qa.Prod_IgniteUIPageTestcases.Prod_LaunchpadUIPageTest"/>
  <testcase name="VerifySwitchToPieChart" time="2.167" classname="com.qa.Prod_IgniteUIPageTestcases.Prod_LaunchpadUIPageTest"/>
  <testcase name="VerifySwitchToPieChart_ChannelPerformance" time="3.160" classname="com.qa.Prod_IgniteUIPageTestcases.Prod_LaunchpadUIPageTest"/>
  <testcase name="VerifySwitchToPieChart_LocationDataQualitySummary" time="2.047" classname="com.qa.Prod_IgniteUIPageTestcases.Prod_LaunchpadUIPageTest"/>
</testsuite> <!-- com.qa.Prod_IgniteUIPageTestcases.Prod_LaunchpadUIPageTest -->
