<?xml version="1.0" encoding="UTF-8"?>
<!-- Generated by org.testng.reporters.JUnitReportReporter -->
<testsuite skipped="0" hostname="Testriq-L17" name="com.b1.qa.testcases.NEDPPageTest" tests="7" failures="0" timestamp="12 Aug 2019 07:15:45 GMT" time="56.689" errors="0">
  <testcase name="EnterHomePageUrl" time="3.037" classname="com.b1.qa.testcases.NEDPPageTest"/>
  <testcase name="ClickOnAgencyLogin" time="6.624" classname="com.b1.qa.testcases.NEDPPageTest"/>
  <testcase name="CreateSessionTemplates" time="18.786" classname="com.b1.qa.testcases.NEDPPageTest"/>
  <testcase name="CreateTestingSessions" time="7.145" classname="com.b1.qa.testcases.NEDPPageTest"/>
  <testcase name="StartSession" time="5.808" classname="com.b1.qa.testcases.NEDPPageTest"/>
  <testcase name="DeleteSessionTemplets" time="12.212" classname="com.b1.qa.testcases.NEDPPageTest"/>
  <testcase name="SessionLogout" time="3.077" classname="com.b1.qa.testcases.NEDPPageTest"/>
</testsuite> <!-- com.b1.qa.testcases.NEDPPageTest -->
