<?xml version="1.0" encoding="UTF-8"?>
<!-- Generated by org.testng.reporters.JUnitReportReporter -->
<testsuite skipped="0" hostname="DESKTOP-Q9J1O2G" name="com.b1.qa.testcases.ReviewFilterTest" tests="7" failures="0" timestamp="14 Feb 2019 14:49:30 GMT" time="30.523" errors="0">
  <testcase name="clickOnContextAndSelectBJAccount" time="6.590" classname="com.b1.qa.testcases.ReviewFilterTest"/>
  <testcase name="clickOnReviews" time="0.176" classname="com.b1.qa.testcases.ReviewFilterTest"/>
  <testcase name="clickOnPostingDate" time="7.315" classname="com.b1.qa.testcases.ReviewFilterTest"/>
  <testcase name="AddFilter" time="6.570" classname="com.b1.qa.testcases.ReviewFilterTest"/>
  <testcase name="AuthorSearch" time="9.643" classname="com.b1.qa.testcases.ReviewFilterTest"/>
  <testcase name="VerifyReviewSearchResult" time="0.110" classname="com.b1.qa.testcases.ReviewFilterTest"/>
  <testcase name="RemoveFilter" time="0.119" classname="com.b1.qa.testcases.ReviewFilterTest"/>
</testsuite> <!-- com.b1.qa.testcases.ReviewFilterTest -->
