<?xml version="1.0" encoding="UTF-8"?>
<!-- Generated by org.testng.reporters.JUnitReportReporter -->
<testsuite skipped="0" hostname="Ravi" name="com.b1.qa.testcases.WebCheckTestPage" tests="3" failures="0" timestamp="2021-01-07T10:04:58 IST" time="53.570" errors="0">
  <testcase name="VerifyMirketaWebPageAnd_BrokenLinks" time="18.163" classname="com.b1.qa.testcases.WebCheckTestPage"/>
  <system-out/>
  <testcase name="VerifyElixireHRWebPageAnd_BrokenLinks" time="15.889" classname="com.b1.qa.testcases.WebCheckTestPage"/>
  <system-out/>
  <testcase name="VerifyRoundRobinDistributorWebPageAnd_BrokenLinks" time="19.518" classname="com.b1.qa.testcases.WebCheckTestPage"/>
  <system-out/>
</testsuite> <!-- com.b1.qa.testcases.WebCheckTestPage -->
