<?xml version="1.0" encoding="UTF-8"?>
<!-- Generated by org.testng.reporters.JUnitReportReporter -->
<testsuite skipped="0" hostname="Testriq-L17" name="com.b1.qa.testcases.ReviewReportsTest" tests="7" failures="0" timestamp="30 Aug 2019 10:33:18 GMT" time="44.693" errors="0">
  <testcase name="clickOnContextAndSelectCheesecake" time="6.582" classname="com.b1.qa.testcases.ReviewReportsTest"/>
  <testcase name="clickOnReviews" time="12.235" classname="com.b1.qa.testcases.ReviewReportsTest"/>
  <testcase name="ClickOnReviewReport" time="3.808" classname="com.b1.qa.testcases.ReviewReportsTest"/>
  <testcase name="VerifyBlankDataErrorMsg" time="2.327" classname="com.b1.qa.testcases.ReviewReportsTest"/>
  <testcase name="VerifyReviewReportOptions" time="0.514" classname="com.b1.qa.testcases.ReviewReportsTest"/>
  <testcase name="EnterReviewReportData" time="12.935" classname="com.b1.qa.testcases.ReviewReportsTest"/>
  <testcase name="VerifyEnteredReviewReportData" time="6.292" classname="com.b1.qa.testcases.ReviewReportsTest"/>
</testsuite> <!-- com.b1.qa.testcases.ReviewReportsTest -->
