<?xml version="1.0" encoding="UTF-8"?>
<!-- Generated by org.testng.reporters.JUnitReportReporter -->
<testsuite skipped="0" hostname="Testriq-L17" name="com.qa.IgniteTestcases.ReportsPageTest" tests="7" failures="0" timestamp="12 May 2020 04:20:55 GMT" time="91.768" errors="0">
  <testcase name="clickOnDefaultLocationAndGeostixAutomation" time="16.072" classname="com.qa.IgniteTestcases.ReportsPageTest"/>
  <testcase name="ClickonReports" time="9.166" classname="com.qa.IgniteTestcases.ReportsPageTest"/>
  <testcase name="C1035_VerifyEachTabOn_Reports_Menu" time="2.255" classname="com.qa.IgniteTestcases.ReportsPageTest"/>
  <testcase name="C1164_Verify_ExportTable_OptionWithCSVFormat" time="10.307" classname="com.qa.IgniteTestcases.ReportsPageTest"/>
  <testcase name="C1165_Verify_Exporttable_Optionwith_xlsFormat" time="20.849" classname="com.qa.IgniteTestcases.ReportsPageTest"/>
  <testcase name="C1038_Verify_Exporttable_OptionwithTABformat" time="17.253" classname="com.qa.IgniteTestcases.ReportsPageTest"/>
  <testcase name="C797_Flexmonster_VerifyAllUIElementarePresent" time="15.866" classname="com.qa.IgniteTestcases.ReportsPageTest"/>
</testsuite> <!-- com.qa.IgniteTestcases.ReportsPageTest -->
