<?xml version="1.0" encoding="UTF-8"?>
<!-- Generated by org.testng.reporters.JUnitReportReporter -->
<testsuite skipped="0" hostname="DESKTOP-Q9J1O2G" name="com.b1.qa.testcases.SaveFilterAndSorting" tests="11" failures="0" timestamp="25 Feb 2019 07:20:06 GMT" time="60.155" errors="0">
  <testcase name="ReviewsPageSetup" time="12.197" classname="com.b1.qa.testcases.SaveFilterAndSorting"/>
  <testcase name="selectAllPostingDate" time="7.176" classname="com.b1.qa.testcases.SaveFilterAndSorting"/>
  <testcase name="addSaveFilter" time="5.939" classname="com.b1.qa.testcases.SaveFilterAndSorting"/>
  <testcase name="deleteFilter" time="1.212" classname="com.b1.qa.testcases.SaveFilterAndSorting"/>
  <testcase name="VerifyTotalReviewsFor10" time="4.132" classname="com.b1.qa.testcases.SaveFilterAndSorting"/>
  <testcase name="VerifyTotalReviewsFor25" time="4.182" classname="com.b1.qa.testcases.SaveFilterAndSorting"/>
  <testcase name="VerifyTotalReviewsFor50" time="5.234" classname="com.b1.qa.testcases.SaveFilterAndSorting"/>
  <testcase name="VerifyTotalReviewsFor100" time="6.163" classname="com.b1.qa.testcases.SaveFilterAndSorting"/>
  <testcase name="VerifyTagsFunctionality" time="12.487" classname="com.b1.qa.testcases.SaveFilterAndSorting"/>
  <testcase name="AddFilter" time="1.284" classname="com.b1.qa.testcases.SaveFilterAndSorting"/>
  <testcase name="RemoveFilter" time="0.149" classname="com.b1.qa.testcases.SaveFilterAndSorting"/>
</testsuite> <!-- com.b1.qa.testcases.SaveFilterAndSorting -->
