<?xml version="1.0" encoding="UTF-8"?>
<!-- Generated by org.testng.reporters.JUnitReportReporter -->
<testsuite skipped="0" hostname="Testriq-L17" name="com.b1.qa.testcases.DemoPageMyProfileUserTest" tests="16" failures="0" timestamp="13 May 2019 10:02:35 GMT" time="46.937" errors="0">
  <testcase name="clickOnContextAndSelectgeostix" time="7.079" classname="com.b1.qa.testcases.DemoPageMyProfileUserTest"/>
  <testcase name="GoTOAccount" time="0.761" classname="com.b1.qa.testcases.DemoPageMyProfileUserTest"/>
  <testcase name="GoTOUser" time="0.758" classname="com.b1.qa.testcases.DemoPageMyProfileUserTest"/>
  <testcase name="GoTOAddUser" time="0.898" classname="com.b1.qa.testcases.DemoPageMyProfileUserTest"/>
  <testcase name="GoTOAddUserDetails" time="4.973" classname="com.b1.qa.testcases.DemoPageMyProfileUserTest"/>
  <testcase name="GoTOVerifyUserDetails" time="3.130" classname="com.b1.qa.testcases.DemoPageMyProfileUserTest"/>
  <testcase name="GoTOSearchUserDetailsPage" time="2.346" classname="com.b1.qa.testcases.DemoPageMyProfileUserTest"/>
  <testcase name="GoTODeletUserDetailsUsingFirstName" time="3.497" classname="com.b1.qa.testcases.DemoPageMyProfileUserTest"/>
  <testcase name="GoTODeletUserDetailsUsingLastName" time="1.473" classname="com.b1.qa.testcases.DemoPageMyProfileUserTest"/>
  <testcase name="GoTODeletUserDetailsForMail" time="4.753" classname="com.b1.qa.testcases.DemoPageMyProfileUserTest"/>
  <testcase name="GoTOOptionBtn" time="0.038" classname="com.b1.qa.testcases.DemoPageMyProfileUserTest"/>
  <testcase name="GoTOSelectOptionBtn" time="1.104" classname="com.b1.qa.testcases.DemoPageMyProfileUserTest"/>
  <testcase name="GoTOCreatFilter" time="1.410" classname="com.b1.qa.testcases.DemoPageMyProfileUserTest"/>
  <testcase name="GoToVerifyCreatedFilter" time="9.888" classname="com.b1.qa.testcases.DemoPageMyProfileUserTest"/>
  <testcase name="GoTOResetFilter" time="2.098" classname="com.b1.qa.testcases.DemoPageMyProfileUserTest"/>
  <testcase name="GoTOVerifySavedFilter" time="2.731" classname="com.b1.qa.testcases.DemoPageMyProfileUserTest"/>
</testsuite> <!-- com.b1.qa.testcases.DemoPageMyProfileUserTest -->
