<?xml version="1.0" encoding="UTF-8"?>
<!-- Generated by org.testng.reporters.JUnitReportReporter -->
<testsuite skipped="0" hostname="Testriq-L17" name="com.qa.IgniteTestcases.ReportsPage_TestRailTest" tests="9" failures="0" timestamp="14 May 2020 06:46:11 GMT" time="102.877" errors="0">
  <testcase name="clickOnDefaultLocationAndGeostixAutomation" time="14.648" classname="com.qa.IgniteTestcases.ReportsPage_TestRailTest"/>
  <testcase name="C794_VerifyClickon_ReportsTab" time="7.712" classname="com.qa.IgniteTestcases.ReportsPage_TestRailTest"/>
  <testcase name="C1035_VerifyeachtabonReportsmenu" time="2.641" classname="com.qa.IgniteTestcases.ReportsPage_TestRailTest"/>
  <testcase name="C795_Report_VerifyallUIelementarepresent" time="4.587" classname="com.qa.IgniteTestcases.ReportsPage_TestRailTest"/>
  <testcase name="C1164_VerifyExporttableoptionwithcsvformat" time="10.692" classname="com.qa.IgniteTestcases.ReportsPage_TestRailTest"/>
  <testcase name="C1165_VerifyExporttableoptionwithxlsformat" time="21.336" classname="com.qa.IgniteTestcases.ReportsPage_TestRailTest"/>
  <testcase name="C1038_VerifyExporttableoptionwithTABformat" time="17.659" classname="com.qa.IgniteTestcases.ReportsPage_TestRailTest"/>
  <testcase name="C797_Flexmonster_VerifyallUIelementarepresent" time="16.380" classname="com.qa.IgniteTestcases.ReportsPage_TestRailTest"/>
  <testcase name="C798_InstantUpdateReport_VerifyallUIelementarepresent" time="7.222" classname="com.qa.IgniteTestcases.ReportsPage_TestRailTest"/>
</testsuite> <!-- com.qa.IgniteTestcases.ReportsPage_TestRailTest -->
