<?xml version="1.0" encoding="UTF-8"?>
<!-- Generated by org.testng.reporters.JUnitReportReporter -->
<testsuite skipped="0" hostname="Testriq-L17" name="com.qa.IgniteTestcases.MonitorUIPageTest" tests="12" failures="0" timestamp="13 Apr 2020 11:12:05 GMT" time="45.881" errors="0">
  <testcase name="clickOnDefaultLocationAndGeostixAutomation" time="15.918" classname="com.qa.IgniteTestcases.MonitorUIPageTest"/>
  <testcase name="GoToMonitorTab" time="2.118" classname="com.qa.IgniteTestcases.MonitorUIPageTest"/>
  <testcase name="VerifyMonitorsTab" time="2.162" classname="com.qa.IgniteTestcases.MonitorUIPageTest"/>
  <testcase name="VerifyMonitor_ReviewMonitorTab" time="3.094" classname="com.qa.IgniteTestcases.MonitorUIPageTest"/>
  <testcase name="C1033_VerifyFilterOn_ReviewMonitorPage" time="5.734" classname="com.qa.IgniteTestcases.MonitorUIPageTest"/>
  <testcase name="ClickOnMonitor_JobSchedulerTab" time="2.143" classname="com.qa.IgniteTestcases.MonitorUIPageTest"/>
  <testcase name="VerifyMonitor_JobSchedulerTab_generalSettings" time="3.104" classname="com.qa.IgniteTestcases.MonitorUIPageTest"/>
  <testcase name="VerifyMonitor_JobSchedulerTab_AcquisitionSettings" time="2.512" classname="com.qa.IgniteTestcases.MonitorUIPageTest"/>
  <testcase name="VerifyMonitor_JobSchedulerTab_MatchSettings" time="2.328" classname="com.qa.IgniteTestcases.MonitorUIPageTest"/>
  <testcase name="VerifyMonitor_JobSchedulerTab_ClaimingSettings" time="2.373" classname="com.qa.IgniteTestcases.MonitorUIPageTest"/>
  <testcase name="ClickOnMonitor_ConfigurationTab" time="2.123" classname="com.qa.IgniteTestcases.MonitorUIPageTest"/>
  <testcase name="VerifyMonitor_ConfigurationTab" time="2.272" classname="com.qa.IgniteTestcases.MonitorUIPageTest"/>
</testsuite> <!-- com.qa.IgniteTestcases.MonitorUIPageTest -->
