<?xml version="1.0" encoding="UTF-8"?>
<!-- Generated by org.testng.reporters.JUnitReportReporter -->
<testsuite skipped="0" hostname="Testriq-L17" name="com.qa.Prod_IgniteUIPageTestcases.Prod_AdminToolsPageTest" tests="7" failures="0" timestamp="05 Jun 2020 12:48:51 GMT" time="126.590" errors="0">
  <testcase name="clickOnProd_DefaultLocationAndGeostixAutomation" time="16.784" classname="com.qa.Prod_IgniteUIPageTestcases.Prod_AdminToolsPageTest"/>
  <testcase name="C1398_VerifyClickon_AdminToolsTab" time="7.033" classname="com.qa.Prod_IgniteUIPageTestcases.Prod_AdminToolsPageTest"/>
  <testcase name="C1397_ProspectManager_VerifyallUIelementarepresent" time="6.424" classname="com.qa.Prod_IgniteUIPageTestcases.Prod_AdminToolsPageTest"/>
  <testcase name="C1396_CompetitiveAnalysisBuilder_VerifyallUIelementarepresent" time="20.264" classname="com.qa.Prod_IgniteUIPageTestcases.Prod_AdminToolsPageTest"/>
  <testcase name="C1395_ContractBuilder_VerifyallUIelementarepresent" time="15.767" classname="com.qa.Prod_IgniteUIPageTestcases.Prod_AdminToolsPageTest"/>
  <testcase name="C1394_AccountManagement_VerifyallUIelementarepresent" time="42.542" classname="com.qa.Prod_IgniteUIPageTestcases.Prod_AdminToolsPageTest"/>
  <testcase name="C1393_CustomInvoiceBuilder_VerifyallUIelementarepresent" time="17.776" classname="com.qa.Prod_IgniteUIPageTestcases.Prod_AdminToolsPageTest"/>
</testsuite> <!-- com.qa.Prod_IgniteUIPageTestcases.Prod_AdminToolsPageTest -->
