<?xml version="1.0" encoding="UTF-8"?>
<!-- Generated by org.testng.reporters.JUnitReportReporter -->
<testsuite skipped="0" hostname="Testriq-L17" name="com.b1.qa.testcases.BrandifyLocationPageTest" tests="16" failures="0" timestamp="23 Mar 2020 04:50:52 GMT" time="100.819" errors="0">
  <testcase name="clickOnContextAndBrandify" time="11.011" classname="com.b1.qa.testcases.BrandifyLocationPageTest"/>
  <testcase name="VerifyLocationCreateOnCheck" time="7.234" classname="com.b1.qa.testcases.BrandifyLocationPageTest"/>
  <testcase name="verifyListingOncheck" time="13.613" classname="com.b1.qa.testcases.BrandifyLocationPageTest"/>
  <testcase name="clickOnLocationOVerview" time="6.749" classname="com.b1.qa.testcases.BrandifyLocationPageTest"/>
  <testcase name="LocationDetailsData" time="4.630" classname="com.b1.qa.testcases.BrandifyLocationPageTest"/>
  <testcase name="selectCountry" time="2.419" classname="com.b1.qa.testcases.BrandifyLocationPageTest"/>
  <testcase name="checkAllTabs" time="0.248" classname="com.b1.qa.testcases.BrandifyLocationPageTest"/>
  <testcase name="ClickOnLocaionMap" time="0.209" classname="com.b1.qa.testcases.BrandifyLocationPageTest"/>
  <testcase name="VerifyLocationMap" time="0.299" classname="com.b1.qa.testcases.BrandifyLocationPageTest"/>
  <testcase name="clickOnCreateLocation" time="0.577" classname="com.b1.qa.testcases.BrandifyLocationPageTest"/>
  <testcase name="ClickOnLocationApproval" time="9.341" classname="com.b1.qa.testcases.BrandifyLocationPageTest"/>
  <testcase name="ClickOnListMatching" time="10.862" classname="com.b1.qa.testcases.BrandifyLocationPageTest"/>
  <testcase name="ClickOnEditListing" time="6.171" classname="com.b1.qa.testcases.BrandifyLocationPageTest"/>
  <testcase name="VerifyListing" time="9.221" classname="com.b1.qa.testcases.BrandifyLocationPageTest"/>
  <testcase name="DeleteLocation" time="10.214" classname="com.b1.qa.testcases.BrandifyLocationPageTest"/>
  <testcase name="DeleteApprovalHistory" time="8.021" classname="com.b1.qa.testcases.BrandifyLocationPageTest"/>
</testsuite> <!-- com.b1.qa.testcases.BrandifyLocationPageTest -->
