<?xml version="1.0" encoding="UTF-8"?>
<!-- Generated by org.testng.reporters.JUnitReportReporter -->
<testsuite skipped="0" hostname="Testriq-L17" name="com.b1.qa.testcases.LocationGUITest" tests="26" failures="0" timestamp="23 Mar 2020 05:16:18 GMT" time="104.249" errors="0">
  <testcase name="clickOnContextAndBrandify" time="12.600" classname="com.b1.qa.testcases.LocationGUITest"/>
  <testcase name="CheckAddLocationEnable" time="10.738" classname="com.b1.qa.testcases.LocationGUITest"/>
  <testcase name="ClickOnAddLocation" time="5.186" classname="com.b1.qa.testcases.LocationGUITest"/>
  <testcase name="VerifyLocationTabs" time="2.366" classname="com.b1.qa.testcases.LocationGUITest"/>
  <testcase name="verifyDetailTab" time="2.863" classname="com.b1.qa.testcases.LocationGUITest"/>
  <testcase name="VerifyMapTab" time="2.602" classname="com.b1.qa.testcases.LocationGUITest"/>
  <testcase name="VerifySEOTab" time="2.443" classname="com.b1.qa.testcases.LocationGUITest"/>
  <testcase name="VerifyHoursTab" time="2.821" classname="com.b1.qa.testcases.LocationGUITest"/>
  <testcase name="VerifyOfferingTab" time="3.668" classname="com.b1.qa.testcases.LocationGUITest"/>
  <testcase name="VerifyMediaTab" time="2.264" classname="com.b1.qa.testcases.LocationGUITest"/>
  <testcase name="VerifyCustomTab" time="2.332" classname="com.b1.qa.testcases.LocationGUITest"/>
  <testcase name="VerifyFiltersNTabs" time="2.362" classname="com.b1.qa.testcases.LocationGUITest"/>
  <testcase name="LocationDetailsData" time="7.402" classname="com.b1.qa.testcases.LocationGUITest"/>
  <testcase name="selectCountry" time="2.418" classname="com.b1.qa.testcases.LocationGUITest"/>
  <testcase name="clickOnCreateLocation" time="0.478" classname="com.b1.qa.testcases.LocationGUITest"/>
  <testcase name="VerifydefaultFieldsforDetailsTab" time="8.554" classname="com.b1.qa.testcases.LocationGUITest"/>
  <testcase name="VerifydefaultFieldsforMapTab" time="2.175" classname="com.b1.qa.testcases.LocationGUITest"/>
  <testcase name="VerifydefaultFieldsforSEOTab" time="2.324" classname="com.b1.qa.testcases.LocationGUITest"/>
  <testcase name="VerifydefaultFieldsforHoursTab" time="2.505" classname="com.b1.qa.testcases.LocationGUITest"/>
  <testcase name="VerifydefaultFieldsforOfferingsTab" time="2.340" classname="com.b1.qa.testcases.LocationGUITest"/>
  <testcase name="VerifydefaultFieldsforMediaTab" time="2.142" classname="com.b1.qa.testcases.LocationGUITest"/>
  <testcase name="VerifydefaultFieldsforProfileURLsTab" time="2.118" classname="com.b1.qa.testcases.LocationGUITest"/>
  <testcase name="VerifydefaultFieldsforCustomsTab" time="2.213" classname="com.b1.qa.testcases.LocationGUITest"/>
  <testcase name="VerifydefaultFieldsforHistoryTab" time="3.029" classname="com.b1.qa.testcases.LocationGUITest"/>
  <testcase name="VerifydefaultFieldsforInternalsTab" time="6.467" classname="com.b1.qa.testcases.LocationGUITest"/>
  <testcase name="DeleteCreatedLocation" time="7.839" classname="com.b1.qa.testcases.LocationGUITest"/>
</testsuite> <!-- com.b1.qa.testcases.LocationGUITest -->
