<?xml version="1.0" encoding="UTF-8"?>
<!-- Generated by org.testng.reporters.JUnitReportReporter -->
<testsuite skipped="0" hostname="Testriq-L17" name="com.qa.IgniteTestcases.LaunchpadUIPageTest" tests="9" failures="0" timestamp="17 Mar 2020 08:04:00 GMT" time="35.199" errors="0">
  <testcase name="clickOnDefaultLocationAndGeostixAutomation" time="13.325" classname="com.qa.IgniteTestcases.LaunchpadUIPageTest"/>
  <testcase name="VerifyPageTabs" time="1.719" classname="com.qa.IgniteTestcases.LaunchpadUIPageTest"/>
  <testcase name="GoToLaunchPad" time="3.161" classname="com.qa.IgniteTestcases.LaunchpadUIPageTest"/>
  <testcase name="VerifyLaunchPad" time="2.390" classname="com.qa.IgniteTestcases.LaunchpadUIPageTest"/>
  <testcase name="VerifySwitchToLineChart_ChannelsPerformance" time="5.208" classname="com.qa.IgniteTestcases.LaunchpadUIPageTest"/>
  <testcase name="VerifySwitchToLineChart_LocationDataQualitySummary" time="2.055" classname="com.qa.IgniteTestcases.LaunchpadUIPageTest"/>
  <testcase name="VerifySwitchToPieChart" time="2.165" classname="com.qa.IgniteTestcases.LaunchpadUIPageTest"/>
  <testcase name="VerifySwitchToPieChart_ChannelPerformance" time="3.137" classname="com.qa.IgniteTestcases.LaunchpadUIPageTest"/>
  <testcase name="VerifySwitchToPieChart_LocationDataQualitySummary" time="2.039" classname="com.qa.IgniteTestcases.LaunchpadUIPageTest"/>
</testsuite> <!-- com.qa.IgniteTestcases.LaunchpadUIPageTest -->
