<?xml version="1.0" encoding="UTF-8"?>
<!-- Generated by org.testng.reporters.JUnitReportReporter -->
<testsuite skipped="0" hostname="Testriq-L17" name="com.b1.qa.DemoPageTestcases.DemoPageCustomPropertiesTest" tests="12" failures="0" timestamp="16 May 2019 08:00:24 GMT" time="37.189" errors="0">
  <testcase name="clickOnContextAndSelectgeostix" time="7.628" classname="com.b1.qa.DemoPageTestcases.DemoPageCustomPropertiesTest"/>
  <testcase name="GoTOAccount" time="0.535" classname="com.b1.qa.DemoPageTestcases.DemoPageCustomPropertiesTest"/>
  <testcase name="VerifyAccountCustom" time="2.252" classname="com.b1.qa.DemoPageTestcases.DemoPageCustomPropertiesTest"/>
  <testcase name="VerifyCustomPropTab" time="0.144" classname="com.b1.qa.DemoPageTestcases.DemoPageCustomPropertiesTest"/>
  <testcase name="VerifyAddCustom" time="0.208" classname="com.b1.qa.DemoPageTestcases.DemoPageCustomPropertiesTest"/>
  <testcase name="VerifyAddCustomProperty" time="1.497" classname="com.b1.qa.DemoPageTestcases.DemoPageCustomPropertiesTest"/>
  <testcase name="VerifyNewAddedCustomRecord" time="3.188" classname="com.b1.qa.DemoPageTestcases.DemoPageCustomPropertiesTest"/>
  <testcase name="VerifynavigateToLocation" time="8.562" classname="com.b1.qa.DemoPageTestcases.DemoPageCustomPropertiesTest"/>
  <testcase name="VerifyAllLableNames" time="0.164" classname="com.b1.qa.DemoPageTestcases.DemoPageCustomPropertiesTest"/>
  <testcase name="GoTOAccountPage" time="2.349" classname="com.b1.qa.DemoPageTestcases.DemoPageCustomPropertiesTest"/>
  <testcase name="VerifydeleteCustomProp" time="5.321" classname="com.b1.qa.DemoPageTestcases.DemoPageCustomPropertiesTest"/>
  <testcase name="ReverifyDeletedCustomProperty" time="5.341" classname="com.b1.qa.DemoPageTestcases.DemoPageCustomPropertiesTest"/>
</testsuite> <!-- com.b1.qa.DemoPageTestcases.DemoPageCustomPropertiesTest -->
