<?xml version="1.0" encoding="UTF-8"?>
<!-- Generated by org.testng.reporters.JUnitReportReporter -->
<testsuite skipped="0" hostname="Testriq-L17" name="com.b1.qa.testcases.UpdateLocationDetailsTest" tests="12" failures="0" timestamp="23 Mar 2020 07:05:13 GMT" time="201.820" errors="0">
  <testcase name="clickOnContextAndBrandify" time="10.973" classname="com.b1.qa.testcases.UpdateLocationDetailsTest"/>
  <testcase name="VerifyTaxonomy" time="25.260" classname="com.b1.qa.testcases.UpdateLocationDetailsTest"/>
  <testcase name="VerifyListingForGoogleOnSEOTab" time="67.570" classname="com.b1.qa.testcases.UpdateLocationDetailsTest"/>
  <testcase name="clickOnLocationOVerview" time="6.496" classname="com.b1.qa.testcases.UpdateLocationDetailsTest"/>
  <testcase name="AddLocationDetailsData" time="3.867" classname="com.b1.qa.testcases.UpdateLocationDetailsTest"/>
  <testcase name="selectCountry" time="2.478" classname="com.b1.qa.testcases.UpdateLocationDetailsTest"/>
  <testcase name="AddLocationSEOData" time="2.050" classname="com.b1.qa.testcases.UpdateLocationDetailsTest"/>
  <testcase name="AddLocationOfferingsData" time="0.756" classname="com.b1.qa.testcases.UpdateLocationDetailsTest"/>
  <testcase name="clickOnCreateLocation" time="0.475" classname="com.b1.qa.testcases.UpdateLocationDetailsTest"/>
  <testcase name="UpdateCreatedLocationData" time="39.967" classname="com.b1.qa.testcases.UpdateLocationDetailsTest"/>
  <testcase name="VerifyUpdatedLocationData" time="33.139" classname="com.b1.qa.testcases.UpdateLocationDetailsTest"/>
  <testcase name="DeleteCreatedLocation" time="8.789" classname="com.b1.qa.testcases.UpdateLocationDetailsTest"/>
</testsuite> <!-- com.b1.qa.testcases.UpdateLocationDetailsTest -->
