<?xml version="1.0" encoding="UTF-8"?>
<!-- Generated by org.testng.reporters.JUnitReportReporter -->
<testsuite skipped="0" hostname="Testriq-L17" name="com.qa.Prod_IgniteUIPageTestcases.Prod_LocationsPageTest" tests="54" failures="0" timestamp="05 Jun 2020 13:30:35 GMT" time="498.311" errors="0">
  <testcase name="clickOnProd_DefaultLocationAndGeostixAutomation" time="17.922" classname="com.qa.Prod_IgniteUIPageTestcases.Prod_LocationsPageTest"/>
  <testcase name="C1553_Locationmenu_VerifyAllthetabsavailableonlocationpage" time="2.153" classname="com.qa.Prod_IgniteUIPageTestcases.Prod_LocationsPageTest"/>
  <testcase name="C1554_VerifydifferenttabsinLocationsmenu" time="6.156" classname="com.qa.Prod_IgniteUIPageTestcases.Prod_LocationsPageTest"/>
  <testcase name="C1555_VerifyUIelementsonLocationsManager" time="3.487" classname="com.qa.Prod_IgniteUIPageTestcases.Prod_LocationsPageTest"/>
  <testcase name="C1556_AddLocation_VerifyallUIelementarepresent" time="17.416" classname="com.qa.Prod_IgniteUIPageTestcases.Prod_LocationsPageTest"/>
  <testcase name="C1557_Advancesearch_VerifyallUIelementarepresent" time="15.143" classname="com.qa.Prod_IgniteUIPageTestcases.Prod_LocationsPageTest"/>
  <testcase name="C1558_PerformBasicSearch" time="10.360" classname="com.qa.Prod_IgniteUIPageTestcases.Prod_LocationsPageTest"/>
  <testcase name="C1559_PerformBasicSearchwithCountry" time="8.540" classname="com.qa.Prod_IgniteUIPageTestcases.Prod_LocationsPageTest"/>
  <testcase name="C1560_PerformBasicSearchwithSearchRadius" time="8.306" classname="com.qa.Prod_IgniteUIPageTestcases.Prod_LocationsPageTest"/>
  <testcase name="C1561_PerformBasicSearchusingKMasUOM" time="6.071" classname="com.qa.Prod_IgniteUIPageTestcases.Prod_LocationsPageTest"/>
  <testcase name="C1562_PerformBasicSearchusingMilesasUOM" time="6.298" classname="com.qa.Prod_IgniteUIPageTestcases.Prod_LocationsPageTest"/>
  <testcase name="C1563_PerformanAdvancedSearch" time="13.993" classname="com.qa.Prod_IgniteUIPageTestcases.Prod_LocationsPageTest"/>
  <testcase name="Verify_C1563_PerformAdvancedSearch" time="2.118" classname="com.qa.Prod_IgniteUIPageTestcases.Prod_LocationsPageTest"/>
  <testcase name="C1564_CreateaNewLocation" time="20.722" classname="com.qa.Prod_IgniteUIPageTestcases.Prod_LocationsPageTest"/>
  <testcase name="Verify_C1564_CreateNewLocation" time="2.075" classname="com.qa.Prod_IgniteUIPageTestcases.Prod_LocationsPageTest"/>
  <testcase name="Search_C1564_CreatedLocation" time="14.052" classname="com.qa.Prod_IgniteUIPageTestcases.Prod_LocationsPageTest"/>
  <testcase name="C1565_UpdateanExistingLocation" time="14.442" classname="com.qa.Prod_IgniteUIPageTestcases.Prod_LocationsPageTest"/>
  <testcase name="Verify_C1565_UpdateExistingLocation" time="2.110" classname="com.qa.Prod_IgniteUIPageTestcases.Prod_LocationsPageTest"/>
  <testcase name="C1567_MoveanExistingLocation" time="15.219" classname="com.qa.Prod_IgniteUIPageTestcases.Prod_LocationsPageTest"/>
  <testcase name="Verify_C1567_MoveExistingLocation" time="2.127" classname="com.qa.Prod_IgniteUIPageTestcases.Prod_LocationsPageTest"/>
  <testcase name="C1566_DeleteanExistingLocation" time="17.215" classname="com.qa.Prod_IgniteUIPageTestcases.Prod_LocationsPageTest"/>
  <testcase name="C1568_VerifyZoom_in_outandPanMap" time="20.314" classname="com.qa.Prod_IgniteUIPageTestcases.Prod_LocationsPageTest"/>
  <testcase name="C1569_Performbasicsearchwithaninaccuratematch" time="11.415" classname="com.qa.Prod_IgniteUIPageTestcases.Prod_LocationsPageTest"/>
  <testcase name="C1570_Performadvancedsearchwithnosearchcriteria" time="16.365" classname="com.qa.Prod_IgniteUIPageTestcases.Prod_LocationsPageTest"/>
  <testcase name="Verify_C1570_PerformAdvancedSearchWithNoSearchCriteria" time="4.686" classname="com.qa.Prod_IgniteUIPageTestcases.Prod_LocationsPageTest"/>
  <testcase name="C1571_Searchwithnosearchcriteria" time="16.692" classname="com.qa.Prod_IgniteUIPageTestcases.Prod_LocationsPageTest"/>
  <testcase name="C1572_Addlocationwithblankdata" time="13.962" classname="com.qa.Prod_IgniteUIPageTestcases.Prod_LocationsPageTest"/>
  <testcase name="C1573_Addnon_geocodedlocation" time="14.299" classname="com.qa.Prod_IgniteUIPageTestcases.Prod_LocationsPageTest"/>
  <testcase name="Verify_C1573_AddNon_GeocodedLocation" time="8.200" classname="com.qa.Prod_IgniteUIPageTestcases.Prod_LocationsPageTest"/>
  <testcase name="C1574_Performbasicsearchthatreturnsnosearchresults" time="6.768" classname="com.qa.Prod_IgniteUIPageTestcases.Prod_LocationsPageTest"/>
  <testcase name="Verify_C1574_PerformBasicSearchthatReturnsNoSearchResults" time="4.131" classname="com.qa.Prod_IgniteUIPageTestcases.Prod_LocationsPageTest"/>
  <testcase name="C1575_UserperformsbasicsearchusinganaddresswithintheUScountrybyselectingspecificcountry" time="13.554" classname="com.qa.Prod_IgniteUIPageTestcases.Prod_LocationsPageTest"/>
  <testcase name="C1576_UserperformsbasicsearchusinganaddressoutsidetheUScountrybyselectingspecificcountry" time="11.545" classname="com.qa.Prod_IgniteUIPageTestcases.Prod_LocationsPageTest"/>
  <testcase name="C1577_UserperformsanadvancedsearchusinganaddresswithintheUScountrywithoutselectingspecificcountry" time="14.654" classname="com.qa.Prod_IgniteUIPageTestcases.Prod_LocationsPageTest"/>
  <testcase name="Verify_C1577_UserPerformsAnAdvancedSearchUsingAddressWithinTheUSCountryWithoutSelectingSpecificCountry" time="4.591" classname="com.qa.Prod_IgniteUIPageTestcases.Prod_LocationsPageTest"/>
  <testcase name="C1578_UserperformsanadvancedsearchusinganaddressoutsidetheUScountrywithoutselectingspecificcountry" time="10.492" classname="com.qa.Prod_IgniteUIPageTestcases.Prod_LocationsPageTest"/>
  <testcase name="Verify_C1578_UserPerformsAdvancedSearchUsingAddressOutsideUSCountryWithoutSelectingSpecificCountry" time="3.624" classname="com.qa.Prod_IgniteUIPageTestcases.Prod_LocationsPageTest"/>
  <testcase name="C1579_UserperformsadvancedsearchusinganaddresswithintheUScountrybyselectingspecificcountry" time="9.084" classname="com.qa.Prod_IgniteUIPageTestcases.Prod_LocationsPageTest"/>
  <testcase name="Verify_C1579_UserPerformsAdvancedSearchUsingAddressWithinTheUSCountryBySelectingSpecificCountry" time="3.621" classname="com.qa.Prod_IgniteUIPageTestcases.Prod_LocationsPageTest"/>
  <testcase name="C1580_UserperformsanadvancedsearchusingaddressoutsidetheUScountrybyselectingspecificcountry" time="9.039" classname="com.qa.Prod_IgniteUIPageTestcases.Prod_LocationsPageTest"/>
  <testcase name="Verify_C1580_UserPerformsAdvancedSearchUsingAddressOutsideTheUSCountryBySelectingSpecificCountry" time="3.605" classname="com.qa.Prod_IgniteUIPageTestcases.Prod_LocationsPageTest"/>
  <testcase name="C1583_Userperformsanadvancedsearchwithoutenteringanyvalidsearchcriteriaandbyselectingspecificcountry" time="8.883" classname="com.qa.Prod_IgniteUIPageTestcases.Prod_LocationsPageTest"/>
  <testcase name="Verify_C1583_UserPerformsAdvancedSearchWithoutEnteringAnyValidSearchCriteriaAndBySelectingSpecificCountry" time="4.177" classname="com.qa.Prod_IgniteUIPageTestcases.Prod_LocationsPageTest"/>
  <testcase name="C1584_Userperformsanadvancesearchandselectscountrywithstate" time="8.756" classname="com.qa.Prod_IgniteUIPageTestcases.Prod_LocationsPageTest"/>
  <testcase name="Verify_C1584_UserPerformsAdvanceSearchAndSelectsCountryWithState" time="2.113" classname="com.qa.Prod_IgniteUIPageTestcases.Prod_LocationsPageTest"/>
  <testcase name="C1585_Userperformsanadvancesearchandselectscountrywithoutstate" time="5.129" classname="com.qa.Prod_IgniteUIPageTestcases.Prod_LocationsPageTest"/>
  <testcase name="Verify_C1585_UserPerformsAdvanceSearchAndSelectsCountryWithoutState" time="4.129" classname="com.qa.Prod_IgniteUIPageTestcases.Prod_LocationsPageTest"/>
  <testcase name="C1581_UserPerformsBasicSearchWithoutEnteringValidAddressAndWithoutSelectingSpecificCountry" time="4.628" classname="com.qa.Prod_IgniteUIPageTestcases.Prod_LocationsPageTest"/>
  <testcase name="Verify_C1581_Userperformsbasicsearchwithoutenteringvalidaddressandwithoutselectingspecificcountry" time="6.680" classname="com.qa.Prod_IgniteUIPageTestcases.Prod_LocationsPageTest"/>
  <testcase name="C1582_Userperformsbasicsearchwithoutenteringvalidaddressandbyselectingspecificcountry" time="7.755" classname="com.qa.Prod_IgniteUIPageTestcases.Prod_LocationsPageTest"/>
  <testcase name="Verify_C1582_UserPerformsBasicSearchWithoutEnteringValidAddressAndBySelectingSpecificCountry" time="6.622" classname="com.qa.Prod_IgniteUIPageTestcases.Prod_LocationsPageTest"/>
  <testcase name="C1586_VerifyallUIelementarepresent" time="8.561" classname="com.qa.Prod_IgniteUIPageTestcases.Prod_LocationsPageTest"/>
  <testcase name="C1587_LocationListing_VerifyallUIelementarepresent" time="10.411" classname="com.qa.Prod_IgniteUIPageTestcases.Prod_LocationsPageTest"/>
  <testcase name="C1588_AdvanceSearch_VerifyAllUIElementArePresent" time="13.901" classname="com.qa.Prod_IgniteUIPageTestcases.Prod_LocationsPageTest"/>
</testsuite> <!-- com.qa.Prod_IgniteUIPageTestcases.Prod_LocationsPageTest -->
