<?xml version="1.0" encoding="UTF-8"?>
<!-- Generated by org.testng.reporters.JUnitReportReporter -->
<testsuite skipped="0" hostname="Testriq-L17" name="com.b1.qa.testcases.IgniteTabsVarificationTest" tests="22" failures="0" timestamp="17 Feb 2020 10:16:44 GMT" time="74.720" errors="0">
  <testcase name="LoginPage" time="15.023" classname="com.b1.qa.testcases.IgniteTabsVarificationTest"/>
  <testcase name="VerifyPageTabs" time="3.403" classname="com.b1.qa.testcases.IgniteTabsVarificationTest"/>
  <testcase name="VerifyLocationPage" time="5.630" classname="com.b1.qa.testcases.IgniteTabsVarificationTest"/>
  <testcase name="VerifyLocationTab" time="2.519" classname="com.b1.qa.testcases.IgniteTabsVarificationTest"/>
  <testcase name="ClickOnFiles" time="2.194" classname="com.b1.qa.testcases.IgniteTabsVarificationTest"/>
  <testcase name="VerifyFilesTab" time="2.558" classname="com.b1.qa.testcases.IgniteTabsVarificationTest"/>
  <testcase name="GoToSitesTab" time="2.159" classname="com.b1.qa.testcases.IgniteTabsVarificationTest"/>
  <testcase name="VerifySitesTab" time="3.915" classname="com.b1.qa.testcases.IgniteTabsVarificationTest"/>
  <testcase name="GoToClaiming" time="2.141" classname="com.b1.qa.testcases.IgniteTabsVarificationTest"/>
  <testcase name="VerifyClaimingTab" time="2.367" classname="com.b1.qa.testcases.IgniteTabsVarificationTest"/>
  <testcase name="ClickOnReportsTab" time="2.124" classname="com.b1.qa.testcases.IgniteTabsVarificationTest"/>
  <testcase name="VerifyReportsTab" time="7.257" classname="com.b1.qa.testcases.IgniteTabsVarificationTest"/>
  <testcase name="ClickOnLeads" time="2.121" classname="com.b1.qa.testcases.IgniteTabsVarificationTest"/>
  <testcase name="VerifyLeadsTab" time="2.286" classname="com.b1.qa.testcases.IgniteTabsVarificationTest"/>
  <testcase name="ClickOnAccounts" time="2.147" classname="com.b1.qa.testcases.IgniteTabsVarificationTest"/>
  <testcase name="VerifyAccountsTab" time="2.124" classname="com.b1.qa.testcases.IgniteTabsVarificationTest"/>
  <testcase name="ClickOnMonitors" time="2.125" classname="com.b1.qa.testcases.IgniteTabsVarificationTest"/>
  <testcase name="VerifyMonitorsTab" time="2.311" classname="com.b1.qa.testcases.IgniteTabsVarificationTest"/>
  <testcase name="ClickOnEtailer" time="2.082" classname="com.b1.qa.testcases.IgniteTabsVarificationTest"/>
  <testcase name="VerifyEtailersTab" time="2.374" classname="com.b1.qa.testcases.IgniteTabsVarificationTest"/>
  <testcase name="ClickOnAdminTools" time="2.080" classname="com.b1.qa.testcases.IgniteTabsVarificationTest"/>
  <testcase name="VerifyAdminToolsTab" time="3.780" classname="com.b1.qa.testcases.IgniteTabsVarificationTest"/>
</testsuite> <!-- com.b1.qa.testcases.IgniteTabsVarificationTest -->
