<?xml version="1.0" encoding="UTF-8"?>
<!-- Generated by org.testng.reporters.JUnitReportReporter -->
<testsuite skipped="0" hostname="Testriq-L17" name="com.qa.IgniteTestcases.SitesPageTest" tests="6" failures="0" timestamp="02 Apr 2020 11:56:13 GMT" time="42.259" errors="0">
  <testcase name="clickOnDefaultLocationAndGeostixAutomation" time="15.750" classname="com.qa.IgniteTestcases.SitesPageTest"/>
  <testcase name="GoToSitesTab" time="3.201" classname="com.qa.IgniteTestcases.SitesPageTest"/>
  <testcase name="C777_VerifyClickOn_SitesTab" time="3.411" classname="com.qa.IgniteTestcases.SitesPageTest"/>
  <testcase name="C778_Templates_VerifyAllUIElementArePresent" time="3.560" classname="com.qa.IgniteTestcases.SitesPageTest"/>
  <testcase name="C782_Events_VerifyAllUIElementArePresent" time="8.092" classname="com.qa.IgniteTestcases.SitesPageTest"/>
  <testcase name="C913_Events_VerifyUIElementsOnAddNewEventBtn" time="8.245" classname="com.qa.IgniteTestcases.SitesPageTest"/>
</testsuite> <!-- com.qa.IgniteTestcases.SitesPageTest -->
