<?xml version="1.0" encoding="UTF-8"?>
<!-- Generated by org.testng.reporters.JUnitReportReporter -->
<testsuite skipped="0" hostname="Testriq-L17" name="com.qa.IgniteTestcases.SitesPage_TestRailTest" tests="10" failures="0" timestamp="03 Jun 2020 10:09:09 GMT" time="100.474" errors="0">
  <testcase name="clickOnDefaultLocationAndGeostixAutomation" time="16.229" classname="com.qa.IgniteTestcases.SitesPage_TestRailTest"/>
  <testcase name="C777_VerifyClickonSitesTab" time="7.440" classname="com.qa.IgniteTestcases.SitesPage_TestRailTest"/>
  <testcase name="C778_Templates_VerifyallUIelementarepresent" time="3.278" classname="com.qa.IgniteTestcases.SitesPage_TestRailTest"/>
  <testcase name="C779_Configuration_VerifyallUIelementarepresent" time="11.352" classname="com.qa.IgniteTestcases.SitesPage_TestRailTest"/>
  <testcase name="C760_ConfigurationAdmin_VerifyallUIelementarepresent" time="23.742" classname="com.qa.IgniteTestcases.SitesPage_TestRailTest"/>
  <testcase name="C781_Coupons_VerifyallUIelementarepresent" time="9.079" classname="com.qa.IgniteTestcases.SitesPage_TestRailTest"/>
  <testcase name="C782_Events_VerifyallUIelementarepresent" time="7.782" classname="com.qa.IgniteTestcases.SitesPage_TestRailTest"/>
  <testcase name="C913_Events_VerifyUIelementsonAddNewEvent" time="7.781" classname="com.qa.IgniteTestcases.SitesPage_TestRailTest"/>
  <testcase name="C783_LocatorBuilder_VerifyallUIelementarepresent" time="7.098" classname="com.qa.IgniteTestcases.SitesPage_TestRailTest"/>
  <testcase name="C784_SnapCha_VerifyallUIelementarepresent" time="6.693" classname="com.qa.IgniteTestcases.SitesPage_TestRailTest"/>
</testsuite> <!-- com.qa.IgniteTestcases.SitesPage_TestRailTest -->
