<?xml version="1.0" encoding="UTF-8"?>
<!-- Generated by org.testng.reporters.JUnitReportReporter -->
<testsuite skipped="0" hostname="Testriq-L17" name="com.b1.qa.DemoPageTestcases.DemoPageMenuOptionsTest" tests="11" failures="0" timestamp="15 May 2019 08:16:39 GMT" time="98.977" errors="0">
  <testcase name="DemoPageDetails" time="0.029" classname="com.b1.qa.DemoPageTestcases.DemoPageMenuOptionsTest"/>
  <testcase name="clickOnContextAndSelectgeostix" time="6.790" classname="com.b1.qa.DemoPageTestcases.DemoPageMenuOptionsTest"/>
  <testcase name="verifylocationcheckBox" time="7.770" classname="com.b1.qa.DemoPageTestcases.DemoPageMenuOptionsTest"/>
  <testcase name="verifylocationMenu" time="6.005" classname="com.b1.qa.DemoPageTestcases.DemoPageMenuOptionsTest"/>
  <testcase name="ResetlocationCheckBox" time="4.280" classname="com.b1.qa.DemoPageTestcases.DemoPageMenuOptionsTest"/>
  <testcase name="ReviewSelectionverification" time="17.461" classname="com.b1.qa.DemoPageTestcases.DemoPageMenuOptionsTest"/>
  <testcase name="ReviewGoogleSelectionverification" time="19.715" classname="com.b1.qa.DemoPageTestcases.DemoPageMenuOptionsTest"/>
  <testcase name="ResetReviewCheckBox" time="8.600" classname="com.b1.qa.DemoPageTestcases.DemoPageMenuOptionsTest"/>
  <testcase name="ClickOnInsightsCheckBox" time="7.150" classname="com.b1.qa.DemoPageTestcases.DemoPageMenuOptionsTest"/>
  <testcase name="VerifyInsightsDropMenu" time="7.703" classname="com.b1.qa.DemoPageTestcases.DemoPageMenuOptionsTest"/>
  <testcase name="ResetInsightsCheckBoxAndVerify" time="13.474" classname="com.b1.qa.DemoPageTestcases.DemoPageMenuOptionsTest"/>
</testsuite> <!-- com.b1.qa.DemoPageTestcases.DemoPageMenuOptionsTest -->
