<?xml version="1.0" encoding="UTF-8"?>
<!-- Generated by org.testng.reporters.JUnitReportReporter -->
<testsuite skipped="0" hostname="DESKTOP-Q9J1O2G" name="com.b1.qa.testcases.InsightsBrandscorePageTest" tests="18" failures="0" timestamp="25 Mar 2019 09:09:24 GMT" time="11.664" errors="0">
  <testcase name="clickOnContextAndSelectBJ" time="6.096" classname="com.b1.qa.testcases.InsightsBrandscorePageTest"/>
  <testcase name="clickOnBrandscore" time="4.271" classname="com.b1.qa.testcases.InsightsBrandscorePageTest"/>
  <testcase name="VerifyHeaderForBrandscore" time="0.029" classname="com.b1.qa.testcases.InsightsBrandscorePageTest"/>
  <testcase name="VerifyBrandscoreData" time="0.103" classname="com.b1.qa.testcases.InsightsBrandscorePageTest"/>
  <testcase name="VerifyTotalBrandscoreRecords" time="0.249" classname="com.b1.qa.testcases.InsightsBrandscorePageTest"/>
  <testcase name="VerifyRecordsName" time="0.034" classname="com.b1.qa.testcases.InsightsBrandscorePageTest"/>
  <testcase name="VerifyListing" time="0.110" classname="com.b1.qa.testcases.InsightsBrandscorePageTest"/>
  <testcase name="VerifyHeaderForListings" time="0.063" classname="com.b1.qa.testcases.InsightsBrandscorePageTest"/>
  <testcase name="VerifyRecordsNameForListings" time="0.026" classname="com.b1.qa.testcases.InsightsBrandscorePageTest"/>
  <testcase name="VerifyEngagement" time="0.113" classname="com.b1.qa.testcases.InsightsBrandscorePageTest"/>
  <testcase name="VerifyHeaderForEngagement" time="0.105" classname="com.b1.qa.testcases.InsightsBrandscorePageTest"/>
  <testcase name="VerifyRecordsNameForEngagement" time="0.026" classname="com.b1.qa.testcases.InsightsBrandscorePageTest"/>
  <testcase name="VerifyReviews" time="0.104" classname="com.b1.qa.testcases.InsightsBrandscorePageTest"/>
  <testcase name="VerifyHeaderForReviews" time="0.122" classname="com.b1.qa.testcases.InsightsBrandscorePageTest"/>
  <testcase name="VerifyRecordsNameForReviews" time="0.023" classname="com.b1.qa.testcases.InsightsBrandscorePageTest"/>
  <testcase name="VerifySearch" time="0.150" classname="com.b1.qa.testcases.InsightsBrandscorePageTest"/>
  <testcase name="VerifyHeaderForSearch" time="0.016" classname="com.b1.qa.testcases.InsightsBrandscorePageTest"/>
  <testcase name="VerifyRecordsNameForSearch" time="0.024" classname="com.b1.qa.testcases.InsightsBrandscorePageTest"/>
</testsuite> <!-- com.b1.qa.testcases.InsightsBrandscorePageTest -->
