<?xml version="1.0" encoding="UTF-8"?>
<!-- Generated by org.testng.reporters.JUnitReportReporter -->
<testsuite skipped="0" hostname="Testriq-L17" name="com.b1.qa.DemoPageTestcases.DemoPageMyProfleTeamTest" tests="9" failures="0" timestamp="15 May 2019 08:31:00 GMT" time="27.798" errors="0">
  <testcase name="clickOnContextAndSelectgeostix" time="6.572" classname="com.b1.qa.DemoPageTestcases.DemoPageMyProfleTeamTest"/>
  <testcase name="GoTOTeams" time="2.442" classname="com.b1.qa.DemoPageTestcases.DemoPageMyProfleTeamTest"/>
  <testcase name="VerifyAlreadyPresentTeams" time="4.565" classname="com.b1.qa.DemoPageTestcases.DemoPageMyProfleTeamTest"/>
  <testcase name="GoTOAddnewTeams" time="0.167" classname="com.b1.qa.DemoPageTestcases.DemoPageMyProfleTeamTest"/>
  <testcase name="GoTOAddTeamName" time="0.389" classname="com.b1.qa.DemoPageTestcases.DemoPageMyProfleTeamTest"/>
  <testcase name="GoTOCheckBox" time="0.034" classname="com.b1.qa.DemoPageTestcases.DemoPageMyProfleTeamTest"/>
  <testcase name="GoTOLocationCheckBox" time="0.142" classname="com.b1.qa.DemoPageTestcases.DemoPageMyProfleTeamTest"/>
  <testcase name="GoTOCreateTeam" time="3.210" classname="com.b1.qa.DemoPageTestcases.DemoPageMyProfleTeamTest"/>
  <testcase name="GoTODeleteBtn" time="10.277" classname="com.b1.qa.DemoPageTestcases.DemoPageMyProfleTeamTest"/>
</testsuite> <!-- com.b1.qa.DemoPageTestcases.DemoPageMyProfleTeamTest -->
