<?xml version="1.0" encoding="UTF-8"?>
<!-- Generated by org.testng.reporters.JUnitReportReporter -->
<testsuite skipped="0" hostname="Testriq-L17" name="com.qa.IgniteTestcases.AccountsUIPageTest" tests="29" failures="0" timestamp="12 May 2020 04:30:14 GMT" time="116.850" errors="0">
  <testcase name="clickOnDefaultLocationAndGeostixAutomation" time="16.131" classname="com.qa.IgniteTestcases.AccountsUIPageTest"/>
  <testcase name="GoToAccounts" time="4.129" classname="com.qa.IgniteTestcases.AccountsUIPageTest"/>
  <testcase name="VerifyAccountsTab" time="2.407" classname="com.qa.IgniteTestcases.AccountsUIPageTest"/>
  <testcase name="VerifyAccount_UserSettings" time="2.283" classname="com.qa.IgniteTestcases.AccountsUIPageTest"/>
  <testcase name="VerifyAccount_UserSettings_AddNewUser" time="4.423" classname="com.qa.IgniteTestcases.AccountsUIPageTest"/>
  <testcase name="VerifyAccount_UserSettings_AddNewUserGroups" time="6.537" classname="com.qa.IgniteTestcases.AccountsUIPageTest"/>
  <testcase name="GoTOAccount_ClientInformation" time="2.165" classname="com.qa.IgniteTestcases.AccountsUIPageTest"/>
  <testcase name="VerifyAccount_ClientInformation_Errormessage" time="14.056" classname="com.qa.IgniteTestcases.AccountsUIPageTest"/>
  <testcase name="VerifyAccount_ClientInformation" time="2.300" classname="com.qa.IgniteTestcases.AccountsUIPageTest"/>
  <testcase name="VerifyAccount_ClientInformation_ClientDetails" time="3.469" classname="com.qa.IgniteTestcases.AccountsUIPageTest"/>
  <testcase name="VerifyAccount_ClientInformation_ProductDetails" time="2.552" classname="com.qa.IgniteTestcases.AccountsUIPageTest"/>
  <testcase name="VerifyAccount_ClientInformation_Notes" time="2.461" classname="com.qa.IgniteTestcases.AccountsUIPageTest"/>
  <testcase name="VerifyAccount_ClientInformation_Notes_AddNewAccountForm" time="2.857" classname="com.qa.IgniteTestcases.AccountsUIPageTest"/>
  <testcase name="VerifyAccount_ClientInformation_Attachments" time="2.346" classname="com.qa.IgniteTestcases.AccountsUIPageTest"/>
  <testcase name="VerifyAccount_ClientInformation_AccountContactInformation" time="2.746" classname="com.qa.IgniteTestcases.AccountsUIPageTest"/>
  <testcase name="VerifyAccount_ClientInformation_BillingContactInformation" time="2.421" classname="com.qa.IgniteTestcases.AccountsUIPageTest"/>
  <testcase name="VerifyAccount_ClientInformation_PipeLine" time="2.434" classname="com.qa.IgniteTestcases.AccountsUIPageTest"/>
  <testcase name="VerifyAccount_ClientInformation_ForeCast" time="2.580" classname="com.qa.IgniteTestcases.AccountsUIPageTest"/>
  <testcase name="VerifyAccount_ClientInformation_ContractInfo" time="2.534" classname="com.qa.IgniteTestcases.AccountsUIPageTest"/>
  <testcase name="VerifyAccount_ClientInformation_InvoiceInfo" time="2.661" classname="com.qa.IgniteTestcases.AccountsUIPageTest"/>
  <testcase name="VerifyAccount_ClientInformation_SchedulerInfo" time="2.347" classname="com.qa.IgniteTestcases.AccountsUIPageTest"/>
  <testcase name="GoToAccount_CreateAccount" time="2.197" classname="com.qa.IgniteTestcases.AccountsUIPageTest"/>
  <testcase name="VerifyAccount_CreateAccount_ClientInfo" time="10.193" classname="com.qa.IgniteTestcases.AccountsUIPageTest"/>
  <testcase name="VerifyAccount_CreateAccount_LegalandMarketingInfo" time="2.807" classname="com.qa.IgniteTestcases.AccountsUIPageTest"/>
  <testcase name="VerifyAccount_CreateAccount_ContactInfo" time="2.724" classname="com.qa.IgniteTestcases.AccountsUIPageTest"/>
  <testcase name="VerifyAccount_CreateAccount_AdministrativeAccountSetup" time="2.285" classname="com.qa.IgniteTestcases.AccountsUIPageTest"/>
  <testcase name="VerifyAccount_CreateAccount_LocatorConfiguration" time="2.524" classname="com.qa.IgniteTestcases.AccountsUIPageTest"/>
  <testcase name="GoToAccounts_LocatorInformation" time="2.202" classname="com.qa.IgniteTestcases.AccountsUIPageTest"/>
  <testcase name="VerifyAccount_LocatorInformation" time="6.079" classname="com.qa.IgniteTestcases.AccountsUIPageTest"/>
</testsuite> <!-- com.qa.IgniteTestcases.AccountsUIPageTest -->
