<?xml version="1.0" encoding="UTF-8"?>
<!-- Generated by org.testng.reporters.JUnitReportReporter -->
<testsuite skipped="0" hostname="Testriq-L17" name="com.b1.qa.testcases.LocationPage_TestRail_Test" tests="2" failures="0" timestamp="05 May 2020 05:56:18 GMT" time="25.387" errors="0">
  <testcase name="clickOnContextAndSelectCheesecake" time="8.162" classname="com.b1.qa.testcases.LocationPage_TestRail_Test"/>
  <testcase name="C649_Verifythepagination" time="17.225" classname="com.b1.qa.testcases.LocationPage_TestRail_Test"/>
</testsuite> <!-- com.b1.qa.testcases.LocationPage_TestRail_Test -->
