<?xml version="1.0" encoding="UTF-8"?>
<!-- Generated by org.testng.reporters.JUnitReportReporter -->
<testsuite skipped="0" hostname="Testriq-L17" name="com.b1.qa.testcases.AccountTeamTest" tests="9" failures="0" timestamp="05 Jun 2019 12:01:15 GMT" time="49.720" errors="0">
  <testcase name="clickOnContextAndSelectgeostix2" time="6.949" classname="com.b1.qa.testcases.AccountTeamTest"/>
  <testcase name="GoTOAccount" time="0.197" classname="com.b1.qa.testcases.AccountTeamTest"/>
  <testcase name="GoTOTeams" time="0.528" classname="com.b1.qa.testcases.AccountTeamTest"/>
  <testcase name="GoTOAddnewTeams" time="17.106" classname="com.b1.qa.testcases.AccountTeamTest"/>
  <testcase name="GoTOAddTeamName" time="0.497" classname="com.b1.qa.testcases.AccountTeamTest"/>
  <testcase name="GoTOCheckBox" time="0.038" classname="com.b1.qa.testcases.AccountTeamTest"/>
  <testcase name="GoTOLocationCheckBox" time="0.142" classname="com.b1.qa.testcases.AccountTeamTest"/>
  <testcase name="GoTOCreateTeam" time="1.276" classname="com.b1.qa.testcases.AccountTeamTest"/>
  <testcase name="GoTODeleteBtn" time="22.987" classname="com.b1.qa.testcases.AccountTeamTest"/>
</testsuite> <!-- com.b1.qa.testcases.AccountTeamTest -->
