<?xml version="1.0" encoding="UTF-8"?>
<!-- Generated by org.testng.reporters.JUnitReportReporter -->
<testsuite skipped="0" hostname="DESKTOP-Q9J1O2G" name="com.b1.qa.testcases.ReviewGUITest" tests="11" failures="0" timestamp="05 Apr 2019 12:31:00 GMT" time="36.327" errors="0">
  <testcase name="ReviewsPageSetup" time="12.718" classname="com.b1.qa.testcases.ReviewGUITest"/>
  <testcase name="selectAllPostingDate" time="3.199" classname="com.b1.qa.testcases.ReviewGUITest"/>
  <testcase name="preCannedFilter" time="2.180" classname="com.b1.qa.testcases.ReviewGUITest"/>
  <testcase name="bqlFilter" time="0.081" classname="com.b1.qa.testcases.ReviewGUITest"/>
  <testcase name="postingDateOptions" time="2.185" classname="com.b1.qa.testcases.ReviewGUITest"/>
  <testcase name="verifyReviewStatus" time="2.157" classname="com.b1.qa.testcases.ReviewGUITest"/>
  <testcase name="verifyRatings" time="2.087" classname="com.b1.qa.testcases.ReviewGUITest"/>
  <testcase name="verifySources" time="4.183" classname="com.b1.qa.testcases.ReviewGUITest"/>
  <testcase name="verifyReviewTextFilter" time="4.148" classname="com.b1.qa.testcases.ReviewGUITest"/>
  <testcase name="verifyAddFilter" time="0.025" classname="com.b1.qa.testcases.ReviewGUITest"/>
  <testcase name="verifyReviewText" time="3.364" classname="com.b1.qa.testcases.ReviewGUITest"/>
</testsuite> <!-- com.b1.qa.testcases.ReviewGUITest -->
