<?xml version="1.0" encoding="UTF-8"?>
<!-- Generated by org.testng.reporters.JUnitReportReporter -->
<testsuite skipped="0" hostname="DESKTOP-Q9J1O2G" name="com.b1.qa.testcases.ReviewsSourceProvider" tests="11" failures="0" timestamp="25 Feb 2019 07:20:06 GMT" time="50.511" errors="0">
  <testcase name="clickOnReviews" time="6.509" classname="com.b1.qa.testcases.ReviewsSourceProvider"/>
  <testcase name="clickOnContextAndSelectCheesecake" time="6.207" classname="com.b1.qa.testcases.ReviewsSourceProvider"/>
  <testcase name="clickOnPostingDate" time="7.205" classname="com.b1.qa.testcases.ReviewsSourceProvider"/>
  <testcase name="VerifyRespondFeature" time="5.542" classname="com.b1.qa.testcases.ReviewsSourceProvider"/>
  <testcase name="VerifySourceProvider" time="0.360" classname="com.b1.qa.testcases.ReviewsSourceProvider"/>
  <testcase name="CheckGoogleImage" time="3.415" classname="com.b1.qa.testcases.ReviewsSourceProvider"/>
  <testcase name="checkFacebookImage" time="5.623" classname="com.b1.qa.testcases.ReviewsSourceProvider"/>
  <testcase name="checkYelpImage" time="7.417" classname="com.b1.qa.testcases.ReviewsSourceProvider"/>
  <testcase name="verifyYelpSubmitOption" time="0.404" classname="com.b1.qa.testcases.ReviewsSourceProvider"/>
  <testcase name="checkTripAdvisorImage" time="7.425" classname="com.b1.qa.testcases.ReviewsSourceProvider"/>
  <testcase name="verifyTripAdvisorSubmitOption" time="0.404" classname="com.b1.qa.testcases.ReviewsSourceProvider"/>
</testsuite> <!-- com.b1.qa.testcases.ReviewsSourceProvider -->
