<?xml version="1.0" encoding="UTF-8"?>
<!-- Generated by org.testng.reporters.JUnitReportReporter -->
<testsuite skipped="0" hostname="Testriq-L17" name="com.qa.Prod_IgniteUIPageTestcases.Prod_EtailerPageTest" tests="10" failures="0" timestamp="05 Jun 2020 13:01:06 GMT" time="105.068" errors="0">
  <testcase name="clickOnProd_DefaultLocationAndGeostixAutomation" time="17.017" classname="com.qa.Prod_IgniteUIPageTestcases.Prod_EtailerPageTest"/>
  <testcase name="C1467_VerifyClickonEtailerTab" time="5.879" classname="com.qa.Prod_IgniteUIPageTestcases.Prod_EtailerPageTest"/>
  <testcase name="C1468_VerifyeachtabofEtailermenu" time="2.294" classname="com.qa.Prod_IgniteUIPageTestcases.Prod_EtailerPageTest"/>
  <testcase name="C1466_Configuration_VerifyallUIelementarepresent" time="11.943" classname="com.qa.Prod_IgniteUIPageTestcases.Prod_EtailerPageTest"/>
  <testcase name="C1465_ProviderRank_VerifyallUIelementarepresent" time="4.383" classname="com.qa.Prod_IgniteUIPageTestcases.Prod_EtailerPageTest"/>
  <testcase name="C1464_StoreRank_VerifyallUIelementarepresent" time="10.393" classname="com.qa.Prod_IgniteUIPageTestcases.Prod_EtailerPageTest"/>
  <testcase name="C1463_BrowseProducts_VerifyallUIelementarepresent" time="10.937" classname="com.qa.Prod_IgniteUIPageTestcases.Prod_EtailerPageTest"/>
  <testcase name="C1462_Providers_VerifyallUIelementarepresent" time="13.482" classname="com.qa.Prod_IgniteUIPageTestcases.Prod_EtailerPageTest"/>
  <testcase name="C1461_OnlineStore_VerifyallUIelementarepresent" time="22.954" classname="com.qa.Prod_IgniteUIPageTestcases.Prod_EtailerPageTest"/>
  <testcase name="C1460_DirectFeeds_VerifyallUIelementarepresent" time="5.786" classname="com.qa.Prod_IgniteUIPageTestcases.Prod_EtailerPageTest"/>
</testsuite> <!-- com.qa.Prod_IgniteUIPageTestcases.Prod_EtailerPageTest -->
