<?xml version="1.0" encoding="UTF-8"?>
<!-- Generated by org.testng.reporters.JUnitReportReporter -->
<testsuite skipped="0" hostname="DESKTOP-Q9J1O2G" name="com.b1.qa.testcases.HomePageTest" tests="1" failures="0" timestamp="14 Feb 2019 10:20:47 GMT" time="9.112" errors="0">
  <testcase name="verifySelectBJ" time="9.112" classname="com.b1.qa.testcases.HomePageTest"/>
</testsuite> <!-- com.b1.qa.testcases.HomePageTest -->
