<?xml version="1.0" encoding="UTF-8"?>
<!-- Generated by org.testng.reporters.JUnitReportReporter -->
<testsuite skipped="0" hostname="Testriq-L17" name="com.qa.Prod_IgniteUIPageTestcases.Prod_EtailerUIPageTest" tests="20" failures="0" timestamp="25 Mar 2020 12:53:40 GMT" time="116.741" errors="0">
  <testcase name="clickOnProd_DefaultLocationAndGeostixAutomation" time="31.952" classname="com.qa.Prod_IgniteUIPageTestcases.Prod_EtailerUIPageTest"/>
  <testcase name="ClickOnEtailer" time="2.084" classname="com.qa.Prod_IgniteUIPageTestcases.Prod_EtailerUIPageTest"/>
  <testcase name="VerifyEtailersTab" time="2.229" classname="com.qa.Prod_IgniteUIPageTestcases.Prod_EtailerUIPageTest"/>
  <testcase name="GoToEtailers_ConfigurationTab" time="2.098" classname="com.qa.Prod_IgniteUIPageTestcases.Prod_EtailerUIPageTest"/>
  <testcase name="VerifyEtailers_ConfigurationTab" time="13.522" classname="com.qa.Prod_IgniteUIPageTestcases.Prod_EtailerUIPageTest"/>
  <testcase name="GoToEtailers_ProviderRankTab" time="2.091" classname="com.qa.Prod_IgniteUIPageTestcases.Prod_EtailerUIPageTest"/>
  <testcase name="VerifyEtailers_ProviderRankTab" time="2.910" classname="com.qa.Prod_IgniteUIPageTestcases.Prod_EtailerUIPageTest"/>
  <testcase name="GoToEtailers_StoreRankTab" time="2.580" classname="com.qa.Prod_IgniteUIPageTestcases.Prod_EtailerUIPageTest"/>
  <testcase name="VerifyEtailers_StoreRankTab" time="2.202" classname="com.qa.Prod_IgniteUIPageTestcases.Prod_EtailerUIPageTest"/>
  <testcase name="VerifyEtailers_StoreRank_AddNewEntryTab" time="5.223" classname="com.qa.Prod_IgniteUIPageTestcases.Prod_EtailerUIPageTest"/>
  <testcase name="GoToEtailers_BrowseProductTab" time="2.111" classname="com.qa.Prod_IgniteUIPageTestcases.Prod_EtailerUIPageTest"/>
  <testcase name="VerifyEtailers_BrowseProductTab" time="2.370" classname="com.qa.Prod_IgniteUIPageTestcases.Prod_EtailerUIPageTest"/>
  <testcase name="VerifyEtailers_BrowseProduct_AddNewEntryTab" time="5.457" classname="com.qa.Prod_IgniteUIPageTestcases.Prod_EtailerUIPageTest"/>
  <testcase name="GoToEtailers_providersTab" time="2.112" classname="com.qa.Prod_IgniteUIPageTestcases.Prod_EtailerUIPageTest"/>
  <testcase name="VerifyEtailers_ProvidersTab" time="10.371" classname="com.qa.Prod_IgniteUIPageTestcases.Prod_EtailerUIPageTest"/>
  <testcase name="GoToEtailers_OnlineStoreTab" time="2.091" classname="com.qa.Prod_IgniteUIPageTestcases.Prod_EtailerUIPageTest"/>
  <testcase name="VerifyEtailers_OnlineStoreTab" time="14.574" classname="com.qa.Prod_IgniteUIPageTestcases.Prod_EtailerUIPageTest"/>
  <testcase name="VerifyEtailers_OnlineStore_AddNewEntryTab" time="6.482" classname="com.qa.Prod_IgniteUIPageTestcases.Prod_EtailerUIPageTest"/>
  <testcase name="GoToEtailers_DirectFeedsTab" time="2.120" classname="com.qa.Prod_IgniteUIPageTestcases.Prod_EtailerUIPageTest"/>
  <testcase name="VerifyEtailers_DirectFeedsTab" time="2.162" classname="com.qa.Prod_IgniteUIPageTestcases.Prod_EtailerUIPageTest"/>
</testsuite> <!-- com.qa.Prod_IgniteUIPageTestcases.Prod_EtailerUIPageTest -->
