<?xml version="1.0" encoding="UTF-8"?>
<!-- Generated by org.testng.reporters.JUnitReportReporter -->
<testsuite skipped="0" hostname="Testriq-L17" name="com.qa.Prod_IgniteUIPageTestcases.Prod_ReportsUIPageTest" tests="7" failures="0" timestamp="25 Mar 2020 08:22:25 GMT" time="49.180" errors="0">
  <testcase name="clickOnProd_DefaultLocationAndGeostixAutomation" time="23.091" classname="com.qa.Prod_IgniteUIPageTestcases.Prod_ReportsUIPageTest"/>
  <testcase name="ClickonReports" time="2.097" classname="com.qa.Prod_IgniteUIPageTestcases.Prod_ReportsUIPageTest"/>
  <testcase name="VerifyReportsTab" time="6.744" classname="com.qa.Prod_IgniteUIPageTestcases.Prod_ReportsUIPageTest"/>
  <testcase name="VerifyReport_ReportsTab" time="6.151" classname="com.qa.Prod_IgniteUIPageTestcases.Prod_ReportsUIPageTest"/>
  <testcase name="VerifyReport_LocalIntelligenceAnalysis" time="2.053" classname="com.qa.Prod_IgniteUIPageTestcases.Prod_ReportsUIPageTest"/>
  <testcase name="VerifyReport_FlexMonster" time="2.060" classname="com.qa.Prod_IgniteUIPageTestcases.Prod_ReportsUIPageTest"/>
  <testcase name="VerifyReport_InstantUpdateReport" time="6.984" classname="com.qa.Prod_IgniteUIPageTestcases.Prod_ReportsUIPageTest"/>
</testsuite> <!-- com.qa.Prod_IgniteUIPageTestcases.Prod_ReportsUIPageTest -->
