<?xml version="1.0" encoding="UTF-8"?>
<!-- Generated by org.testng.reporters.JUnitReportReporter -->
<testsuite skipped="0" hostname="Testriq-L17" name="com.b1.qa.DemoPageTestcases.DemoPageAccountSignOutTest" tests="4" failures="0" timestamp="31 May 2019 10:39:35 GMT" time="8.120" errors="0">
  <testcase name="clickOnContextAndSelectFR" time="7.341" classname="com.b1.qa.DemoPageTestcases.DemoPageAccountSignOutTest"/>
  <testcase name="checkReviewEnable" time="0.209" classname="com.b1.qa.DemoPageTestcases.DemoPageAccountSignOutTest"/>
  <testcase name="ClickOnSignOut" time="0.474" classname="com.b1.qa.DemoPageTestcases.DemoPageAccountSignOutTest"/>
  <testcase name="verifyHomePage" time="0.096" classname="com.b1.qa.DemoPageTestcases.DemoPageAccountSignOutTest"/>
</testsuite> <!-- com.b1.qa.DemoPageTestcases.DemoPageAccountSignOutTest -->
