<?xml version="1.0" encoding="UTF-8"?>
<!-- Generated by org.testng.reporters.JUnitReportReporter -->
<testsuite skipped="0" hostname="Testriq-L17" name="com.qa.Prod_IgniteUIPageTestcases.Prod_MonitorPageTest" tests="8" failures="0" timestamp="05 Jun 2020 13:32:49 GMT" time="48.946" errors="0">
  <testcase name="clickOnProd_DefaultLocationAndGeostixAutomation" time="19.101" classname="com.qa.Prod_IgniteUIPageTestcases.Prod_MonitorPageTest"/>
  <testcase name="C1641_VerifyClickon_MonitorTab" time="4.908" classname="com.qa.Prod_IgniteUIPageTestcases.Prod_MonitorPageTest"/>
  <testcase name="C1642_Verifyclickeachtab" time="2.264" classname="com.qa.Prod_IgniteUIPageTestcases.Prod_MonitorPageTest"/>
  <testcase name="C1639_ReviewMonitor_VerifyallUIelementarepresent" time="2.515" classname="com.qa.Prod_IgniteUIPageTestcases.Prod_MonitorPageTest"/>
  <testcase name="C1640_VerifyfilteronReviewMonitorpage" time="2.812" classname="com.qa.Prod_IgniteUIPageTestcases.Prod_MonitorPageTest"/>
  <testcase name="C1637_JobScheduler_VerifyallUIelementarepresent" time="2.150" classname="com.qa.Prod_IgniteUIPageTestcases.Prod_MonitorPageTest"/>
  <testcase name="VerifyMonitor_JobSchedulerTab_generalSettings" time="9.914" classname="com.qa.Prod_IgniteUIPageTestcases.Prod_MonitorPageTest"/>
  <testcase name="C1636_Configuration_VerifyallUIelementarepresent" time="5.282" classname="com.qa.Prod_IgniteUIPageTestcases.Prod_MonitorPageTest"/>
</testsuite> <!-- com.qa.Prod_IgniteUIPageTestcases.Prod_MonitorPageTest -->
