<?xml version="1.0" encoding="UTF-8"?>
<!-- Generated by org.testng.reporters.JUnitReportReporter -->
<testsuite skipped="0" hostname="Testriq-L17" name="com.b1.qa.testcases.AccountUserTest" tests="15" failures="0" timestamp="05 Jun 2019 13:12:01 GMT" time="42.214" errors="0">
  <testcase name="clickOnContextAndSelectgeostix2" time="7.186" classname="com.b1.qa.testcases.AccountUserTest"/>
  <testcase name="GoTOAccount" time="0.124" classname="com.b1.qa.testcases.AccountUserTest"/>
  <testcase name="GoTOUser" time="0.401" classname="com.b1.qa.testcases.AccountUserTest"/>
  <testcase name="GoTOAddUser" time="1.208" classname="com.b1.qa.testcases.AccountUserTest"/>
  <testcase name="GoTOAddUserDetails" time="4.716" classname="com.b1.qa.testcases.AccountUserTest"/>
  <testcase name="GoTOSearchUserDetailsPage" time="2.253" classname="com.b1.qa.testcases.AccountUserTest"/>
  <testcase name="GoTODeletUserDetailsUsingFirstName" time="3.022" classname="com.b1.qa.testcases.AccountUserTest"/>
  <testcase name="GoTODeletUserDetailsUsingLastName" time="1.442" classname="com.b1.qa.testcases.AccountUserTest"/>
  <testcase name="GoTODeletUserDetailsForMail" time="4.739" classname="com.b1.qa.testcases.AccountUserTest"/>
  <testcase name="GoTOOptionBtn" time="0.037" classname="com.b1.qa.testcases.AccountUserTest"/>
  <testcase name="GoTOSelectOptionBtn" time="1.118" classname="com.b1.qa.testcases.AccountUserTest"/>
  <testcase name="GoTOCreatFilter" time="1.343" classname="com.b1.qa.testcases.AccountUserTest"/>
  <testcase name="GoToVerifyCreatedFilter" time="9.645" classname="com.b1.qa.testcases.AccountUserTest"/>
  <testcase name="GoTOResetFilter" time="2.120" classname="com.b1.qa.testcases.AccountUserTest"/>
  <testcase name="GoTOVerifySavedFilter" time="2.860" classname="com.b1.qa.testcases.AccountUserTest"/>
</testsuite> <!-- com.b1.qa.testcases.AccountUserTest -->
