<?xml version="1.0" encoding="UTF-8"?>
<!-- Generated by org.testng.reporters.JUnitReportReporter -->
<testsuite skipped="0" hostname="Testriq-L17" name="com.qa.IgniteTestcases.FilesUIPageTest" tests="32" failures="0" timestamp="17 Mar 2020 08:04:00 GMT" time="98.172" errors="0">
  <testcase name="clickOnDefaultLocationAndGeostixAutomation" time="13.104" classname="com.qa.IgniteTestcases.FilesUIPageTest"/>
  <testcase name="ClickOnFiles" time="4.094" classname="com.qa.IgniteTestcases.FilesUIPageTest"/>
  <testcase name="Files_UploadTabs" time="2.567" classname="com.qa.IgniteTestcases.FilesUIPageTest"/>
  <testcase name="ClickOnFile_ScheduleTab" time="4.096" classname="com.qa.IgniteTestcases.FilesUIPageTest"/>
  <testcase name="Files_ScheduleTabs" time="3.386" classname="com.qa.IgniteTestcases.FilesUIPageTest"/>
  <testcase name="ClickOnRevert" time="2.095" classname="com.qa.IgniteTestcases.FilesUIPageTest"/>
  <testcase name="VerifyRevertTab" time="2.210" classname="com.qa.IgniteTestcases.FilesUIPageTest"/>
  <testcase name="ClickOnDownloads" time="2.094" classname="com.qa.IgniteTestcases.FilesUIPageTest"/>
  <testcase name="VerifyDownloadsData" time="2.380" classname="com.qa.IgniteTestcases.FilesUIPageTest"/>
  <testcase name="ClickOnAdmin_Downloads" time="2.090" classname="com.qa.IgniteTestcases.FilesUIPageTest"/>
  <testcase name="VerifyAdmin_DownloadsData" time="2.359" classname="com.qa.IgniteTestcases.FilesUIPageTest"/>
  <testcase name="ClickOnHistory" time="2.099" classname="com.qa.IgniteTestcases.FilesUIPageTest"/>
  <testcase name="Verify_HistoryTabData" time="2.277" classname="com.qa.IgniteTestcases.FilesUIPageTest"/>
  <testcase name="ClickOnFieldEditor" time="2.117" classname="com.qa.IgniteTestcases.FilesUIPageTest"/>
  <testcase name="Verify_FieldEditorData" time="2.137" classname="com.qa.IgniteTestcases.FilesUIPageTest"/>
  <testcase name="VerifyFieldEditor_ProductData" time="2.923" classname="com.qa.IgniteTestcases.FilesUIPageTest"/>
  <testcase name="VerifyFieldEditor_ProductDiscription" time="2.515" classname="com.qa.IgniteTestcases.FilesUIPageTest"/>
  <testcase name="VerifyFieldEditor_ProductDiscriptionDetails" time="2.691" classname="com.qa.IgniteTestcases.FilesUIPageTest"/>
  <testcase name="GotoFiles_DataCleansing" time="2.124" classname="com.qa.IgniteTestcases.FilesUIPageTest"/>
  <testcase name="VerifyFiles_DataCleansing" time="2.182" classname="com.qa.IgniteTestcases.FilesUIPageTest"/>
  <testcase name="VerifyFiles_DataCleansing_Start" time="2.203" classname="com.qa.IgniteTestcases.FilesUIPageTest"/>
  <testcase name="VerifyFiles_DataCleansing_FileSetUp" time="2.630" classname="com.qa.IgniteTestcases.FilesUIPageTest"/>
  <testcase name="VerifyFiles_DataCleansing_Options" time="2.646" classname="com.qa.IgniteTestcases.FilesUIPageTest"/>
  <testcase name="VerifyFiles_DataCleansing_Submit" time="2.241" classname="com.qa.IgniteTestcases.FilesUIPageTest"/>
  <testcase name="GotoFiles_DataCleansingHistory" time="2.103" classname="com.qa.IgniteTestcases.FilesUIPageTest"/>
  <testcase name="VerifyFiles_DataCleansingHistory" time="7.701" classname="com.qa.IgniteTestcases.FilesUIPageTest"/>
  <testcase name="GotoFiles_Configuration" time="2.092" classname="com.qa.IgniteTestcases.FilesUIPageTest"/>
  <testcase name="VerifyFiles_Configuration" time="2.152" classname="com.qa.IgniteTestcases.FilesUIPageTest"/>
  <testcase name="VerifyFiles_ConfigurationDetails" time="4.228" classname="com.qa.IgniteTestcases.FilesUIPageTest"/>
  <testcase name="GotoFiles_FieldGroupEditor" time="2.104" classname="com.qa.IgniteTestcases.FilesUIPageTest"/>
  <testcase name="VerifyFiles_FieldGroupEditor" time="2.658" classname="com.qa.IgniteTestcases.FilesUIPageTest"/>
  <testcase name="VerifyFiles_FieldGroupEditor_GroupNameDiscription" time="3.874" classname="com.qa.IgniteTestcases.FilesUIPageTest"/>
</testsuite> <!-- com.qa.IgniteTestcases.FilesUIPageTest -->
