<?xml version="1.0" encoding="UTF-8"?>
<!-- Generated by org.testng.reporters.JUnitReportReporter -->
<testsuite skipped="0" hostname="Testriq-L17" name="com.qa.IgniteTestcases.LeadsUIPageTest" tests="31" failures="0" timestamp="12 May 2020 10:10:44 GMT" time="266.071" errors="0">
  <testcase name="clickOnDefaultLocationAndGeostixAutomation" time="17.223" classname="com.qa.IgniteTestcases.LeadsUIPageTest"/>
  <testcase name="GoToLeadsTab" time="3.164" classname="com.qa.IgniteTestcases.LeadsUIPageTest"/>
  <testcase name="VerifyLeads_SubscribersTab" time="6.432" classname="com.qa.IgniteTestcases.LeadsUIPageTest"/>
  <testcase name="VerifyLeads_Subscribers_AddNewSubscribers" time="4.173" classname="com.qa.IgniteTestcases.LeadsUIPageTest"/>
  <testcase name="ClickOnLead_Messages" time="2.122" classname="com.qa.IgniteTestcases.LeadsUIPageTest"/>
  <testcase name="VerifyLead_Messages" time="3.965" classname="com.qa.IgniteTestcases.LeadsUIPageTest"/>
  <testcase name="VerifyLeads_Messages_ConfigureMessages" time="2.379" classname="com.qa.IgniteTestcases.LeadsUIPageTest"/>
  <testcase name="VerifyLeads_Messages_ScheduleMessages" time="4.493" classname="com.qa.IgniteTestcases.LeadsUIPageTest"/>
  <testcase name="VerifyLeads_Messages_ComposeMessages" time="4.748" classname="com.qa.IgniteTestcases.LeadsUIPageTest"/>
  <testcase name="VerifyLeads_ComposeMessage_CotainerBody" time="2.400" classname="com.qa.IgniteTestcases.LeadsUIPageTest"/>
  <testcase name="VerifyLeads_ComposeMessage_ContainerBody_Files" time="2.273" classname="com.qa.IgniteTestcases.LeadsUIPageTest"/>
  <testcase name="VerifyLeads_ComposeMessage_ContainerBody_Edit" time="36.121" classname="com.qa.IgniteTestcases.LeadsUIPageTest"/>
  <testcase name="VerifyLeads_ComposeMessage_ContainerBody_Insert" time="36.287" classname="com.qa.IgniteTestcases.LeadsUIPageTest"/>
  <testcase name="VerifyLeads_ComposeMessage_ContainerBody_View" time="34.134" classname="com.qa.IgniteTestcases.LeadsUIPageTest"/>
  <testcase name="VerifyLeads_ComposeMessage_ContainerBody_Format" time="34.164" classname="com.qa.IgniteTestcases.LeadsUIPageTest"/>
  <testcase name="VerifyLeads_ComposeMessage_ContainerBody_Table" time="4.044" classname="com.qa.IgniteTestcases.LeadsUIPageTest"/>
  <testcase name="VerifyLeads_ComposeMessage_ContainerBody_Tools" time="3.773" classname="com.qa.IgniteTestcases.LeadsUIPageTest"/>
  <testcase name="VerifyLeads_ComposeMessage_ContainerBody" time="3.595" classname="com.qa.IgniteTestcases.LeadsUIPageTest"/>
  <testcase name="ClickOnLeads_Campaigns" time="4.177" classname="com.qa.IgniteTestcases.LeadsUIPageTest"/>
  <testcase name="VerifyLeads_Campaigns" time="5.433" classname="com.qa.IgniteTestcases.LeadsUIPageTest"/>
  <testcase name="VerifyLeads_Campaigns_ConfigureYourCampaign" time="2.430" classname="com.qa.IgniteTestcases.LeadsUIPageTest"/>
  <testcase name="VerifyLeads_Campaigns_ConfigureYourCampaign_Channel" time="4.158" classname="com.qa.IgniteTestcases.LeadsUIPageTest"/>
  <testcase name="VerifyLeads_Campaigns_ConfigureYourCampaign_Type" time="4.204" classname="com.qa.IgniteTestcases.LeadsUIPageTest"/>
  <testcase name="VerifyLeads_Campaigns_SelectCampaigns_Options" time="11.986" classname="com.qa.IgniteTestcases.LeadsUIPageTest"/>
  <testcase name="VerifyLeads_Campaigns_Campaign_FormFields" time="4.021" classname="com.qa.IgniteTestcases.LeadsUIPageTest"/>
  <testcase name="VerifyLeads_Campaigns_Campaign_FormFieldsAvailableFields" time="4.587" classname="com.qa.IgniteTestcases.LeadsUIPageTest"/>
  <testcase name="VerifyLeads_Campaigns_Campaign_ActiveRules" time="8.148" classname="com.qa.IgniteTestcases.LeadsUIPageTest"/>
  <testcase name="ClickOnLeads_BatchSMS" time="3.651" classname="com.qa.IgniteTestcases.LeadsUIPageTest"/>
  <testcase name="VerifyLeads_BatchSMS" time="2.360" classname="com.qa.IgniteTestcases.LeadsUIPageTest"/>
  <testcase name="ClickOnLeads_Manager" time="2.638" classname="com.qa.IgniteTestcases.LeadsUIPageTest"/>
  <testcase name="VerifyLeads_ManagerTab" time="2.788" classname="com.qa.IgniteTestcases.LeadsUIPageTest"/>
</testsuite> <!-- com.qa.IgniteTestcases.LeadsUIPageTest -->
